terui@flopsy6 G-segments % fep asir
Welcome to fep! Editmode is emacs
I'm a front end processor for asir
History will be saved to .fephistory
This is Risa/Asir, full GMP Version 20230315 (Kobe Distribution).
Copyright (C) 1994-2000, all rights reserved, FUJITSU LABORATORIES LIMITED.
Copyright 2000-2021, Risa/Asir committers, http://www.openxm.org/.
GC 7.6.12 copyright 1988-2018, H-J. Boehm, A. J. Demers, Xerox, SGI, HP, I. Maidanski.
Debug windows of ox servers will not be opened. Set Xm_noX=0 to open it.
OpenXM/Risa/Asir-Contrib $Revision$ (20230107), Copyright 2000-2023, OpenXM.org committers
helph(); [html help], ox_help(0); ox_help("keyword"); ox_grep("keyword");
     for help messages (unix version only).
http://www.math.kobe-u.ac.jp/OpenXM/Current/doc/index-doc.html
[2077] load("F-27-1.rr")$
[2079] F_27_1;
[y,17721146597*z^2-2208763506661712*z+137420074952479134736,26591883511692904042992893*x^4+(-615800467531155867652384*z+5698710620813949784498329003563744)*x^2+263138101482771539450370560*z-366917232478721349827834637822720]

---

terui@flopsy6 G-segments % /Applications/Mathematica.app/Contents/MacOS/wolframscript
Wolfram Language 14.0.0 Engine for Mac OS X ARM (64-bit)
Copyright 1988-2023 Wolfram Research, Inc.

In[1]:= Reduce[Exists[{x, z}, 17721146597*z^2-2208763506661712*z+137420074952479134736 == 0 &&
 26591883511692904042992893*x^4+(-615800467531155867652384*z+569871062081394978449832900356374
4)*x^2+263138101482771539450370560*z-366917232478721349827834637822720 == 0], Reals]          

Out[1]= False

---

We see that the affine variety of F_27_1 do not contain real points.
