terui@flopsy6 G-segments % fep asir
Welcome to fep! Editmode is emacs
I'm a front end processor for asir
History will be saved to .fephistory
This is Risa/Asir, full GMP Version 20230315 (Kobe Distribution).
Copyright (C) 1994-2000, all rights reserved, FUJITSU LABORATORIES LIMITED.
Copyright 2000-2021, Risa/Asir committers, http://www.openxm.org/.
GC 7.6.12 copyright 1988-2018, H-J. Boehm, A. J. Demers, Xerox, SGI, HP, I. Maidanski.
Debug windows of ox servers will not be opened. Set Xm_noX=0 to open it.
OpenXM/Risa/Asir-Contrib $Revision$ (20230107), Copyright 2000-2023, OpenXM.org committers
helph(); [html help], ox_help(0); ox_help("keyword"); ox_grep("keyword");
     for help messages (unix version only).
http://www.math.kobe-u.ac.jp/OpenXM/Current/doc/index-doc.html
[2077] load("F-31-1.rr")$
[2079] G_31_1;
[0]

---

The affine variety of F_31_1 is equal to C^3

---

2080] load("F-31-2.rr")$
[2082] G_31_2[0];
289*y*x^10+(1445*y^3+(1156*z^2-144083840*z+4551567655808)*y)*x^8+(2890*y^5+(4624*z^2-576335360*z+18206270623232)*y^3+(1734*z^4-432251520*z^3+45005364641664*z^2-2251926957438504960*z+34875032956954317918208)*y)*x^6+(2890*y^7+(6936*z^2-864503040*z+27309405934848)*y^5+(5202*z^4-1296754560*z^3+135016093924992*z^2-6755780872315514880*z+104625098870862953754624)*y^3+(1156*z^6-432251520*z^5+76356026315904*z^4-7842224601700229120*z^3+489338713961476648148992*z^2-17462804643241847415870586880*z+273704073417554914599844072914944)*y)*x^4+(1445*y^9+(4624*z^2-576335360*z+18206270623232)*y^7+(5202*z^4-1296754560*z^3+135016093924992*z^2-6755780872315514880*z+104625098870862953754624)*y^5+(2312*z^6-864503040*z^5+152712052631808*z^4-15684449203400458240*z^3+978677427922953296297984*z^2-34925609286483694831741173760*z+547408146835109829199688145829888)*y^3+(289*z^8-144083840*z^7+35902229330048*z^6-5590297644261724160*z^5+591804676351367779553280*z^4-43350507622104266507019878400*z^3+2158936794510040852080300782518272*z^2-67188205426835993656982574062454702080*z+1045044696022418047606504018740389269733376)*y)*x^2+289*y^11+(1156*z^2-144083840*z+4551567655808)*y^9+(1734*z^4-432251520*z^3+45005364641664*z^2-2251926957438504960*z+34875032956954317918208)*y^7+(1156*z^6-432251520*z^5+76356026315904*z^4-7842224601700229120*z^3+489338713961476648148992*z^2-17462804643241847415870586880*z+273704073417554914599844072914944)*y^5+(289*z^8-144083840*z^7+35902229330048*z^6-5590297644261724160*z^5+591804676351367779553280*z^4-43350507622104266507019878400*z^3+2158936794510040852080300782518272*z^2-67188205426835993656982574062454702080*z+1045044696022418047606504018740389269733376)*y^3

---

terui@flopsy6 G-segments % /Applications/Mathematica.app/Contents/MacOS/wolframscript
Wolfram Language 14.0.0 Engine for Mac OS X ARM (64-bit)
Copyright 1988-2023 Wolfram Research, Inc.

In[1]:= f = 289*y*x^10+(1445*y^3+(1156*z^2-144083840*z+4551567655808)*y)*x^8+(2890*y^5+(462
4*z^2-576335360*z+18206270623232)*y^3+(1734*z^4-432251520*z^3+45005364641664*z^2-2251926957
438504960*z+34875032956954317918208)*y)*x^6+(2890*y^7+(6936*z^2-864503040*z+27309405934848)
*y^5+(5202*z^4-1296754560*z^3+135016093924992*z^2-6755780872315514880*z+1046250988708629537
54624)*y^3+(1156*z^6-432251520*z^5+76356026315904*z^4-7842224601700229120*z^3+4893387139614
76648148992*z^2-17462804643241847415870586880*z+273704073417554914599844072914944)*y)*x^4+(
1445*y^9+(4624*z^2-576335360*z+18206270623232)*y^7+(5202*z^4-1296754560*z^3+135016093924992
*z^2-6755780872315514880*z+104625098870862953754624)*y^5+(2312*z^6-864503040*z^5+1527120526
31808*z^4-15684449203400458240*z^3+978677427922953296297984*z^2-349256092864836948317411737
60*z+547408146835109829199688145829888)*y^3+(289*z^8-144083840*z^7+35902229330048*z^6-55902
97644261724160*z^5+591804676351367779553280*z^4-43350507622104266507019878400*z^3+215893679
4510040852080300782518272*z^2-67188205426835993656982574062454702080*z+10450446960224180476
06504018740389269733376)*y)*x^2+289*y^11+(1156*z^2-144083840*z+4551567655808)*y^9+(1734*z^4
-432251520*z^3+45005364641664*z^2-2251926957438504960*z+34875032956954317918208)*y^7+(1156*
z^6-432251520*z^5+76356026315904*z^4-7842224601700229120*z^3+489338713961476648148992*z^2-1
7462804643241847415870586880*z+273704073417554914599844072914944)*y^5+(289*z^8-144083840*z^
7+35902229330048*z^6-5590297644261724160*z^5+591804676351367779553280*z^4-43350507622104266
507019878400*z^3+2158936794510040852080300782518272*z^2-67188205426835993656982574062454702
080*z+1045044696022418047606504018740389269733376)*y^3;                                    

In[2]:= Reduce[Exists[{x,y,z}, f != 0], Reals]                                             

Out[2]= True

---

We see that there exists (x,y,z) in R^3 not belongs to the affine variety of G-31-2.
Thus, this partition contains real point(s).