terui@flopsy6 G-segments % fep asir                                                  
Welcome to fep! Editmode is emacs
I'm a front end processor for asir
History will be saved to .fephistory
This is Risa/Asir, full GMP Version 20230315 (Kobe Distribution).
Copyright (C) 1994-2000, all rights reserved, FUJITSU LABORATORIES LIMITED.
Copyright 2000-2021, Risa/Asir committers, http://www.openxm.org/.
GC 7.6.12 copyright 1988-2018, H-J. Boehm, A. J. Demers, Xerox, SGI, HP, I. Maidanski.
Debug windows of ox servers will not be opened. Set Xm_noX=0 to open it.
OpenXM/Risa/Asir-Contrib $Revision$ (20230107), Copyright 2000-2023, OpenXM.org committers
helph(); [html help], ox_help(0); ox_help("keyword"); ox_grep("keyword");
     for help messages (unix version only).
http://www.math.kobe-u.ac.jp/OpenXM/Current/doc/index-doc.html
[2077] load("F-0-1.rr")$
[2079] F_0_1;           
[y]

---

We see that the affine variety of F_0_1 contains real points.
(y = 0, x and z are arbitrary real numbers)

---

terui@flopsy6 G-segments % /Applications/Mathematica.app/Contents/MacOS/wolframscript
Wolfram Language 14.0.0 Engine for Mac OS X ARM (64-bit)
Copyright 1988-2023 Wolfram Research, Inc.

In[1]:= f = 83521*x^19+(417605*y^2+668168*z^2-83280459520*z+2630806105057024)*x^17+(835210*y^4
+(3006756*z^2-374762067840*z+11838627472756608)*y^2+2338588*z^4-582963216640*z^3+5729647813225
5488*z^2-2613228473136685752320*z+40874537174517128112857088)*x^15+(835210*y^6+(5345344*z^2-66
6243676160*z+21046448840456192)*y^4+(9354352*z^4-2331852866560*z^3+229185912529021952*z^2-1045
2913892546743009280*z+163498148698068512451428352)*y^2+4677176*z^6-1748889649920*z^5+288531940
587335424*z^4-26643196536934591774720*z^3+1422091343802410327465476096*z^2-4064295422636128908
5052389949440*z+475673098439569355395352988625141760)*x^13+(417605*y^8+(4677176*z^2-5829632166
40*z+18415642735399168)*y^6+(14532654*z^4-3622699989120*z^3+356785419174973824*z^2-16330177729
519842447360*z+255326107571662566555504640)*y^4+(16370116*z^6-6121113774720*z^5+10098617920556
73984*z^4-93251187879271071211520*z^3+4977319703308436146129166336*z^2-14225033979226451179768
3364823040*z+1664855844538492743883735460187996160)*y^2+5846470*z^8-2914816083200*z^7+67529074
4629840640*z^6-94017555587622672588800*z^5+8521596279919285832217960448*z^4-510678191113787791
129801263677440*z^3+19577703883581700083810274510545879040*z^2-4337457778823878298697910443707
60833433600*z+4311868973710089766750124513086243223787012096)*x^11+(83521*y^10+(2004504*z^2-24
9841378560*z+7892418315171072)*y^8+(10857730*z^4-2706614934400*z^3+268205563673344640*z^2-1240
5334564645926809600*z+193734802271747906086514688)*y^6+(21715460*z^6-8119844803200*z^5+1342527
515853601920*z^4-124427190235988395417600*z^3+6682248823780579976224759808*z^2-192986795102419
588689108953989120*z+2298729897413408839917798322957975552)*y^4+(17539410*z^8-8744448249600*z^
7+2025872233889521920*z^6-282052666762868017766400*z^5+25564788839757857496653881344*z^4-15320
34573341363373389403791032320*z^3+58733111650745100251430823531637637120*z^2-13012373336471634
89609373133112282500300800*z+12935606921130269300250373539258729671361036288)*y^2+4677176*z^10
-2914816083200*z^9+869694921614122240*z^8-161902826443878487654400*z^7+20682962425143382616474
222592*z^6-1885180718081119450021659426160640*z^5+123608614904094878290369130181402034176*z^4-
5731464025255585300518606097306382269153280*z^3+1788483382544391457012085347535188170821525831
68*z^2-3363526368381493815498567735246373527853813223915520*z+28604060436358426303836691670369
412590579600643661496320)*x^9+((334084*z^2-41640229760*z+1315403052528512)*y^10+(3841966*z^4-9
57725284480*z^3+96316129276578176*z^2-4565649145235869552640*z+71111190748196521747943424)*y^8
+(13363360*z^6-4996827571200*z^5+831664309494819840*z^4-77940005891793310515200*z^3+4262322801
180359575238983680*z^2-126841138275387692228563972915200*z+15846851321872902400851571569249484
80)*y^6+(19209830*z^8-9577252844800*z^7+2223184848473793280*z^6-310549753995542381977600*z^5+2
8292068053420438323315499008*z^4-1708534979135015186966755727114240*z^3+6628861070743925609071
9422825000599552*z^2-1497826369836102486975523895776204061409280*z+153894611975624257130838141
06242414354624413696)*y^4+(11692940*z^10-7287040208000*z^9+2174237304035305600*z^8-40475706610
9696219136000*z^7+51707406062858456541185556480*z^6-4712951795202798625054148565401600*z^5+309
021537260237195725922825453505085440*z^4-14328660063138963251296515243265955672883200*z^3+4471
20845636097864253021336883797042705381457920*z^2-840881592095373453874641933811593381963453305
9788800*z+71510151090896065759591729175923531476449001609153740800)*y^2+2338588*z^12-174888964
9920*z^11+638459459159042304*z^10-148836684078195058892800*z^9+24527104976320779209076809728*z
^8-2997902549824244494136694595911680*z^7+277872533396075303817260360660542291968*z^6-19635159
309597056682373418134184368076226560*z^5+1047703627071882572865471679474861301472040058880*z^4
-41081690753174428622545652836723601669872803014246400*z^3+11200746255812625421151247266365153
43129557500784988389376*z^2-18952391930861637715064353454959179815871582764928510606704640*z+1
47805856235906563636297944035556675937546005159698559596129943552)*x^7+((501126*z^4-1249206892
80*z^3+13006550381440896*z^2-650806890699727933440*z+10078884524559797878362112)*y^10+(3674924
*z^6-1374127582080*z^5+232533536714852736*z^4-22387209908032760750080*z^3+12767212252406721689
92972800*z^2-40508479280768220155272593408000*z+554238458090478158975096242602246144)*y^8+(918
7310*z^8-4580425273600*z^7+1069915973798383360*z^6-151011730052971401011200*z^5+13976154707244
447485541195776*z^4-863679002701091418284505135841280*z^3+346887019969700117623874730972718039
04*z^2-826923850260265824602092569698603955650560*z+921957752657440259241700564705361259031376
6912)*y^6+(10022520*z^10-6246034464000*z^9+1866546909442663680*z^8-348387897865895197900800*z^
7+44671943216247589498655014912*z^6-4092016026269791123143671981015040*z^5+2700881849322546885
86009107370471325696*z^4-12635028525509866532680382868655925236858880*z^3+39912738289694826885
1153589992095639387347353600*z^2-7639824167657213563173612350236146937328492871680000*z+667213
04147295535117193638624323474959898679698318688256)*y^4+(4677176*z^12-3497779299840*z^11+12769
18918318084608*z^10-297673368156390117785600*z^9+49054209952641558418153619456*z^8-59958050996
48488988273389191823360*z^7+555745066792150607634520721321084583936*z^6-3927031861919411336474
6836268368736152453120*z^5+2095407254143765145730943358949722602944080117760*z^4-8216338150634
8857245091305673447203339745606028492800*z^3+2240149251162525084230249453273030686259115001569
976778752*z^2-37904783861723275430128706909918359631743165529857021213409280*z+295611712471813
127272595888071113351875092010319397119192259887104)*y^2+668168*z^14-582963216640*z^13+2517006
55116537088*z^12-70498499329392500817920*z^11+14226498300923605028952555520*z^10-2179760938728
475357302354018304000*z^9+260851672121994926321677663875936288768*z^8-247278999608869747724848
88234066956076974080*z^7+1864208657941109353616108441735068073254853804032*z^6-111181104239491
095742957914343378585537230048528957440*z^5+51643052175559249297709249223661524175872764346683
57943296*z^4-181279134524990174807381913514287625217055208975593521419386880*z^3+4551170256382
295816444524962934301097035107144417256371497803448320*z^2-73278193762072054438139434066469345
020468791444589751846716645887180800*z+5720659804094925354785376560014827668748574950507504839
08090668308011941888)*x^5+((334084*z^6-124920689280*z^5+22066891605296256*z^4-2266402909891366
215680*z^3+141418888334866751315058688*z^2-5046750541896893903186599608320*z+79100477217673370
319354937072418816)*y^10+(1753941*z^8-874444824960*z^7+207688358860655232*z^6-3011268325186600
2493440*z^5+2898310765128126114952515584*z^4-189028702496439946597880680939520*z^3+81794317903
07557645539806219510743040*z^2-216006427557294599533018726567970970009600*z+275587219358263522
8591720228399657182216323072)*y^8+(3340840*z^10-2082011488000*z^9+625583060128689920*z^8-11782
4780689146577715200*z^7+15300508761512927706796965888*z^6-1425072244201888059661359406120960*z
^5+96110740138144837153090835602201903104*z^4-4623882725125836547724059059717932182405120*z^3+
151570228709324539023709048104346416375639572480*z^2-30509203305320858060139991872382865863582
06247731200*z+28571805130047236916198728760561680963399017938324291584)*y^6+(2839714*z^12-2123
651717760*z^11+776000934046223232*z^10-181184406041517619302400*z^9+29920047029497871099485048
832*z^8-3666348311601433203517202217041920*z^7+340829871262348626299805642327452549120*z^6-241
63535490548746699987731815502245684838400*z^5+129398306049653077670119678082206399963061236531
2*z^4-50930860945336459436916223870747378274796844728975360*z^3+139370316607571539166004647882
0402952742936460880213180416*z^2-2364894713214217110934561557182725697775468672619749230772224
0*z+184251824451178700040126374778364320080091380599137512363665653760)*y^4+(1002252*z^14-8744
44824960*z^13+377550982674805632*z^12-105747748994088751226880*z^11+21339747451385407543428833
280*z^10-3269641408092713035953531027456000*z^9+391277508182992389482516495813904433152*z^8-37
091849941330462158727332351100434115461120*z^7+27963129869116640304241626626026021098822807060
48*z^6-166771656359236643614436871515067878305845072793436160*z^5+7746457826333887394656387383
549228626380914652002536914944*z^4-27191870178748526221107287027143143782558281346339028212908
0320*z^3+6826755384573443724666787444401451645552660716625884557246705172480*z^2-1099172906431
08081657209151099704017530703187166884627770074968830771200*z+85809897061423880321780648400222
4150312286242576125725862136002462017912832)*y^2+83521*z^16-83280459520*z^15+41511641501913344
*z^14-13577054171251163013120*z^13+3241976276454815803484626944*z^12-5970038700979238111425699
74824960*z^11+87485722844872370066371511874875293696*z^10-103904588986631155607602851528182094
36467200*z^9+1009904049152818060047744291263403486586590986240*z^8-805738256434190820913434158
61239207496222207534694400*z^7+5260847294683390772796577358507342357948238197273988694016*z^6-
278390822071258198448661956602658168358429019104164916725022720*z^5+11723218381836933603537499
548471213364490156241865249131165640556544*z^4-38071661382690980214206006592458563115684901559
3444910183989299715768320*z^3+9026625840779432186694251573667566176485017528486962489785637755
708132818944*z^2-14042935543315919924194732671764051580626170944231007190907081378850151822524
4160*z+1092118416684588139492207608633144295183824825589991459776276936145857802622128357376)*
x^3+((83521*z^8-41640229760*z^7+10375744276383872*z^6-1615596019191638282240*z^5+1710315514655
45288290897920*z^4-12528296702788133020528744857600*z^3+623932733613401806251206926147780608*z
^2-19417391368355602166867963904049408901120*z+302017917150478815758279661415972498952945664)*
y^10+(334084*z^10-208201148800*z^9+63578533107209600*z^8-12291122489069111296000*z^7+165300918
2980412132853284864*z^6-160827295053776111550176564346880*z^5+11435477562032466002635423503833
628672*z^4-586050237499347965821585337021580349276160*z^3+207153531940349887243682602425290026
11521093632*z^2-456385715447112966088238439871699940810433211924480*z+475659163728934125476012
7641792324889369739205497847808)*y^8+(501126*z^12-374762067840*z^11+137541474887180928*z^10-32
347721963322560409600*z^9+5392942053177091890408239104*z^8-668445761777188709380507621130240*z
^7+62957337866273322482545281666910257152*z^6-4528376180951690017614313681317877608611840*z^5+
246279433424648203835725101347202698158572306432*z^4-98491701921620308143705710340237766049240
41714728960*z^3+273628540494452849544921752183887609613378960095224791040*z^2-4696555201280533
394281262116868077161883103961268981701017600*z+3644596821527213640382843074280764414254537543
9438952767535710208)*y^6+(334084*z^14-291481608320*z^13+125850327558268544*z^12-35249249664696
250408960*z^11+7113249150461802514476277760*z^10-1089880469364237678651177009152000*z^9+130425
836060997463160838831937968144384*z^8-12363949980443487386242444117033478038487040*z^7+9321043
28970554676808054220867534036627426902016*z^6-555905521197455478714789571716892927686150242644
78720*z^5+2582152608777962464885462461183076208793638217334178971648*z^4-906395672624950874036
90956757143812608527604487796760709693440*z^3+227558512819114790822226248146715054851755357220
8628185748901724160*z^2-3663909688103602721906971703323467251023439572229487592335832294359040
0*z+286032990204746267739268828000741383437428747525375241954045334154005970944)*y^4+(83521*z^
16-83280459520*z^15+41511641501913344*z^14-13577054171251163013120*z^13+3241976276454815803484
626944*z^12-597003870097923811142569974824960*z^11+87485722844872370066371511874875293696*z^10
-10390458898663115560760285152818209436467200*z^9+10099040491528180600477442912634034865865909
86240*z^8-80573825643419082091343415861239207496222207534694400*z^7+52608472946833907727965773
58507342357948238197273988694016*z^6-278390822071258198448661956602658168358429019104164916725
022720*z^5+11723218381836933603537499548471213364490156241865249131165640556544*z^4-3807166138
26909802142060065924585631156849015593444910183989299715768320*z^3+902662584077943218669425157
3667566176485017528486962489785637755708132818944*z^2-1404293554331591992419473267176405158062
61709442310071909070813788501518225244160*z+10921184166845881394922076086331442951838248255899
91459776276936145857802622128357376)*y^2)*x;                                                  

In[2]:= f2 = f /. {y -> 0}                                                                    

               19    17                                             2
Out[2]= 83521 x   + x   (2630806105057024 - 83280459520 z + 668168 z ) + 
 
      15                                                                             2
>    x   (40874537174517128112857088 - 2613228473136685752320 z + 57296478132255488 z  - 
 
                      3            4
>       582963216640 z  + 2338588 z ) + 
 
      13
>    x   (475673098439569355395352988625141760 - 40642954226361289085052389949440 z + 
 
                                      2                            3
>       1422091343802410327465476096 z  - 26643196536934591774720 z  + 
 
                            4                  5            6
>       288531940587335424 z  - 1748889649920 z  + 4677176 z ) + 
 
      11
>    x   (4311868973710089766750124513086243223787012096 - 
 
>       433745777882387829869791044370760833433600 z + 
 
                                                2                                      3
>       19577703883581700083810274510545879040 z  - 510678191113787791129801263677440 z  + 
 
                                      4                            5
>       8521596279919285832217960448 z  - 94017555587622672588800 z  + 
 
                            6                  7            8
>       675290744629840640 z  - 2914816083200 z  + 5846470 z ) + 
 
      9
>    x  (28604060436358426303836691670369412590579600643661496320 - 
 
>       3363526368381493815498567735246373527853813223915520 z + 
 
                                                          2
>       178848338254439145701208534753518817082152583168 z  - 
 
                                                     3
>       5731464025255585300518606097306382269153280 z  + 
 
                                                 4                                       5
>       123608614904094878290369130181402034176 z  - 1885180718081119450021659426160640 z  + 
 
                                       6                             7
>       20682962425143382616474222592 z  - 161902826443878487654400 z  + 
 
                            8                  9            10
>       869694921614122240 z  - 2914816083200 z  + 4677176 z  ) + 
 
      7
>    x  (147805856235906563636297944035556675937546005159698559596129943552 - 
 
>       18952391930861637715064353454959179815871582764928510606704640 z + 
 
                                                                    2
>       1120074625581262542115124726636515343129557500784988389376 z  - 
 
                                                               3
>       41081690753174428622545652836723601669872803014246400 z  + 
 
                                                           4
>       1047703627071882572865471679474861301472040058880 z  - 
 
                                                      5
>       19635159309597056682373418134184368076226560 z  + 
 
                                                 6                                       7
>       277872533396075303817260360660542291968 z  - 2997902549824244494136694595911680 z  + 
 
                                       8                             9
>       24527104976320779209076809728 z  - 148836684078195058892800 z  + 
 
                            10                  11            12
>       638459459159042304 z   - 1748889649920 z   + 2338588 z  ) + 
 
      5
>    x  (572065980409492535478537656001482766874857495050750483908090668308011941888 - 
 
>       73278193762072054438139434066469345020468791444589751846716645887180800 z + 
 
                                                                             2
>       4551170256382295816444524962934301097035107144417256371497803448320 z  - 
 
                                                                         3
>       181279134524990174807381913514287625217055208975593521419386880 z  + 
 
                                                                    4
>       5164305217555924929770924922366152417587276434668357943296 z  - 
 
                                                                5
>       111181104239491095742957914343378585537230048528957440 z  + 
 
                                                           6
>       1864208657941109353616108441735068073254853804032 z  - 
 
                                                      7
>       24727899960886974772484888234066956076974080 z  + 
 
                                                 8                                       9
>       260851672121994926321677663875936288768 z  - 2179760938728475357302354018304000 z  + 
 
                                       10                            11
>       14226498300923605028952555520 z   - 70498499329392500817920 z   + 
 
                            12                 13           14
>       251700655116537088 z   - 582963216640 z   + 668168 z  ) + 
 
      3
>    x  (10921184166845881394922076086331442951838248255899914597762769361458578026221283573\
 
>        76 - 140429355433159199241947326717640515806261709442310071909070813788501518225244\
 
>         160 z + 90266258407794321866942515736675661764850175284869624897856377557081328189\
 
              2
>         44 z  - 380716613826909802142060065924585631156849015593444910183989299715768320 
 
          3                                                                         4
>        z  + 11723218381836933603537499548471213364490156241865249131165640556544 z  - 
 
                                                                         5
>       278390822071258198448661956602658168358429019104164916725022720 z  + 
 
                                                                    6
>       5260847294683390772796577358507342357948238197273988694016 z  - 
 
                                                               7
>       80573825643419082091343415861239207496222207534694400 z  + 
 
                                                           8
>       1009904049152818060047744291263403486586590986240 z  - 
 
                                                      9
>       10390458898663115560760285152818209436467200 z  + 
 
                                                10                                      11
>       87485722844872370066371511874875293696 z   - 597003870097923811142569974824960 z   + 
 
                                      12                            13
>       3241976276454815803484626944 z   - 13577054171251163013120 z   + 
 
                           14                15          16
>       41511641501913344 z   - 83280459520 z   + 83521 z  )

In[3]:= Reduce[Exists[{x,z}, f2 == 0], Reals]                                                 

Out[3]= True

In[4]:= Reduce[ForAll[{x,z}, f2 == 0], Reals]                                                 

Out[4]= False

---

We see that there exist real numbers x and z satisfying f2(x,0,z) != 0.
Thus this segment contains real points (i.e. V(F_0_1) \setminus V(F_0_2) != emptyset).