terui@flopsy6 G-segments % fep asir                                                  
Welcome to fep! Editmode is emacs
I'm a front end processor for asir
History will be saved to .fephistory
This is Risa/Asir, full GMP Version 20230315 (Kobe Distribution).
Copyright (C) 1994-2000, all rights reserved, FUJITSU LABORATORIES LIMITED.
Copyright 2000-2021, Risa/Asir committers, http://www.openxm.org/.
GC 7.6.12 copyright 1988-2018, H-J. Boehm, A. J. Demers, Xerox, SGI, HP, I. Maidanski.
Debug windows of ox servers will not be opened. Set Xm_noX=0 to open it.
OpenXM/Risa/Asir-Contrib $Revision$ (20230107), Copyright 2000-2023, OpenXM.org committers
helph(); [html help], ox_help(0); ox_help("keyword"); ox_grep("keyword");
     for help messages (unix version only).
http://www.math.kobe-u.ac.jp/OpenXM/Current/doc/index-doc.html
[2077] load("F-1-1.rr")$
[2079] F_1_1;           
[y,x]

---

We see that the affine variety of F_1_1 contains real points.
(x = y = 0, z is any real number)

---

terui@flopsy6 G-segments % /Applications/Mathematica.app/Contents/MacOS/wolframscript
Wolfram Language 14.0.0 Engine for Mac OS X ARM (64-bit)
Copyright 1988-2023 Wolfram Research, Inc.

In[1]:= f = (289*z^2-36020960*z+2241083173184)*x^8+((1156*z^2-144083840*z+8964332692736)*y^2+1
156*z^4-288167680*z^3+31474510166144*z^2-1684621819442524160*z+35295645968996031029248)*x^6+((
1734*z^2-216125760*z+13446499039104)*y^4+(3468*z^4-864503040*z^3+94423530498432*z^2-5053865458
327572480*z+105886937906988093087744)*y^2+1734*z^6-648377280*z^5+112327693133568*z^4-112133388
86843351040*z^3+664554397172377992097792*z^2-21809646293065773065262202880*z+27044238589642823
9724110496923648)*x^4+((1156*z^2-144083840*z+8964332692736)*y^6+(3468*z^4-864503040*z^3+944235
30498432*z^2-5053865458327572480*z+105886937906988093087744)*y^4+(3468*z^6-1296754560*z^5+2246
55386267136*z^4-22426677773686702080*z^3+1329108794344755984195584*z^2-43619292586131546130524
405760*z+540884771792856479448220993847296)*y^2+1156*z^8-576335360*z^7+139196188461440*z^6-207
11183002182348800*z^5+2058905026890981944508416*z^4-139267399235829293373304340480*z^3+6244900
424243135073289245618077696*z^2-169531768591624696692394479874148925440*z+21224691812041538803
52915863390440719908864)*x^2+(289*z^2-36020960*z+2241083173184)*y^8+(1156*z^4-288167680*z^3+31
474510166144*z^2-1684621819442524160*z+35295645968996031029248)*y^6+(1734*z^6-648377280*z^5+11
2327693133568*z^4-11213338886843351040*z^3+664554397172377992097792*z^2-2180964629306577306526
2202880*z+270442385896428239724110496923648)*y^4+(1156*z^8-576335360*z^7+139196188461440*z^6-2
0711183002182348800*z^5+2058905026890981944508416*z^4-139267399235829293373304340480*z^3+62449
00424243135073289245618077696*z^2-169531768591624696692394479874148925440*z+212246918120415388
0352915863390440719908864)*y^2+289*z^10-180104800*z^9+56101922320832*z^8-11182465934781521920*
z^7+1566987271034445432762368*z^6-160463637581656756202747330560*z^5+1215136033436528765629685
3361917952*z^4-672444499885164744708911128287704514560*z^3+26161102074209608211648077258407951
946743808*z^2-651272905924386634636844915285000310737726341120*z+81039172438789942606594256142
40691305596743168557056;                                                                      

In[2]:= f2 = f /. {x -> 0, y -> 0}                                                            

Out[2]= 8103917243878994260659425614240691305596743168557056 - 
 
>    651272905924386634636844915285000310737726341120 z + 
 
                                                   2
>    26161102074209608211648077258407951946743808 z  - 
 
                                              3                                        4
>    672444499885164744708911128287704514560 z  + 12151360334365287656296853361917952 z  - 
 
                                     5                              6
>    160463637581656756202747330560 z  + 1566987271034445432762368 z  - 
 
                           7                   8              9        10
>    11182465934781521920 z  + 56101922320832 z  - 180104800 z  + 289 z

In[3]:= Reduce[Exists[{z}, f2 == 0], Reals]                                                   

Out[3]= False

---

We see that the affine variety of F_1_2 do not contain real points of the affine variety of F_1_1, thus this segment is not empty.
