terui@flopsy6 G-segments % fep asir                                                  
Welcome to fep! Editmode is emacs
I'm a front end processor for asir
History will be saved to .fephistory
This is Risa/Asir, full GMP Version 20230315 (Kobe Distribution).
Copyright (C) 1994-2000, all rights reserved, FUJITSU LABORATORIES LIMITED.
Copyright 2000-2021, Risa/Asir committers, http://www.openxm.org/.
GC 7.6.12 copyright 1988-2018, H-J. Boehm, A. J. Demers, Xerox, SGI, HP, I. Maidanski.
Debug windows of ox servers will not be opened. Set Xm_noX=0 to open it.
OpenXM/Risa/Asir-Contrib $Revision$ (20230107), Copyright 2000-2023, OpenXM.org committers
helph(); [html help], ox_help(0); ox_help("keyword"); ox_grep("keyword");
     for help messages (unix version only).
http://www.math.kobe-u.ac.jp/OpenXM/Current/doc/index-doc.html
[2077] F_11_1;
0
[2078] load("F-11-1.rr")$
[2080] F_11_1;           
[x^2+y^2-z^2+124640*z-7754613056,z^4-249280*z^3+27173525056*z^2-1450609609635840*z+30117229705703014400]

---

terui@flopsy6 G-segments % /Applications/Mathematica.app/Contents/MacOS/wolframscript
Wolfram Language 14.0.0 Engine for Mac OS X ARM (64-bit)
Copyright 1988-2023 Wolfram Research, Inc.

In[1]:= << F-11-verification.m                                                                

Out[1]= True

---

We see that the affine variety of F_11_1 contains real points.

---

terui@flopsy6 G-segments % fep asir                                                  
Welcome to fep! Editmode is emacs
I'm a front end processor for asir
History will be saved to .fephistory
This is Risa/Asir, full GMP Version 20230315 (Kobe Distribution).
Copyright (C) 1994-2000, all rights reserved, FUJITSU LABORATORIES LIMITED.
Copyright 2000-2021, Risa/Asir committers, http://www.openxm.org/.
GC 7.6.12 copyright 1988-2018, H-J. Boehm, A. J. Demers, Xerox, SGI, HP, I. Maidanski.
Debug windows of ox servers will not be opened. Set Xm_noX=0 to open it.
OpenXM/Risa/Asir-Contrib $Revision$ (20230107), Copyright 2000-2023, OpenXM.org committers
helph(); [html help], ox_help(0); ox_help("keyword"); ox_grep("keyword");
     for help messages (unix version only).
http://www.math.kobe-u.ac.jp/OpenXM/Current/doc/index-doc.html
[2077] load("F-11-2.rr")$
[2079] F_11_2;
[(1871276695430629437797*z^3-349853890977710479690527120*z^2+29046289684262172643514322823232*z-904327183556051430265394814758026240)*y*x^6+((5613830086291888313391*z^3-1049561672933131439071581360*z^2+87138869052786517930542968469696*z-2712981550668154290796184444274078720)*y^3+(3742553390861258875594*z^5-1166179636592454660026093936*z^4+174727111991249166871690589949040*z^3-14550229066538922056728690454182479616*z^2+682139015905544564134872310170042874940416*z-14219157328491244436982382468277107757911326720)*y)*x^4+((5613830086291888313391*z^3-1049561672933131439071581360*z^2+87138869052786517930542968469696*z-2712981550668154290796184444274078720)*y^5+(7485106781722517751188*z^5-2332359273184909320052187872*z^4+349454223982498333743381179898080*z^3-29100458133077844113457380908364959232*z^2+1364278031811089128269744620340085749880832*z-28438314656982488873964764936554215515822653440)*y^3+(1871276695430629437797*z^7-816325745614830574726570352*z^6+174350329868593675071630695384608*z^5-22623247152194228312434085167643168256*z^4+1915968011674098337405881059079399291959296*z^3-105260433433795234022745848335342696404838088704*z^2+3494776814093162583360798185851200592002775224156160*z-54380393302406978217200963476199902873028555392522649600)*y)*x^2+(1871276695430629437797*z^3-349853890977710479690527120*z^2+29046289684262172643514322823232*z-904327183556051430265394814758026240)*y^7+(3742553390861258875594*z^5-1166179636592454660026093936*z^4+174727111991249166871690589949040*z^3-14550229066538922056728690454182479616*z^2+682139015905544564134872310170042874940416*z-14219157328491244436982382468277107757911326720)*y^5+(1871276695430629437797*z^7-816325745614830574726570352*z^6+174350329868593675071630695384608*z^5-22623247152194228312434085167643168256*z^4+1915968011674098337405881059079399291959296*z^3-105260433433795234022745848335342696404838088704*z^2+3494776814093162583360798185851200592002775224156160*z-54380393302406978217200963476199902873028555392522649600)*y^3+(-86394391003536*z^8-72027224209870757392*z^7+39812943951973968366271744*z^6-9177950040523490088271414367232*z^5+1237979044018253818581760932703748096*z^4-107476499751344654228577466782863348727808*z^3+6010236490353311093564130967330979768671666176*z^2-202393622519442470898518462423795768307149562707968*z+3188408498695379829448691037146426560707129020629647360)*y]
[2080] length(F_11_2);
1

---

terui@flopsy6 G-segments % /Applications/Mathematica.app/Contents/MacOS/wolframscript
Wolfram Language 14.0.0 Engine for Mac OS X ARM (64-bit)
Copyright 1988-2023 Wolfram Research, Inc.

In[1]:= << F-11-2-verification.m                                                              

Out[1]= True

---

We see that the affine variety of F_11_2 contains real points.
We investigate if all the real points of the variety of F_11_1 is contained in the variety of F_11_2.

---

terui@flopsy6 G-segments % /Applications/Mathematica.app/Contents/MacOS/wolframscript
Wolfram Language 14.0.0 Engine for Mac OS X ARM (64-bit)
Copyright 1988-2023 Wolfram Research, Inc.

In[1]:= << F-11-verification.m                                                                

Out[1]= True

---

We see that all the real points of variety of F_11_1 is contained in the variety of F_11_2, thus no real points are contained in this segment (= V(F_11_1) \setminus V(F_11_2)).