terui@flopsy6 G-segments % fep asir                                                  
Welcome to fep! Editmode is emacs
I'm a front end processor for asir
History will be saved to .fephistory
This is Risa/Asir, full GMP Version 20230315 (Kobe Distribution).
Copyright (C) 1994-2000, all rights reserved, FUJITSU LABORATORIES LIMITED.
Copyright 2000-2021, Risa/Asir committers, http://www.openxm.org/.
GC 7.6.12 copyright 1988-2018, H-J. Boehm, A. J. Demers, Xerox, SGI, HP, I. Maidanski.
Debug windows of ox servers will not be opened. Set Xm_noX=0 to open it.
OpenXM/Risa/Asir-Contrib $Revision$ (20230107), Copyright 2000-2023, OpenXM.org committers
helph(); [html help], ox_help(0); ox_help("keyword"); ox_grep("keyword");
     for help messages (unix version only).
http://www.math.kobe-u.ac.jp/OpenXM/Current/doc/index-doc.html
[2077] load("F-13-1.rr")$
[2079] F_13_1;           
[x^4+(2*y^2+2*z^2-249280*z+25903488)*x^2+y^4+(2*z^2-249280*z+25903488)*y^2+z^4-249280*z^3+31044355712*z^2-1933069942599680*z+60134023648285659136]

---

terui@flopsy6 G-segments % /Applications/Mathematica.app/Contents/MacOS/wolframscript
Wolfram Language 14.0.0 Engine for Mac OS X ARM (64-bit)
Copyright 1988-2023 Wolfram Research, Inc.

In[1]:= << F-13-1-verification.m                                                              

Out[1]= True

---

We see that the affine variety of F_13_1 contains real points.

---

[2079] F_13_2;
[(1871276695430629437797*z^3-349853890977710479690527120*z^2+29046289684262172643514322823232*z-904327183556051430265394814758026240)*x^10+((9356383477153147188985*z^3-1749269454888552398452635600*z^2+145231448421310863217571614116160*z-4521635917780257151326974073790131200)*y^2+1871276695430629437797*z^5-583089818296270527208548736*z^4+87564006641750265458910410811376*z^3-7312590786068279137379485998462738176*z^2+344180938533180752158271298970568837069824*z-7206449943991779508038878292759815996416737280)*x^8+((18712766954306294377970*z^3-3498538909777104796905271200*z^2+290462896842621726435143228232320*z-9043271835560514302653948147580262400)*y^4+(7485106781722517751188*z^5-2332359273185082108834194944*z^4+350256026567001061835641643245504*z^3-29250363144273116549517943993850952704*z^2+1376723754132723008633085195882275348279296*z-28825799775967118032155513171039263985666949120)*y^2-1871276695430629437797*z^7+816325745614571391553559744*z^6-174751465415088829786989354902736*z^5+22748240988495174160908509754575685376*z^4-1934652698969372419051989754911115800985600*z^3+106811927124336502601281694518314581522334154752*z^2-3567223074078113663094796126332354177036017673895936*z+55883669762429306675509988854287262772389506080671006720)*x^6+((18712766954306294377970*z^3-3498538909777104796905271200*z^2+290462896842621726435143228232320*z-9043271835560514302653948147580262400)*y^6+(11227660172583776626782*z^5-3498538909777623163251292416*z^4+525384039850501592753462464868256*z^3-43875544716409674824276915990776429056*z^2+2065085631199084512949627793823413022418944*z-43238699663950677048233269756558895978500423680)*y^4+(-5613830086291888313391*z^7+2448977236843714174660679232*z^6-524254396245266489360968064708208*z^5+68244722965485522482725529263727056128*z^4-5803958096908117257155969264733347402956800*z^3+320435781373009507803845083554943744567002464256*z^2-10701669222234340989284388378997062531108053021687808*z+167651009287287920026529966562861788317168518242013020160)*y^2-1871276695430629437797*z^9+1049561672933217833462584896*z^8-290608197495873079710398850892912*z^7+50684562551949256839316755090468696832*z^6-6087748881049668181377678050102555335996416*z^5+519501214145613011760479321338002446394530840576*z^4-31472027795595200435982723808517108828749370531119104*z^3+1306223306802916432481004516925302015402787143330142617600*z^2-33878614131787322756771704529154908940537724853905857527676928*z+421698907896448518007309574977767603122265572468382472384502824960)*x^4+((9356383477153147188985*z^3-1749269454888552398452635600*z^2+145231448421310863217571614116160*z-4521635917780257151326974073790131200)*y^8+(7485106781722517751188*z^5-2332359273185082108834194944*z^4+350256026567001061835641643245504*z^3-29250363144273116549517943993850952704*z^2+1376723754132723008633085195882275348279296*z-28825799775967118032155513171039263985666949120)*y^6+(-5613830086291888313391*z^7+2448977236843714174660679232*z^6-524254396245266489360968064708208*z^5+68244722965485522482725529263727056128*z^4-5803958096908117257155969264733347402956800*z^3+320435781373009507803845083554943744567002464256*z^2-10701669222234340989284388378997062531108053021687808*z+167651009287287920026529966562861788317168518242013020160)*y^4+(-3742553390861258875594*z^9+2099123345866435666925169792*z^8-581216394991746159420797701785824*z^7+101369125103898513678633510180937393664*z^6-12175497762099336362755356100205110671992832*z^5+1039002428291226023520958642676004892789061681152*z^4-62944055591190400871965447617034217657498741062238208*z^3+2612446613605832864962009033850604030805574286660285235200*z^2-67757228263574645513543409058309817881075449707811715055353856*z+843397815792897036014619149955535206244531144936764944769005649920)*y^2+86394391003536*z^10+61259027315190030352*z^9-48120462105051070359844608*z^8+14698778627942828564788136249344*z^7-2690652712036875195249131875501834240*z^6+332949659009338995489804251758781757194240*z^5-29006155877159258560510005159362289919482396672*z^4+1784948166862037174837084178413727527782926941945856*z^3-75021807967260093661222079766207056309923412822233972736*z^2+1966887462917796340613036170638542676518709578251178614980608*z-24724874171844551392321872798765860391404679295651156758531932160)*x^2+(1871276695430629437797*z^3-349853890977710479690527120*z^2+29046289684262172643514322823232*z-904327183556051430265394814758026240)*y^10+(1871276695430629437797*z^5-583089818296270527208548736*z^4+87564006641750265458910410811376*z^3-7312590786068279137379485998462738176*z^2+344180938533180752158271298970568837069824*z-7206449943991779508038878292759815996416737280)*y^8+(-1871276695430629437797*z^7+816325745614571391553559744*z^6-174751465415088829786989354902736*z^5+22748240988495174160908509754575685376*z^4-1934652698969372419051989754911115800985600*z^3+106811927124336502601281694518314581522334154752*z^2-3567223074078113663094796126332354177036017673895936*z+55883669762429306675509988854287262772389506080671006720)*y^6+(-1871276695430629437797*z^9+1049561672933217833462584896*z^8-290608197495873079710398850892912*z^7+50684562551949256839316755090468696832*z^6-6087748881049668181377678050102555335996416*z^5+519501214145613011760479321338002446394530840576*z^4-31472027795595200435982723808517108828749370531119104*z^3+1306223306802916432481004516925302015402787143330142617600*z^2-33878614131787322756771704529154908940537724853905857527676928*z+421698907896448518007309574977767603122265572468382472384502824960)*y^4+(86394391003536*z^10+61259027315190030352*z^9-48120462105051070359844608*z^8+14698778627942828564788136249344*z^7-2690652712036875195249131875501834240*z^6+332949659009338995489804251758781757194240*z^5-29006155877159258560510005159362289919482396672*z^4+1784948166862037174837084178413727527782926941945856*z^3-75021807967260093661222079766207056309923412822233972736*z^2+1966887462917796340613036170638542676518709578251178614980608*z-24724874171844551392321872798765860391404679295651156758531932160)*y^2]
[2080] length(F_13_2);
1

---

terui@flopsy6 G-segments % /Applications/Mathematica.app/Contents/MacOS/wolframscript
Wolfram Language 14.0.0 Engine for Mac OS X ARM (64-bit)
Copyright 1988-2023 Wolfram Research, Inc.

In[2]:= << F-13-2-verification.m                                                              

Out[2]= True

---

We see that the affine variety of F_13_2 contains real points.
We investigate if all the real points of the variety of F_13_1 is contained in the variety of F_13_2.

---

erui@flopsy6 G-segments % /Applications/Mathematica.app/Contents/MacOS/wolframscript
Wolfram Language 14.0.0 Engine for Mac OS X ARM (64-bit)
Copyright 1988-2023 Wolfram Research, Inc.

In[1]:= << F-13-verification.m                                                                

Out[1]= True

---

We see that all the real points of variety of F_13_1 is contained in the variety of F_13_2, thus no real points are contained in this segment (= V(F_13_1) \setminus V(F_13_2)).