terui@flopsy6 G-segments % fep asir                                                  
Welcome to fep! Editmode is emacs
I'm a front end processor for asir
History will be saved to .fephistory
This is Risa/Asir, full GMP Version 20230315 (Kobe Distribution).
Copyright (C) 1994-2000, all rights reserved, FUJITSU LABORATORIES LIMITED.
Copyright 2000-2021, Risa/Asir committers, http://www.openxm.org/.
GC 7.6.12 copyright 1988-2018, H-J. Boehm, A. J. Demers, Xerox, SGI, HP, I. Maidanski.
Debug windows of ox servers will not be opened. Set Xm_noX=0 to open it.
OpenXM/Risa/Asir-Contrib $Revision$ (20230107), Copyright 2000-2023, OpenXM.org committers
helph(); [html help], ox_help(0); ox_help("keyword"); ox_grep("keyword");
     for help messages (unix version only).
http://www.math.kobe-u.ac.jp/OpenXM/Current/doc/index-doc.html
[2077] load("F-2-1.rr")$
[2079] F_2_1;           
[y,x^2]

---

We see that the affine variety of F_2_1 contains real points.
(x = y = 0, z is any real number)

---

terui@flopsy6 G-segments % /Applications/Mathematica.app/Contents/MacOS/wolframscript
Wolfram Language 14.0.0 Engine for Mac OS X ARM (64-bit)
Copyright 1988-2023 Wolfram Research, Inc.

In[1]:= f = (289*z^6-108062880*z^5+20192188793664*z^4-2235557412902481920*z^3+1565821895586386
88567296*z^2-6498220813984371212356157440*z+134764260766542372221557822980096)*x^9+((1156*z^6-
432251520*z^5+80768755174656*z^4-8942229651609927680*z^3+626328758234554754269184*z^2-25992883
255937484849424629760*z+539057043066169488886231291920384)*y^2+1156*z^8-576335360*z^7+13919615
2283264*z^6-20711169474438778880*z^5+2058902495274917939208192*z^4-139267118413326115255167221
760*z^3+6244880702296241786947246642692096*z^2-169530947623648327390187461593729597440*z+21224
52077729651523494738122987679527206912)*x^7+((1734*z^6-648377280*z^5+121153132761984*z^4-13413
344477414891520*z^3+939493137351832131403776*z^2-38989324883906227274136944640*z+8085855645992
54233329346937880576)*y^4+(3468*z^8-1729006080*z^7+417588456849792*z^6-62133508423316336640*z^
5+6176707485824753817624576*z^4-417801355239978345765501665280*z^3+187346421068887253608417399
28076288*z^2-508592842870944982170562384781188792320*z+636735623318895457048421436896303858162
0736)*y^2+1734*z^10-1080628800*z^9+327785985762048*z^8-62694730316571770880*z^7+83045744745197
81377896448*z^6-791705576656445868561682268160*z^5+54768515025795540152129908754350080*z^4-270
3403619333611188554693563019322982400*z^3+90517101536994864425998092366902864126148608*z^2-183
4273137608029441953053272841452550333000581120*z+162626575628122872047779058029313530858437294
02560512)*x^5+((1156*z^6-432251520*z^5+80768755174656*z^4-8942229651609927680*z^3+626328758234
554754269184*z^2-25992883255937484849424629760*z+539057043066169488886231291920384)*y^6+(3468*
z^8-1729006080*z^7+417588456849792*z^6-62133508423316336640*z^5+6176707485824753817624576*z^4-
417801355239978345765501665280*z^3+18734642106888725360841739928076288*z^2-5085928428709449821
70562384781188792320*z+6367356233188954570484214368963038581620736)*y^4+(3468*z^10-2161257600*
z^9+655571971524096*z^8-125389460633143541760*z^7+16609148949039562755792896*z^6-1583411153312
891737123364536320*z^5+109537030051591080304259817508700160*z^4-540680723866722237710938712603
8645964800*z^3+181034203073989728851996184733805728252297216*z^2-36685462752160588839061065456
82905100666001162240*z+32525315125624574409555811605862706171687458805121024)*y^2+1156*z^12-86
4503040*z^11+318752269848960*z^10-75536552548260352000*z^9+12726642436713869828014080*z^8-1599
207246854081561148574924800*z^7+153285091952621426001170760454373376*z^6-112751465856857979191
36745250472507473920*z^5+631273648921965153719638317411586286066597888*z^4-2623850510211047264
5425788379918587185660050800640*z^3+769133957652474625080984684775126592309052571127906304*z^2
-14297409914917969069567314674718154734967914863323051458560*z+1276315817401668816595403180850
11102312081259243809551486550016)*x^3+((289*z^6-108062880*z^5+20192188793664*z^4-2235557412902
481920*z^3+156582189558638688567296*z^2-6498220813984371212356157440*z+13476426076654237222155
7822980096)*y^8+(1156*z^8-576335360*z^7+139196152283264*z^6-20711169474438778880*z^5+205890249
5274917939208192*z^4-139267118413326115255167221760*z^3+6244880702296241786947246642692096*z^2
-169530947623648327390187461593729597440*z+2122452077729651523494738122987679527206912)*y^6+(1
734*z^10-1080628800*z^9+327785985762048*z^8-62694730316571770880*z^7+8304574474519781377896448
*z^6-791705576656445868561682268160*z^5+54768515025795540152129908754350080*z^4-27034036193336
11188554693563019322982400*z^3+90517101536994864425998092366902864126148608*z^2-18342731376080
29441953053272841452550333000581120*z+16262657562812287204777905802931353085843729402560512)*y
^4+(1156*z^12-864503040*z^11+318752269848960*z^10-75536552548260352000*z^9+1272664243671386982
8014080*z^8-1599207246854081561148574924800*z^7+153285091952621426001170760454373376*z^6-11275
146585685797919136745250472507473920*z^5+631273648921965153719638317411586286066597888*z^4-262
38505102110472645425788379918587185660050800640*z^3+769133957652474625080984684775126592309052
571127906304*z^2-14297409914917969069567314674718154734967914863323051458560*z+127631581740166
881659540318085011102312081259243809551486550016)*y^2+289*z^14-252146720*z^13+109970247576512*
z^12-31317434293224878080*z^11+6461729263257213150081024*z^10-1017512815755932306131520716800*
z^9+125787756704097498126436040495595520*z^8-12384540816766076887025364179648459571200*z^7+975
433130905204445353530632152815150080983040*z^6-61186857509837585724636606461135502693144251596
800*z^5+3013187444837342056123591656859039540195564603523989504*z^4-11324595454313500562795183
5368159135969811408762650618757120*z^3+3083691013157750163804144622530946168688643742886326756
570038272*z^2-54828719833269862926219816292707554105389140819515217133919356846080*z+487317217
742066269767876845771959644963067263598068648420587781922750464)*x;                           

In[2]:= f2 = f /. {x -> 0, y -> 0}                                                            

Out[2]= 0

---

We see that the affine variety of F_2_2 contains real points.
(x = y = 0, z is any real number)

No real points are contained in this segment (= V(F_2_1) \setminus V(F_2_2)).