terui@flopsy6 G-segments % fep asir                                                  
Welcome to fep! Editmode is emacs
I'm a front end processor for asir
History will be saved to .fephistory
This is Risa/Asir, full GMP Version 20230315 (Kobe Distribution).
Copyright (C) 1994-2000, all rights reserved, FUJITSU LABORATORIES LIMITED.
Copyright 2000-2021, Risa/Asir committers, http://www.openxm.org/.
GC 7.6.12 copyright 1988-2018, H-J. Boehm, A. J. Demers, Xerox, SGI, HP, I. Maidanski.
Debug windows of ox servers will not be opened. Set Xm_noX=0 to open it.
OpenXM/Risa/Asir-Contrib $Revision$ (20230107), Copyright 2000-2023, OpenXM.org committers
helph(); [html help], ox_help(0); ox_help("keyword"); ox_grep("keyword");
     for help messages (unix version only).
http://www.math.kobe-u.ac.jp/OpenXM/Current/doc/index-doc.html
[2077] load("F-3-1.rr")$
[2079] F_3_1;           
[x^2+y^2]

---

We see that the affine variety of F_3_1 contains real points.
(x = y = 0, z is any real number)

---

terui@flopsy6 G-segments % /Applications/Mathematica.app/Contents/MacOS/wolframscript
Wolfram Language 14.0.0 Engine for Mac OS X ARM (64-bit)
Copyright 1988-2023 Wolfram Research, Inc.

In[1]:= f = (289*z^6-108062880*z^5+20192188793664*z^4-2235557412902481920*z^3+1565821895586386
88567296*z^2-6498220813984371212356157440*z+134764260766542372221557822980096)*y*x^8+((1156*z^
6-432251520*z^5+80768755174656*z^4-8942229651609927680*z^3+626328758234554754269184*z^2-259928
83255937484849424629760*z+539057043066169488886231291920384)*y^3+(1156*z^8-576335360*z^7+13919
6152283264*z^6-20711169474438778880*z^5+2058902495274917939208192*z^4-139267118413326115255167
221760*z^3+6244880702296241786947246642692096*z^2-169530947623648327390187461593729597440*z+21
22452077729651523494738122987679527206912)*y)*x^6+((1734*z^6-648377280*z^5+121153132761984*z^4
-13413344477414891520*z^3+939493137351832131403776*z^2-38989324883906227274136944640*z+8085855
64599254233329346937880576)*y^5+(3468*z^8-1729006080*z^7+417588456849792*z^6-62133508423316336
640*z^5+6176707485824753817624576*z^4-417801355239978345765501665280*z^3+187346421068887253608
41739928076288*z^2-508592842870944982170562384781188792320*z+636735623318895457048421436896303
8581620736)*y^3+(1734*z^10-1080628800*z^9+327785985762048*z^8-62694730316571770880*z^7+8304574
474519781377896448*z^6-791705576656445868561682268160*z^5+54768515025795540152129908754350080*
z^4-2703403619333611188554693563019322982400*z^3+90517101536994864425998092366902864126148608*
z^2-1834273137608029441953053272841452550333000581120*z+16262657562812287204777905802931353085
843729402560512)*y)*x^4+((1156*z^6-432251520*z^5+80768755174656*z^4-8942229651609927680*z^3+62
6328758234554754269184*z^2-25992883255937484849424629760*z+539057043066169488886231291920384)*
y^7+(3468*z^8-1729006080*z^7+417588456849792*z^6-62133508423316336640*z^5+61767074858247538176
24576*z^4-417801355239978345765501665280*z^3+18734642106888725360841739928076288*z^2-508592842
870944982170562384781188792320*z+6367356233188954570484214368963038581620736)*y^5+(3468*z^10-2
161257600*z^9+655571971524096*z^8-125389460633143541760*z^7+16609148949039562755792896*z^6-158
3411153312891737123364536320*z^5+109537030051591080304259817508700160*z^4-54068072386672223771
09387126038645964800*z^3+181034203073989728851996184733805728252297216*z^2-3668546275216058883
906106545682905100666001162240*z+32525315125624574409555811605862706171687458805121024)*y^3+(1
156*z^12-864503040*z^11+318752269848960*z^10-75536552548260352000*z^9+127266424367138698280140
80*z^8-1599207246854081561148574924800*z^7+153285091952621426001170760454373376*z^6-1127514658
5685797919136745250472507473920*z^5+631273648921965153719638317411586286066597888*z^4-26238505
102110472645425788379918587185660050800640*z^3+76913395765247462508098468477512659230905257112
7906304*z^2-14297409914917969069567314674718154734967914863323051458560*z+12763158174016688165
9540318085011102312081259243809551486550016)*y)*x^2+(289*z^6-108062880*z^5+20192188793664*z^4-
2235557412902481920*z^3+156582189558638688567296*z^2-6498220813984371212356157440*z+1347642607
66542372221557822980096)*y^9+(1156*z^8-576335360*z^7+139196152283264*z^6-20711169474438778880*
z^5+2058902495274917939208192*z^4-139267118413326115255167221760*z^3+6244880702296241786947246
642692096*z^2-169530947623648327390187461593729597440*z+21224520777296515234947381229876795272
06912)*y^7+(1734*z^10-1080628800*z^9+327785985762048*z^8-62694730316571770880*z^7+830457447451
9781377896448*z^6-791705576656445868561682268160*z^5+54768515025795540152129908754350080*z^4-2
703403619333611188554693563019322982400*z^3+90517101536994864425998092366902864126148608*z^2-1
834273137608029441953053272841452550333000581120*z+1626265756281228720477790580293135308584372
9402560512)*y^5+(1156*z^12-864503040*z^11+318752269848960*z^10-75536552548260352000*z^9+127266
42436713869828014080*z^8-1599207246854081561148574924800*z^7+153285091952621426001170760454373
376*z^6-11275146585685797919136745250472507473920*z^5+6312736489219651537196383174115862860665
97888*z^4-26238505102110472645425788379918587185660050800640*z^3+76913395765247462508098468477
5126592309052571127906304*z^2-14297409914917969069567314674718154734967914863323051458560*z+12
7631581740166881659540318085011102312081259243809551486550016)*y^3+(289*z^14-252146720*z^13+10
9970247576512*z^12-31317434293224878080*z^11+6461729263257213150081024*z^10-101751281575593230
6131520716800*z^9+125787756704097498126436040495595520*z^8-12384540816766076887025364179648459
571200*z^7+975433130905204445353530632152815150080983040*z^6-611868575098375857246366064611355
02693144251596800*z^5+3013187444837342056123591656859039540195564603523989504*z^4-113245954543
135005627951835368159135969811408762650618757120*z^3+30836910131577501638041446225309461686886
43742886326756570038272*z^2-548287198332698629262198162927075541053891408195152171339193568460
80*z+487317217742066269767876845771959644963067263598068648420587781922750464)*y;             

In[2]:= f2 = f /. {x -> 0, y -> 0}                                                            

Out[2]= 0

---

We see that the affine variety of F_3_2 contains real points.
(x = y = 0, z is any real number)

No real points are contained in this segment (= V(F_3_1) \setminus V(F_3_2)).