terui@flopsy6 G-segments % fep asir
Welcome to fep! Editmode is emacs
I'm a front end processor for asir
History will be saved to .fephistory
This is Risa/Asir, full GMP Version 20230315 (Kobe Distribution).
Copyright (C) 1994-2000, all rights reserved, FUJITSU LABORATORIES LIMITED.
Copyright 2000-2021, Risa/Asir committers, http://www.openxm.org/.
GC 7.6.12 copyright 1988-2018, H-J. Boehm, A. J. Demers, Xerox, SGI, HP, I. Maidanski.
Debug windows of ox servers will not be opened. Set Xm_noX=0 to open it.
OpenXM/Risa/Asir-Contrib $Revision$ (20230107), Copyright 2000-2023, OpenXM.org committers
helph(); [html help], ox_help(0); ox_help("keyword"); ox_grep("keyword");
     for help messages (unix version only).
http://www.math.kobe-u.ac.jp/OpenXM/Current/doc/index-doc.html
[2077] load("F-30-1.rr")$
[2079] F_30_1;
[289*x^4+(578*y^2+578*z^2-72041920*z+4544081547776)*x^2+289*y^4+(578*z^2-72041920*z+4544081547776)*y^2+289*z^4-72041920*z^3+8971800711680*z^2-558654958787379200*z+17378592560755925385216]

---

terui@flopsy6 G-segments % /Applications/Mathematica.app/Contents/MacOS/wolframscript
Wolfram Language 14.0.0 Engine for Mac OS X ARM (64-bit)
Copyright 1988-2023 Wolfram Research, Inc.

In[2]:= Reduce[Exists[{x,y,z}, 289*x^4+(578*y^2+578*z^2-72041920*z+4544081547776)*x^2+289*y^4+
(578*z^2-72041920*z+4544081547776)*y^2+289*z^4-72041920*z^3+8971800711680*z^2-5586549587873792
00*z+17378592560755925385216==0], Reals]                                                      

Out[2]= False

---

We see that the affine variety of F_30_1 do not contain real points.
