terui@flopsy6 G-segments % fep asir                                                  
Welcome to fep! Editmode is emacs
I'm a front end processor for asir
History will be saved to .fephistory
This is Risa/Asir, full GMP Version 20230315 (Kobe Distribution).
Copyright (C) 1994-2000, all rights reserved, FUJITSU LABORATORIES LIMITED.
Copyright 2000-2021, Risa/Asir committers, http://www.openxm.org/.
GC 7.6.12 copyright 1988-2018, H-J. Boehm, A. J. Demers, Xerox, SGI, HP, I. Maidanski.
Debug windows of ox servers will not be opened. Set Xm_noX=0 to open it.
OpenXM/Risa/Asir-Contrib $Revision$ (20230107), Copyright 2000-2023, OpenXM.org committers
helph(); [html help], ox_help(0); ox_help("keyword"); ox_grep("keyword");
     for help messages (unix version only).
http://www.math.kobe-u.ac.jp/OpenXM/Current/doc/index-doc.html
[2077] load("F-9-1.rr")$ 
[2079] F_9_1;           
[z-62320,y,x^2-3870830656]

---

V_1 contains {x,y,z} == {\pm Sqrt[3870830656], 0, 62320}

---

terui@flopsy6 G-segments % /Applications/Mathematica.app/Contents/MacOS/wolframscript
Wolfram Language 14.0.0 Engine for Mac OS X ARM (64-bit)
Copyright 1988-2023 Wolfram Research, Inc.

In[1]:= f = (1871276695430629437797*z^2-233235927318473653127018080*z+145110266937748945806385
56077632)*x^7+((5613830086291888313391*z^2-699707781955420959381054240*z+435330800813246837419
15668232896)*y^2+3742553390861258875594*z^4-932943709273981006899075856*z^3+116586060029294670
521740182603120*z^2-7284585805513278189813842274356041216*z+2281636285059570673456736596321743
86359296)*x^5+((5613830086291888313391*z^2-699707781955420959381054240*z+435330800813246837419
15668232896)*y^4+(7485106781722517751188*z^4-1865887418547962013798151712*z^3+2331721200585893
41043480365206240*z^2-14569171611026556379627684548712082432*z+4563272570119141346913473192643
48772718592)*y^2+1871276695430629437797*z^6-699707781955593748163061312*z^5+130744540897121072
686108714420768*z^4-14475247363485643062635790084940906496*z^3+1013870595981673061742418620985
881999128576*z^2-42076017892217368814958319875502530219145232384*z+872599379050176158812595691
209882908745644341985280)*x^3+((1871276695430629437797*z^2-233235927318473653127018080*z+14511
026693774894580638556077632)*y^6+(3742553390861258875594*z^4-932943709273981006899075856*z^3+1
16586060029294670521740182603120*z^2-7284585805513278189813842274356041216*z+22816362850595706
7345673659632174386359296)*y^4+(1871276695430629437797*z^6-699707781955593748163061312*z^5+130
744540897121072686108714420768*z^4-14475247363485643062635790084940906496*z^3+1013870595981673
061742418620985881999128576*z^2-42076017892217368814958319875502530219145232384*z+872599379050
176158812595691209882908745644341985280)*y^2-86394391003536*z^7-77411322657211120912*z^6+34988
670323976571311035904*z^5-6997456105933270164167656829952*z^4+80189757949649242195083255906113
9456*z^3-57502242597123246492601581702173137829888*z^2+242669673170059037214520039565154981911
3046016*z-51161882199861678906429573766791183580024534990848)*x;   

In[3]:= f /. {x -> Sqrt[3870830656], y -> 0, z -> 62320}                                      

Out[3]= 105994440820934751833537930961993168709536445996733757443192913920

In[4]:= f /. {x -> - Sqrt[3870830656], y -> 0, z -> 62320}                                    

Out[4]= -105994440820934751833537930961993168709536445996733757443192913920

---

We see that the affine variety of F_9_2 does not contains real points which belong to the affine variety of F_9_1, thus this segment has real points.