[flopsy5:preprocessing-steps/cgs/H-segments] terui% fep asir
This is Risa/Asir, full GMP Version 20210326 (Kobe Distribution).
Copyright (C) 1994-2000, all rights reserved, FUJITSU LABORATORIES LIMITED.
Copyright 2000-2021, Risa/Asir committers, http://www.openxm.org/.
GC 7.6.12 copyright 1988-2018, H-J. Boehm, A. J. Demers, Xerox, SGI, HP, I. Maidanski.
Debug windows of ox servers will not be opened. Set Xm_noX=0 to open it.
OpenXM/Risa/Asir-Contrib $Revision: 1.157 $ (20200320), Copyright 2000-2019, OpenXM.org committers
helph(); [html help], ox_help(0); ox_help("keyword"); ox_grep("keyword");
     for help messages (unix version only).
http://www.math.kobe-u.ac.jp/OpenXM/Current/doc/index-doc.html
[1938] load("F-35-1.rr")$
[1940] F_35_1;
[0]

---

The affine variety of F_35_1 is equal to C

---

[1941] load("F-35-2.rr")$
[1943] length(F_35_2);
1
[1944] F_35_2[0];        
((2)^(1/2))*z^2+(-88*((2)^(1/2))^2-208*((2)^(1/2)))*z+3872*((2)^(1/2))^3+9152*((2)^(1/2))^2+10816*((2)^(1/2))

---

[flopsy5:preprocessing-steps/cgs/H-segments] terui% /Applications/WolframScript.app/Contents/MacOS/wolframscript
Wolfram Language 12.0.0 Engine for Mac OS X x86 (64-bit)
Copyright 1988-2019 Wolfram Research, Inc.

In[1]:= f = ((2)^(1/2))*z^2+(-88*((2)^(1/2))^2-208*((2)^(1/2)))*z+3872*((2)^(1/2))^3+9152*((2)^(1/2))^2+10816*((2)^(1/2))      

                                                                  2
Out[1]= 18304 + 18560 Sqrt[2] + (-176 - 208 Sqrt[2]) z + Sqrt[2] z

In[2]:= Discriminant[f, z]                                                                                                     

Out[2]= -30976

---

We see that none of z in R belongs to the affine variety of F-35-2.
Thus, this partition contains real point(s).
