[flopsy5:preprocessing-steps/cgs/G-segments] terui% fep asir
This is Risa/Asir, full GMP Version 20210326 (Kobe Distribution).
Copyright (C) 1994-2000, all rights reserved, FUJITSU LABORATORIES LIMITED.
Copyright 2000-2021, Risa/Asir committers, http://www.openxm.org/.
GC 7.6.12 copyright 1988-2018, H-J. Boehm, A. J. Demers, Xerox, SGI, HP, I. Maidanski.
Debug windows of ox servers will not be opened. Set Xm_noX=0 to open it.
OpenXM/Risa/Asir-Contrib $Revision: 1.157 $ (20200320), Copyright 2000-2019, OpenXM.org committers
helph(); [html help], ox_help(0); ox_help("keyword"); ox_grep("keyword");
     for help messages (unix version only).
http://www.math.kobe-u.ac.jp/OpenXM/Current/doc/index-doc.html
[1938] load("F-00-2.rr")$
[1940] load("F-00-1.rr")$
[1942] F_00;
0
[1943] F_00_1;
[y]
[1945] subst(F_00_2[0], y, 0, x, 1, z, 1);
4219669867734510817594943425478656*((2)^(1/2))^17+79022908432119020765868940513509376*((2)^(1/2))^16+603521830497634795188476727703633920*((2)^(1/2))^15+2311441327873072241314248481329643520*((2)^(1/2))^14+3732142838878875636530493607534133248*((2)^(1/2))^13-4273819857684061620751643341395853312*((2)^(1/2))^12-31902135630088670347090217748918173696*((2)^(1/2))^11-54018919151611262092468573846191996928*((2)^(1/2))^10+6098088613326076763820542954794123264*((2)^(1/2))^9+165742190153552898371210502892905562112*((2)^(1/2))^8+237953531368257398678452562645846327296*((2)^(1/2))^7-1483528932743204604817722258887802880*((2)^(1/2))^6-373691951877758509385554710314980147200*((2)^(1/2))^5-388870759733467738062002228629692416000*((2)^(1/2))^4+18992762345025992839976956523054080000*((2)^(1/2))^3+293615221793233229280575987175859200000*((2)^(1/2))^2+182343622327236112896485236981476000000*((2)^(1/2))

[flopsy5:~/Documents/project/ev3-cgs-qe-ik] terui% /Applications/Mathematica.app/Contents/MacOS/wolframscript  
Wolfram Language 12.0.0 Engine for Mac OS X x86 (64-bit)
Copyright 1988-2019 Wolfram Research, Inc.

In[1]:= a = 4219669867734510817594943425478656*((2)^(1/2))^17+79022908432119020765868940513509376*((2)^(1/2))^
16+603521830497634795188476727703633920*((2)^(1/2))^15+2311441327873072241314248481329643520*((2)^(1/2))^14+37
32142838878875636530493607534133248*((2)^(1/2))^13-4273819857684061620751643341395853312*((2)^(1/2))^12-319021
35630088670347090217748918173696*((2)^(1/2))^11-54018919151611262092468573846191996928*((2)^(1/2))^10+60980886
13326076763820542954794123264*((2)^(1/2))^9+165742190153552898371210502892905562112*((2)^(1/2))^8+237953531368
257398678452562645846327296*((2)^(1/2))^7-1483528932743204604817722258887802880*((2)^(1/2))^6-3736919518777585
09385554710314980147200*((2)^(1/2))^5-388870759733467738062002228629692416000*((2)^(1/2))^4+189927623450259928
39976956523054080000*((2)^(1/2))^3+293615221793233229280575987175859200000*((2)^(1/2))^2+182343622327236112896
485236981476000000*((2)^(1/2))                                                                                

Out[1]= -14281313569468371068843954497490436096 + 23078839580778356867463446790930809088 Sqrt[2]

In[2]:= a != 0                                                                                                

Out[2]= True

--- 

Since (x,y,z) = (1,0,1) is contained in F_00_1 but not contained in F_00_2, this partition contain real point(s).