[flopsy5:preprocessing-steps/cgs/G-segments] terui% fep asir
This is Risa/Asir, full GMP Version 20210326 (Kobe Distribution).
Copyright (C) 1994-2000, all rights reserved, FUJITSU LABORATORIES LIMITED.
Copyright 2000-2021, Risa/Asir committers, http://www.openxm.org/.
GC 7.6.12 copyright 1988-2018, H-J. Boehm, A. J. Demers, Xerox, SGI, HP, I. Maidanski.
Debug windows of ox servers will not be opened. Set Xm_noX=0 to open it.
OpenXM/Risa/Asir-Contrib $Revision: 1.157 $ (20200320), Copyright 2000-2019, OpenXM.org committers
helph(); [html help], ox_help(0); ox_help("keyword"); ox_grep("keyword");
     for help messages (unix version only).
http://www.math.kobe-u.ac.jp/OpenXM/Current/doc/index-doc.html
[1938] load("F-05-1.rr");
[1940] F_05_1;
[z-44*((2)^(1/2))-104,x^4+(2*y^2-3872*((2)^(1/2))^2)*x^2+y^4-3872*((2)^(1/2))^2*y^2+3748096*((2)^(1/2))^4]

[flopsy5:~/Documents/project/ev3-cgs-qe-ik] terui% /Applications/Mathematica.app/Contents/MacOS/wolframscript
Wolfram Language 12.0.0 Engine for Mac OS X x86 (64-bit)
Copyright 1988-2019 Wolfram Research, Inc.

In[1]:= Discriminant[z-44*((2)^(1/2))-104,z]                                                                  

Out[1]= 1

In[2]:= Reduce[Exists[{x,y}, x^4+(2*y^2-3872*((2)^(1/2))^2)*x^2+y^4-3872*((2)^(1/2))^2*y^2+3748096*((2)^(1/2))
^4==0],Reals]                                                                                                 
Out[2]= True

-----

With the discriminant and the QE computation, F_05_1 has a real root 

-----

Investigate if the root of F_05_1 is included in the root of F_05_2.
Compute a Groebner basis of F_05_1.
Then, calculate the normal form of F_05_2 w.r.t. F_05_1.

-----

[1941] GGG_05_1 = nd_gr(F_05_1, [x, y, z], 0, 2);
[z-44*((2)^(1/2))-104,x^4+(2*y^2-3872*((2)^(1/2))^2)*x^2+y^4-3872*((2)^(1/2))^2*y^2+3748096*((2)^(1/2))^4]
[1946] load("F-05-2.rr");                      
[1948] p_nf(F_05_2[0], GGG_05_1, [x, y, z], 2);
(40064558184763892480866254848*((2)^(1/2))^15-958220194719039525448650326016*((2)^(1/2))^13+5095587050668932321835189534720*((2)^(1/2))^11+40579331420163951394396116615168*((2)^(1/2))^9-485706650586944866274969166807040*((2)^(1/2))^7+1291670699921419618393640455372800*((2)^(1/2))^5)*x^2+(40064558184763892480866254848*((2)^(1/2))^15-958220194719039525448650326016*((2)^(1/2))^13+5095587050668932321835189534720*((2)^(1/2))^11+40579331420163951394396116615168*((2)^(1/2))^9-485706650586944866274969166807040*((2)^(1/2))^7+1291670699921419618393640455372800*((2)^(1/2))^5)*y^2-77564984645702895842957069385728*((2)^(1/2))^17+1855114296976060521268587031166976*((2)^(1/2))^15-9865056530095052975072926939217920*((2)^(1/2))^13-78561585629437409899550881766965248*((2)^(1/2))^11+940328075536325261108340306938429440*((2)^(1/2))^9-2500674475047868381210087921601740800*((2)^(1/2))^7

---

[flopsy5:~/Documents/project/ev3-cgs-qe-ik] terui% /Applications/Mathematica.app/Contents/MacOS/wolframscript
Wolfram Language 12.0.0 Engine for Mac OS X x86 (64-bit)
Copyright 1988-2019 Wolfram Research, Inc.

In[1]:= (40064558184763892480866254848*((2)^(1/2))^15-958220194719039525448650326016*((2)^(1/2))^13+5095587050
668932321835189534720*((2)^(1/2))^11+40579331420163951394396116615168*((2)^(1/2))^9-48570665058694486627496916
6807040*((2)^(1/2))^7+1291670699921419618393640455372800*((2)^(1/2))^5)*x^2+(40064558184763892480866254848*((2
)^(1/2))^15-958220194719039525448650326016*((2)^(1/2))^13+5095587050668932321835189534720*((2)^(1/2))^11+40579
331420163951394396116615168*((2)^(1/2))^9-485706650586944866274969166807040*((2)^(1/2))^7+12916706999214196183
93640455372800*((2)^(1/2))^5)*y^2-77564984645702895842957069385728*((2)^(1/2))^17+1855114296976060521268587031
166976*((2)^(1/2))^15-9865056530095052975072926939217920*((2)^(1/2))^13-78561585629437409899550881766965248*((
2)^(1/2))^11+940328075536325261108340306938429440*((2)^(1/2))^9-2500674475047868381210087921601740800*((2)^(1/
2))^7                                                                                                         

                                                                                                     2
Out[1]= -7887882955926187573750971872225263616 Sqrt[2] + 2037159854319779848592709677744128 Sqrt[2] x  + 
 
                                                 2
>    2037159854319779848592709677744128 Sqrt[2] y

In[2]:=                                              

---

Since the normal form of F_05_2 w.r.t. F_05_1 is not equal to zero, 
the root of F_05_1 is not included in the root of F_05_2.
Thus, this partition contains real root(s).