[flopsy5:preprocessing-steps/cgs/G-segments] terui% fep asir
This is Risa/Asir, full GMP Version 20210326 (Kobe Distribution).
Copyright (C) 1994-2000, all rights reserved, FUJITSU LABORATORIES LIMITED.
Copyright 2000-2021, Risa/Asir committers, http://www.openxm.org/.
GC 7.6.12 copyright 1988-2018, H-J. Boehm, A. J. Demers, Xerox, SGI, HP, I. Maidanski.
Debug windows of ox servers will not be opened. Set Xm_noX=0 to open it.
OpenXM/Risa/Asir-Contrib $Revision: 1.157 $ (20200320), Copyright 2000-2019, OpenXM.org committers
helph(); [html help], ox_help(0); ox_help("keyword"); ox_grep("keyword");
     for help messages (unix version only).
http://www.math.kobe-u.ac.jp/OpenXM/Current/doc/index-doc.html
l[1938] ;
l
[1939] load("F-12-1.rr")$
[1941] F_12_1;
[x^2+y^2-z^2+(88*((2)^(1/2))+208)*z-3872*((2)^(1/2))^2-9152*((2)^(1/2))-10816,z^4+(-176*((2)^(1/2))-416)*z^3+(13552*((2)^(1/2))^2+54912*((2)^(1/2))+64896)*z^2+(-511104*((2)^(1/2))^3-2818816*((2)^(1/2))^2-5710848*((2)^(1/2))-4499456)*z+7496192*((2)^(1/2))^4+53154816*((2)^(1/2))^3+146578432*((2)^(1/2))^2+197976064*((2)^(1/2))+116985856]

---

[flopsy5:~/Documents/project/ev3-cgs-qe-ik] terui% /Applications/Mathematica.app/Contents/MacOS/wolframscript
Wolfram Language 12.0.0 Engine for Mac OS X x86 (64-bit)
Copyright 1988-2019 Wolfram Research, Inc.

In[1]:= Reduce[Exists[{x,y,z}, x^2+y^2-z^2+(88*((2)^(1/2))+208)*z-3872*((2)^(1/2))^2-9152*((2)^(1/2))-10816==0
 && z^4+(-176*((2)^(1/2))-416)*z^3+(13552*((2)^(1/2))^2+54912*((2)^(1/2))+64896)*z^2+(-511104*((2)^(1/2))^3-28
18816*((2)^(1/2))^2-5710848*((2)^(1/2))-4499456)*z+7496192*((2)^(1/2))^4+53154816*((2)^(1/2))^3+146578432*((2)
^(1/2))^2+197976064*((2)^(1/2))+116985856 == 0], Reals]                                                       

Out[1]= True

In[2]:=          

---

With the QE computation, F_12_1 has a real root 

-----

Investigate if the root of F_12_1 is included in the root of F_12_2.
Compute a Groebner basis of F_12_1.
Then, calculate the normal form of F_12_2 w.r.t. F_12_1.

-----

[1942] GGG_12_1 = nd_gr(F_12_1, [x, y, z], 0, 2);
[z^4+(-176*((2)^(1/2))-416)*z^3+(13552*((2)^(1/2))^2+54912*((2)^(1/2))+64896)*z^2+(-511104*((2)^(1/2))^3-2818816*((2)^(1/2))^2-5710848*((2)^(1/2))-4499456)*z+7496192*((2)^(1/2))^4+53154816*((2)^(1/2))^3+146578432*((2)^(1/2))^2+197976064*((2)^(1/2))+116985856,x^2+y^2-z^2+(88*((2)^(1/2))+208)*z-3872*((2)^(1/2))^2-9152*((2)^(1/2))-10816]
[1943] load("F-12-2.rr")$
[1945] p_nf(F_12_2[0], GGG_12_1, [x,y,z], 2);
((10689309501347855679488*((2)^(1/2))^11-255655189920172675792896*((2)^(1/2))^9+1359513483824569147064320*((2)^(1/2))^7+10826652097535375666577408*((2)^(1/2))^5-129587569418431349217034240*((2)^(1/2))^3+344620495291854749289676800*((2)^(1/2)))*z^3+(-1410988854177916949692416*((2)^(1/2))^12-3335064564420530972000256*((2)^(1/2))^11+33746485069462793204662272*((2)^(1/2))^10+79764419255093874847383552*((2)^(1/2))^9-179455779864843127412490240*((2)^(1/2))^8-424168206953265573884067840*((2)^(1/2))^7-1429118076874669587988217856*((2)^(1/2))^6-3377915454431037207972151296*((2)^(1/2))^5+17105559163232938096648519680*((2)^(1/2))^4+40431321658550580955714682880*((2)^(1/2))^3-45489905378524826906237337600*((2)^(1/2))^2-107521594531058681778379161600*((2)^(1/2)))*z^2+(82778012778437794381955072*((2)^(1/2))^13+293485681669006725536022528*((2)^(1/2))^12-1632947076042081980252160000*((2)^(1/2))^11-7019268894448260986569752576*((2)^(1/2))^10+2232572816207700490738204672*((2)^(1/2))^9+37326802211887370501797969920*((2)^(1/2))^8+127955087366453568845918502912*((2)^(1/2))^7+297256559989931274301549314048*((2)^(1/2))^6-652222930315504498707609419776*((2)^(1/2))^5-3557956305952451124102892093440*((2)^(1/2))^4-1536116336949137240895069880320*((2)^(1/2))^3+9461900318733163996497366220800*((2)^(1/2))^2+11182245831230102904951432806400*((2)^(1/2)))*z-1821116281125631476403011584*((2)^(1/2))^14-8608913328957530615723327488*((2)^(1/2))^13+28294207949531628701610934272*((2)^(1/2))^12+193874534794224834608327819264*((2)^(1/2))^11+133384389299085374854573064192*((2)^(1/2))^10-807342211994331084602973618176*((2)^(1/2))^9-3785508779571050147656954281984*((2)^(1/2))^8-10248793535173490861888805797888*((2)^(1/2))^7+6620233907202885839727125069824*((2)^(1/2))^6+92188207122896533493209238601728*((2)^(1/2))^5+126301423367644748526366731796480*((2)^(1/2))^4-131780684329878449358252739133440*((2)^(1/2))^3-492018816574124527817863043481600*((2)^(1/2))^2-387651188815976900704983003955200*((2)^(1/2)))*y

---

In[2]:= ((10689309501347855679488*((2)^(1/2))^11-255655189920172675792896*((2)^(1/2))^9+1359513483824569147064
320*((2)^(1/2))^7+10826652097535375666577408*((2)^(1/2))^5-129587569418431349217034240*((2)^(1/2))^3+344620495
291854749289676800*((2)^(1/2)))*z^3+(-1410988854177916949692416*((2)^(1/2))^12-3335064564420530972000256*((2)^
(1/2))^11+33746485069462793204662272*((2)^(1/2))^10+79764419255093874847383552*((2)^(1/2))^9-17945577986484312
7412490240*((2)^(1/2))^8-424168206953265573884067840*((2)^(1/2))^7-1429118076874669587988217856*((2)^(1/2))^6-
3377915454431037207972151296*((2)^(1/2))^5+17105559163232938096648519680*((2)^(1/2))^4+40431321658550580955714
682880*((2)^(1/2))^3-45489905378524826906237337600*((2)^(1/2))^2-107521594531058681778379161600*((2)^(1/2)))*z
^2+(82778012778437794381955072*((2)^(1/2))^13+293485681669006725536022528*((2)^(1/2))^12-163294707604208198025
2160000*((2)^(1/2))^11-7019268894448260986569752576*((2)^(1/2))^10+2232572816207700490738204672*((2)^(1/2))^9+
37326802211887370501797969920*((2)^(1/2))^8+127955087366453568845918502912*((2)^(1/2))^7+297256559989931274301
549314048*((2)^(1/2))^6-652222930315504498707609419776*((2)^(1/2))^5-3557956305952451124102892093440*((2)^(1/2
))^4-1536116336949137240895069880320*((2)^(1/2))^3+9461900318733163996497366220800*((2)^(1/2))^2+1118224583123
0102904951432806400*((2)^(1/2)))*z-1821116281125631476403011584*((2)^(1/2))^14-8608913328957530615723327488*((
2)^(1/2))^13+28294207949531628701610934272*((2)^(1/2))^12+193874534794224834608327819264*((2)^(1/2))^11+133384
389299085374854573064192*((2)^(1/2))^10-807342211994331084602973618176*((2)^(1/2))^9-3785508779571050147656954
281984*((2)^(1/2))^8-10248793535173490861888805797888*((2)^(1/2))^7+6620233907202885839727125069824*((2)^(1/2)
)^6+92188207122896533493209238601728*((2)^(1/2))^5+126301423367644748526366731796480*((2)^(1/2))^4-13178068432
9878449358252739133440*((2)^(1/2))^3-492018816574124527817863043481600*((2)^(1/2))^2-3876511888159769007049830
03955200*((2)^(1/2)))*y                                                                                       

Out[2]= y (-480592182010827101771683575365632 - 371714537997082976949349354831872 Sqrt[2] + 
 
>      (7461423207970643697888399458304 + 6513526786445235582422390669312 Sqrt[2]) z + 
 
                                                                                 2
>      (-35872226961397325470617305088 - 42394450045287748283456815104 Sqrt[2]) z  + 
 
                                            3
>      135879647581050475267489792 Sqrt[2] z )

In[3]:=                                                                                                       
---

Since the normal form of F_12_2 w.r.t. F_12_1 is not equal to zero, 
the root of F_12_1 is not included in the root of F_12_2.
Thus, this partition contains real root(s).