[flopsy5:preprocessing-steps/cgs/G-segments] terui% fep asir
This is Risa/Asir, full GMP Version 20210326 (Kobe Distribution).
Copyright (C) 1994-2000, all rights reserved, FUJITSU LABORATORIES LIMITED.
Copyright 2000-2021, Risa/Asir committers, http://www.openxm.org/.
GC 7.6.12 copyright 1988-2018, H-J. Boehm, A. J. Demers, Xerox, SGI, HP, I. Maidanski.
Debug windows of ox servers will not be opened. Set Xm_noX=0 to open it.
OpenXM/Risa/Asir-Contrib $Revision: 1.157 $ (20200320), Copyright 2000-2019, OpenXM.org committers
helph(); [html help], ox_help(0); ox_help("keyword"); ox_grep("keyword");
     for help messages (unix version only).
http://www.math.kobe-u.ac.jp/OpenXM/Current/doc/index-doc.html
[1938] load("F-13-1.rr")$
[1940] F_13_1;
[(44561414904677*((2)^(1/2))^6-710514057004356*((2)^(1/2))^4+2832216090314292*((2)^(1/2))^2)*z^2+(-3921404511611576*((2)^(1/2))^7-9268774300172816*((2)^(1/2))^6+63254810935616960*((2)^(1/2))^5+147786923856906048*((2)^(1/2))^4-249235015947657696*((2)^(1/2))^3-589100946785372736*((2)^(1/2))^2-46369959247193472*((2)^(1/2)))*z+172541798510909344*((2)^(1/2))^8+407826069207603904*((2)^(1/2))^7-925680203197726592*((2)^(1/2))^6-6578500337304163840*((2)^(1/2))^5-13165104186274934080*((2)^(1/2))^4+25920441658556400384*((2)^(1/2))^3+32721141294176865024*((2)^(1/2))^2+4822475761708121088*((2)^(1/2))+348686883149263683840,(1256915209*((2)^(1/2))^4-10020506826*((2)^(1/2))^2)*x^2+(1256915209*((2)^(1/2))^4-10020506826*((2)^(1/2))^2)*y^2-164058983616*((2)^(1/2))*z-147357439068224*((2)^(1/2))^2+17062134296064*((2)^(1/2))+1233669741755520]

---

flopsy5:~/Documents/project/ev3-cgs-qe-ik] terui% /Applications/Mathematica.app/Contents/MacOS/wolframscript
Wolfram Language 12.0.0 Engine for Mac OS X x86 (64-bit)
Copyright 1988-2019 Wolfram Research, Inc.

In[1]:= Reduce[Exists[{x,y,z}, (44561414904677*((2)^(1/2))^6-710514057004356*((2)^(1/2))^4+2832216090314292*((
2)^(1/2))^2)*z^2+(-3921404511611576*((2)^(1/2))^7-9268774300172816*((2)^(1/2))^6+63254810935616960*((2)^(1/2))
^5+147786923856906048*((2)^(1/2))^4-249235015947657696*((2)^(1/2))^3-589100946785372736*((2)^(1/2))^2-46369959
247193472*((2)^(1/2)))*z+172541798510909344*((2)^(1/2))^8+407826069207603904*((2)^(1/2))^7-925680203197726592*
((2)^(1/2))^6-6578500337304163840*((2)^(1/2))^5-13165104186274934080*((2)^(1/2))^4+25920441658556400384*((2)^(
1/2))^3+32721141294176865024*((2)^(1/2))^2+4822475761708121088*((2)^(1/2))+348686883149263683840 == 0 && (1256
915209*((2)^(1/2))^4-10020506826*((2)^(1/2))^2)*x^2+(1256915209*((2)^(1/2))^4-10020506826*((2)^(1/2))^2)*y^2-1
64058983616*((2)^(1/2))*z-147357439068224*((2)^(1/2))^2+17062134296064*((2)^(1/2))+1233669741755520 == 0], Rea ls]                                                                                                           

Out[1]= False

In[2]:= Discriminant[(44561414904677*((2)^(1/2))^6-710514057004356*((2)^(1/2))^4+2832216090314292*((2)^(1/2))^
2)*z^2+(-3921404511611576*((2)^(1/2))^7-9268774300172816*((2)^(1/2))^6+63254810935616960*((2)^(1/2))^5+1477869
23856906048*((2)^(1/2))^4-249235015947657696*((2)^(1/2))^3-589100946785372736*((2)^(1/2))^2-46369959247193472*
((2)^(1/2)))*z+172541798510909344*((2)^(1/2))^8+407826069207603904*((2)^(1/2))^7-925680203197726592*((2)^(1/2)
)^6-6578500337304163840*((2)^(1/2))^5-13165104186274934080*((2)^(1/2))^4+25920441658556400384*((2)^(1/2))^3+32
721141294176865024*((2)^(1/2))^2+4822475761708121088*((2)^(1/2))+348686883149263683840, z]                    

Out[2]= -3891086873180503429149312616006418432

---

Since the discriminant of In[2] < 0, the z component of F_13_1 has no real root.
Thus, this partition does not contain real points.