[flopsy5:preprocessing-steps/cgs/G-segments] terui% fep asir
This is Risa/Asir, full GMP Version 20210326 (Kobe Distribution).
Copyright (C) 1994-2000, all rights reserved, FUJITSU LABORATORIES LIMITED.
Copyright 2000-2021, Risa/Asir committers, http://www.openxm.org/.
GC 7.6.12 copyright 1988-2018, H-J. Boehm, A. J. Demers, Xerox, SGI, HP, I. Maidanski.
Debug windows of ox servers will not be opened. Set Xm_noX=0 to open it.
OpenXM/Risa/Asir-Contrib $Revision: 1.157 $ (20200320), Copyright 2000-2019, OpenXM.org committers
helph(); [html help], ox_help(0); ox_help("keyword"); ox_grep("keyword");
     for help messages (unix version only).
http://www.math.kobe-u.ac.jp/OpenXM/Current/doc/index-doc.html
[1938] load("F-14-1.rr")$
[1940] F_14_1;
[x^4+(2*y^2+2*z^2+(-176*((2)^(1/2))-416)*z+18304*((2)^(1/2))+21632)*x^2+y^4+(2*z^2+(-176*((2)^(1/2))-416)*z+18304*((2)^(1/2))+21632)*y^2+z^4+(-176*((2)^(1/2))-416)*z^3+(15488*((2)^(1/2))^2+54912*((2)^(1/2))+64896)*z^2+(-681472*((2)^(1/2))^3-3221504*((2)^(1/2))^2-5710848*((2)^(1/2))-4499456)*z+14992384*((2)^(1/2))^4+70873088*((2)^(1/2))^3+167518208*((2)^(1/2))^2+197976064*((2)^(1/2))+116985856]

---

[flopsy5:~/Documents/project/ev3-cgs-qe-ik] terui% /Applications/Mathematica.app/Contents/MacOS/wolframscript
Wolfram Language 12.0.0 Engine for Mac OS X x86 (64-bit)
Copyright 1988-2019 Wolfram Research, Inc.

In[1]:= Reduce[Exists[{x,y,z}, x^4+(2*y^2+2*z^2+(-176*((2)^(1/2))-416)*z+18304*((2)^(1/2))+21632)*x^2+y^4+(2*z
^2+(-176*((2)^(1/2))-416)*z+18304*((2)^(1/2))+21632)*y^2+z^4+(-176*((2)^(1/2))-416)*z^3+(15488*((2)^(1/2))^2+5
4912*((2)^(1/2))+64896)*z^2+(-681472*((2)^(1/2))^3-3221504*((2)^(1/2))^2-5710848*((2)^(1/2))-4499456)*z+149923
84*((2)^(1/2))^4+70873088*((2)^(1/2))^3+167518208*((2)^(1/2))^2+197976064*((2)^(1/2))+116985856 == 0], Reals] 

Out[1]= True

---

With the QE computation, F_14_1 has a real root 

-----

Investigate if the root of F_14_1 is included in the root of F_14_2.
Since F_14_1 is a Groebner basis,
calculate the normal form of F_14_2 w.r.t. F_14_1.

-----

[1954] load("F-14-2.rr")$ 
[1956] p_nf(F_14_2[0], F_14_1, [x,y,z], 2);
((-707766457491750129088*((2)^(1/2))^9+12897205689843421833216*((2)^(1/2))^7-70689032163138466370304*((2)^(1/2))^5+102464412185422351291392*((2)^(1/2))^3)*z^9+(280275517166733051118848*((2)^(1/2))^10+662469404212278120826368*((2)^(1/2))^9-5107293453177995045953536*((2)^(1/2))^8-12071784525693442835890176*((2)^(1/2))^7+27926870102465222373602304*((2)^(1/2))^6+66164934104697604522604544*((2)^(1/2))^5-39839415759421795038449664*((2)^(1/2))^4-95906689805555320808742912*((2)^(1/2))^3-1677580546757792936067072*((2)^(1/2))^2)*z^8+(-43847547574528903997259776*((2)^(1/2))^11-233189230282721898530881536*((2)^(1/2))^10+492209176975450890311245824*((2)^(1/2))^9+4249268153044091878233341952*((2)^(1/2))^8+1163481280518214994901925888*((2)^(1/2))^7-23235155925251065014837116928*((2)^(1/2))^6-23221970450524804192011436032*((2)^(1/2))^5+33146393911838933471990120448*((2)^(1/2))^4+37324742900494027509050572800*((2)^(1/2))^3+1395747014902483722807803904*((2)^(1/2))^2+12614855427465495824371875840*((2)^(1/2)))*z^7+(3376261163238725607789002752*((2)^(1/2))^12+31921014634257042110005116928*((2)^(1/2))^11+32970349164809629418169139200*((2)^(1/2))^10-492079970256048251037269557248*((2)^(1/2))^9-1366271999464432461279539167232*((2)^(1/2))^8+1590262827807544667687176634368*((2)^(1/2))^7+8555763047661158953007535292416*((2)^(1/2))^6+3546982512155750695476498137088*((2)^(1/2))^5-11160924232789100566757470371840*((2)^(1/2))^4-7808980035404440162398034722816*((2)^(1/2))^3-4432287149042319759906029961216*((2)^(1/2))^2-9183614751194880960142725611520*((2)^(1/2)))*z^6+(-106111065130359947673368657920*((2)^(1/2))^13-2106786965860964779260337717248*((2)^(1/2))^12-9282597055086285958330142687232*((2)^(1/2))^11+14736948127489672006202662846464*((2)^(1/2))^10+173687085148929685882056634007552*((2)^(1/2))^9+209112546859257287268826868613120*((2)^(1/2))^8-747375612871880473837699240820736*((2)^(1/2))^7-1820435890915345917870006428762112*((2)^(1/2))^6-155641049008325880203441850286080*((2)^(1/2))^5+1945257169554100091594029513310208*((2)^(1/2))^4+1253803672029559348486024404664320*((2)^(1/2))^3+2554397585017813834938913797439488*((2)^(1/2))^2+3157500480463644089710728881111040*((2)^(1/2)))*z^5+(-2801332119441502618576932569088*((2)^(1/2))^14+55177753867787172790151702118400*((2)^(1/2))^13+689207348881450279225901649494016*((2)^(1/2))^12+1374373525803627023713520750428160*((2)^(1/2))^11-7861226821241989257229103467069440*((2)^(1/2))^10-34200598149060812323947128425545728*((2)^(1/2))^9-6465195635427644583453751712415744*((2)^(1/2))^8+163909310846777229398794536029782016*((2)^(1/2))^7+246514588894412359889239826513264640*((2)^(1/2))^6-13734788769361869764497356330369024*((2)^(1/2))^5-175327216546859387734827095619010560*((2)^(1/2))^4-226228407072456156293936256991100928*((2)^(1/2))^3-714692437545618077525522076810608640*((2)^(1/2))^2-648600478351856602000541816035737600*((2)^(1/2)))*z^4+(375645297540346255900602005454848*((2)^(1/2))^15+1165354161687665089328003948740608*((2)^(1/2))^14-22052210280150625156378008588648448*((2)^(1/2))^13-134796871649668682474776334524481536*((2)^(1/2))^12-9023759273938082334505252297900032*((2)^(1/2))^11+1698414439317845839767887746745499648*((2)^(1/2))^10+3813786270901136826731224839885946880*((2)^(1/2))^9-3109607579055439557082310208517046272*((2)^(1/2))^8-20731758453311892136500449835994841088*((2)^(1/2))^7-22023950969707065368594796994935914496*((2)^(1/2))^6-2117347759302849800622233669584551936*((2)^(1/2))^5+5053084725852963131640487268598153216*((2)^(1/2))^4+41841535392594415935900973263086419968*((2)^(1/2))^3+116170901795518444536278342778715373568*((2)^(1/2))^2+83257311379745780334362763224049254400*((2)^(1/2)))*z^3+(-13429319387067378648446521695010816*((2)^(1/2))^16-117201332832588031840987825701912576*((2)^(1/2))^15+143510285868427828533043384075419648*((2)^(1/2))^14+4493079264071050805196815439207858176*((2)^(1/2))^13+12476216166442768509970235342465269760*((2)^(1/2))^12-26771025555882741903440164883961741312*((2)^(1/2))^11-185321779264735524877603336576259063808*((2)^(1/2))^10-206542509676772200790794186479842099200*((2)^(1/2))^9+503939101165940290247123384157207527424*((2)^(1/2))^8+1516961043061990150809696051809948270592*((2)^(1/2))^7+1448349688689010250140777710825485893632*((2)^(1/2))^6+1002366040943832724565219199040427655168*((2)^(1/2))^5+148987129976397779204049395404964364288*((2)^(1/2))^4-5397625782892439463363060189593484656640*((2)^(1/2))^3-11117590631370392495401507177075191054336*((2)^(1/2))^2-6510054317808040810892930099627541135360*((2)^(1/2)))*z^2+(204538864510718536337877791970164736*((2)^(1/2))^17+2793298432510014758876876512562249728*((2)^(1/2))^16+7840550702477269449609165871943516160*((2)^(1/2))^15-55059080686260559547216405306844119040*((2)^(1/2))^14-374982148093946923419073873591882743808*((2)^(1/2))^13-336365106056830221946438362002773508096*((2)^(1/2))^12+3053441886005315333292325784304662609920*((2)^(1/2))^11+9551494438308446592017316244881005346816*((2)^(1/2))^10+3273459152827859042205091301908168048640*((2)^(1/2))^9-29668325733118762338009972674487612604416*((2)^(1/2))^8-63146471672731625759094192863574562439168*((2)^(1/2))^7-79143193822860441790022744376312179195904*((2)^(1/2))^6-93841109857355787524256789908923153907712*((2)^(1/2))^5+19181080643482551472401436498970447708160*((2)^(1/2))^4+377350113647461229937735026758518187229184*((2)^(1/2))^3+577487575886469837159509427291628895207424*((2)^(1/2))^2+282656466818194593225531636013119024660480*((2)^(1/2)))*z-999967782052401733207402538520805376*((2)^(1/2))^18-21272041909114727779139290364897132544*((2)^(1/2))^17-129307429479443852634801162649367216128*((2)^(1/2))^16+29682470887212078835396297845798600704*((2)^(1/2))^15+3128750695545159469995279018271057117184*((2)^(1/2))^14+10042722131445032754738275122402629255168*((2)^(1/2))^13-7129250485231720211241757887657098084352*((2)^(1/2))^12-100317547448203918331550029171582027431936*((2)^(1/2))^11-182766174039572825938764757577747245563904*((2)^(1/2))^10+41158236869919508700609057626271887917056*((2)^(1/2))^9+632396584974774147838337862898149304041472*((2)^(1/2))^8+1379645165141595701541709839418663016333312*((2)^(1/2))^7+2434523069357019088966993348266287293267968*((2)^(1/2))^6+2562888139922768140174997522557517860700160*((2)^(1/2))^5-2141013288380277482424198942032033262600192*((2)^(1/2))^4-10582763246557590574861695029589815894999040*((2)^(1/2))^3-12509013386549992121252590937218341616484352*((2)^(1/2))^2-5215242943919745023679209362396148410613760*((2)^(1/2)))*x^2+((-707766457491750129088*((2)^(1/2))^9+12897205689843421833216*((2)^(1/2))^7-70689032163138466370304*((2)^(1/2))^5+102464412185422351291392*((2)^(1/2))^3)*z^9+(280275517166733051118848*((2)^(1/2))^10+662469404212278120826368*((2)^(1/2))^9-5107293453177995045953536*((2)^(1/2))^8-12071784525693442835890176*((2)^(1/2))^7+27926870102465222373602304*((2)^(1/2))^6+66164934104697604522604544*((2)^(1/2))^5-39839415759421795038449664*((2)^(1/2))^4-95906689805555320808742912*((2)^(1/2))^3-1677580546757792936067072*((2)^(1/2))^2)*z^8+(-43847547574528903997259776*((2)^(1/2))^11-233189230282721898530881536*((2)^(1/2))^10+492209176975450890311245824*((2)^(1/2))^9+4249268153044091878233341952*((2)^(1/2))^8+1163481280518214994901925888*((2)^(1/2))^7-23235155925251065014837116928*((2)^(1/2))^6-23221970450524804192011436032*((2)^(1/2))^5+33146393911838933471990120448*((2)^(1/2))^4+37324742900494027509050572800*((2)^(1/2))^3+1395747014902483722807803904*((2)^(1/2))^2+12614855427465495824371875840*((2)^(1/2)))*z^7+(3376261163238725607789002752*((2)^(1/2))^12+31921014634257042110005116928*((2)^(1/2))^11+32970349164809629418169139200*((2)^(1/2))^10-492079970256048251037269557248*((2)^(1/2))^9-1366271999464432461279539167232*((2)^(1/2))^8+1590262827807544667687176634368*((2)^(1/2))^7+8555763047661158953007535292416*((2)^(1/2))^6+3546982512155750695476498137088*((2)^(1/2))^5-11160924232789100566757470371840*((2)^(1/2))^4-7808980035404440162398034722816*((2)^(1/2))^3-4432287149042319759906029961216*((2)^(1/2))^2-9183614751194880960142725611520*((2)^(1/2)))*z^6+(-106111065130359947673368657920*((2)^(1/2))^13-2106786965860964779260337717248*((2)^(1/2))^12-9282597055086285958330142687232*((2)^(1/2))^11+14736948127489672006202662846464*((2)^(1/2))^10+173687085148929685882056634007552*((2)^(1/2))^9+209112546859257287268826868613120*((2)^(1/2))^8-747375612871880473837699240820736*((2)^(1/2))^7-1820435890915345917870006428762112*((2)^(1/2))^6-155641049008325880203441850286080*((2)^(1/2))^5+1945257169554100091594029513310208*((2)^(1/2))^4+1253803672029559348486024404664320*((2)^(1/2))^3+2554397585017813834938913797439488*((2)^(1/2))^2+3157500480463644089710728881111040*((2)^(1/2)))*z^5+(-2801332119441502618576932569088*((2)^(1/2))^14+55177753867787172790151702118400*((2)^(1/2))^13+689207348881450279225901649494016*((2)^(1/2))^12+1374373525803627023713520750428160*((2)^(1/2))^11-7861226821241989257229103467069440*((2)^(1/2))^10-34200598149060812323947128425545728*((2)^(1/2))^9-6465195635427644583453751712415744*((2)^(1/2))^8+163909310846777229398794536029782016*((2)^(1/2))^7+246514588894412359889239826513264640*((2)^(1/2))^6-13734788769361869764497356330369024*((2)^(1/2))^5-175327216546859387734827095619010560*((2)^(1/2))^4-226228407072456156293936256991100928*((2)^(1/2))^3-714692437545618077525522076810608640*((2)^(1/2))^2-648600478351856602000541816035737600*((2)^(1/2)))*z^4+(375645297540346255900602005454848*((2)^(1/2))^15+1165354161687665089328003948740608*((2)^(1/2))^14-22052210280150625156378008588648448*((2)^(1/2))^13-134796871649668682474776334524481536*((2)^(1/2))^12-9023759273938082334505252297900032*((2)^(1/2))^11+1698414439317845839767887746745499648*((2)^(1/2))^10+3813786270901136826731224839885946880*((2)^(1/2))^9-3109607579055439557082310208517046272*((2)^(1/2))^8-20731758453311892136500449835994841088*((2)^(1/2))^7-22023950969707065368594796994935914496*((2)^(1/2))^6-2117347759302849800622233669584551936*((2)^(1/2))^5+5053084725852963131640487268598153216*((2)^(1/2))^4+41841535392594415935900973263086419968*((2)^(1/2))^3+116170901795518444536278342778715373568*((2)^(1/2))^2+83257311379745780334362763224049254400*((2)^(1/2)))*z^3+(-13429319387067378648446521695010816*((2)^(1/2))^16-117201332832588031840987825701912576*((2)^(1/2))^15+143510285868427828533043384075419648*((2)^(1/2))^14+4493079264071050805196815439207858176*((2)^(1/2))^13+12476216166442768509970235342465269760*((2)^(1/2))^12-26771025555882741903440164883961741312*((2)^(1/2))^11-185321779264735524877603336576259063808*((2)^(1/2))^10-206542509676772200790794186479842099200*((2)^(1/2))^9+503939101165940290247123384157207527424*((2)^(1/2))^8+1516961043061990150809696051809948270592*((2)^(1/2))^7+1448349688689010250140777710825485893632*((2)^(1/2))^6+1002366040943832724565219199040427655168*((2)^(1/2))^5+148987129976397779204049395404964364288*((2)^(1/2))^4-5397625782892439463363060189593484656640*((2)^(1/2))^3-11117590631370392495401507177075191054336*((2)^(1/2))^2-6510054317808040810892930099627541135360*((2)^(1/2)))*z^2+(204538864510718536337877791970164736*((2)^(1/2))^17+2793298432510014758876876512562249728*((2)^(1/2))^16+7840550702477269449609165871943516160*((2)^(1/2))^15-55059080686260559547216405306844119040*((2)^(1/2))^14-374982148093946923419073873591882743808*((2)^(1/2))^13-336365106056830221946438362002773508096*((2)^(1/2))^12+3053441886005315333292325784304662609920*((2)^(1/2))^11+9551494438308446592017316244881005346816*((2)^(1/2))^10+3273459152827859042205091301908168048640*((2)^(1/2))^9-29668325733118762338009972674487612604416*((2)^(1/2))^8-63146471672731625759094192863574562439168*((2)^(1/2))^7-79143193822860441790022744376312179195904*((2)^(1/2))^6-93841109857355787524256789908923153907712*((2)^(1/2))^5+19181080643482551472401436498970447708160*((2)^(1/2))^4+377350113647461229937735026758518187229184*((2)^(1/2))^3+577487575886469837159509427291628895207424*((2)^(1/2))^2+282656466818194593225531636013119024660480*((2)^(1/2)))*z-999967782052401733207402538520805376*((2)^(1/2))^18-21272041909114727779139290364897132544*((2)^(1/2))^17-129307429479443852634801162649367216128*((2)^(1/2))^16+29682470887212078835396297845798600704*((2)^(1/2))^15+3128750695545159469995279018271057117184*((2)^(1/2))^14+10042722131445032754738275122402629255168*((2)^(1/2))^13-7129250485231720211241757887657098084352*((2)^(1/2))^12-100317547448203918331550029171582027431936*((2)^(1/2))^11-182766174039572825938764757577747245563904*((2)^(1/2))^10+41158236869919508700609057626271887917056*((2)^(1/2))^9+632396584974774147838337862898149304041472*((2)^(1/2))^8+1379645165141595701541709839418663016333312*((2)^(1/2))^7+2434523069357019088966993348266287293267968*((2)^(1/2))^6+2562888139922768140174997522557517860700160*((2)^(1/2))^5-2141013288380277482424198942032033262600192*((2)^(1/2))^4-10582763246557590574861695029589815894999040*((2)^(1/2))^3-12509013386549992121252590937218341616484352*((2)^(1/2))^2-5215242943919745023679209362396148410613760*((2)^(1/2)))*y^2+(-505547469636964377920*((2)^(1/2))^9+9672904267382566374912*((2)^(1/2))^7-57836480860749654302976*((2)^(1/2))^5+102464412185422351291392*((2)^(1/2))^3)*z^11+(244684975304290758913280*((2)^(1/2))^10+578346305264687248340480*((2)^(1/2))^9-4681685665413162125457408*((2)^(1/2))^8-11065802481885655932899328*((2)^(1/2))^7+27953264756120266497217536*((2)^(1/2))^6+66164934104697604522604544*((2)^(1/2))^5-49066710164883377972932608*((2)^(1/2))^4-117219287540123169877352448*((2)^(1/2))^3-1677580546757792936067072*((2)^(1/2))^2)*z^10+(-54809434468161129996574720*((2)^(1/2))^11-254472374316462389269811200*((2)^(1/2))^10+735473015207142514630856704*((2)^(1/2))^9+4868953092029688610475704320*((2)^(1/2))^8-299661178381428345889161216*((2)^(1/2))^7-29071395346365077157106237440*((2)^(1/2))^6-24123998217199239774195449856*((2)^(1/2))^5+51029378571478713091849912320*((2)^(1/2))^4+58529216550361748167210696704*((2)^(1/2))^3+1744683768628104653509754880*((2)^(1/2))^2+12614855427465495824371875840*((2)^(1/2)))*z^9+(7493232683718600200960286720*((2)^(1/2))^12+51301630662198817676793937920*((2)^(1/2))^11-19335010574831979547252998144*((2)^(1/2))^10-876064551366171112036000825344*((2)^(1/2))^9-1503914439481110392854883500032*((2)^(1/2))^8+3871114452287274568859428847616*((2)^(1/2))^7+12370794984343171862865381556224*((2)^(1/2))^6+1110864513006209713152218628096*((2)^(1/2))^5-22780243227411641556997585502208*((2)^(1/2))^4-16748032270119430122705889787904*((2)^(1/2))^3-5824948007647103647926311976960*((2)^(1/2))^2-11807504680107704091612075786240*((2)^(1/2)))*z^8+(-688206050988334517767276724224*((2)^(1/2))^13-6234369592853875367198958551040*((2)^(1/2))^12-9111467195983027543700720320512*((2)^(1/2))^11+82143685612824779839529164996608*((2)^(1/2))^10+320658868816633584965638370099200*((2)^(1/2))^9-12645505793150841406462158176256*((2)^(1/2))^8-1895603959038429391194572167053312*((2)^(1/2))^7-2746032337382686801153731915153408*((2)^(1/2))^6+1558378901066339912387045255020544*((2)^(1/2))^5+5706752158107755516187223498162176*((2)^(1/2))^4+3919695594201688689028145158815744*((2)^(1/2))^3+4393464750966832316698015354060800*((2)^(1/2))^2+5009326172955085312159356357181440*((2)^(1/2)))*z^7+(43887536537916874357705276915712*((2)^(1/2))^14+501014005119507528934577455235072*((2)^(1/2))^13+1539763779154350381629633722318848*((2)^(1/2))^12-3724582709848080972040335947464704*((2)^(1/2))^11-32690204831219197063165723579252736*((2)^(1/2))^10-48985657854135195199293237317599232*((2)^(1/2))^9+116622155676347557728785432013963264*((2)^(1/2))^8+453438089674036633585337210354270208*((2)^(1/2))^7+337184947276036741362517336524849152*((2)^(1/2))^6-491861421216341185766231590291111936*((2)^(1/2))^5-970398989107204951212512391802650624*((2)^(1/2))^4-1007988861521651574247642476639682560*((2)^(1/2))^3-1588008499752257559000809765370593280*((2)^(1/2))^2-1262870002337130128094322142887280640*((2)^(1/2)))*z^6+(-1925182149894274561490585277956096*((2)^(1/2))^15-27385822799660129599208092795404288*((2)^(1/2))^14-128240517892018490931942711481073664*((2)^(1/2))^13-16779416964009414534156343094280192*((2)^(1/2))^12+1892121155021904583681510421047541760*((2)^(1/2))^11+5959640638706674328958657178613317632*((2)^(1/2))^10+524505969355753407193953867084595200*((2)^(1/2))^9-32580363108998841766561287485383507968*((2)^(1/2))^8-65376371915016416686269368630859792384*((2)^(1/2))^7-23131513528851395102172158285750206464*((2)^(1/2))^6+76415283511187522517664158161968300032*((2)^(1/2))^5+142554614253530744428346692513170456576*((2)^(1/2))^4+234963829619805797066913718721826521088*((2)^(1/2))^3+339357040776023292539278980325872500736*((2)^(1/2))^2+208069723506399185591128744339848560640*((2)^(1/2)))*z^5+(54233789832387490695649414537543680*((2)^(1/2))^16+1001094717945022771975104344537169920*((2)^(1/2))^15+6568529855730769391354352126671192064*((2)^(1/2))^14+12495394510123680955046312411932917760*((2)^(1/2))^13-58666552732857207921628285209281560576*((2)^(1/2))^12-356993701431596725862482996774809108480*((2)^(1/2))^11-530948777846050060702870302728852078592*((2)^(1/2))^10+965184663147654392313158110227269156864*((2)^(1/2))^9+4706619863058358468717500310906520731648*((2)^(1/2))^8+6339399937937242934800125993720892882944*((2)^(1/2))^7+959711439437813066805270848983416176640*((2)^(1/2))^6-8474866331773394823030147326491970502656*((2)^(1/2))^5-20423589438515597290546110783206499287040*((2)^(1/2))^4-38841343385475421240271150338865098653696*((2)^(1/2))^3-46327175162139029736702578342984857681920*((2)^(1/2))^2-23173182346996070105844198698198929244160*((2)^(1/2)))*z^4+(-749975836539301299905551903890604032*((2)^(1/2))^17-22561256570273196129390156447618170880*((2)^(1/2))^16-212576089244676622432675271664786735104*((2)^(1/2))^15-757808023976506988503178940194597371904*((2)^(1/2))^14+435122763106988200876478068685153501184*((2)^(1/2))^13+12000976578532971614757356242943256559616*((2)^(1/2))^12+34965477350279667911141096643813804343296*((2)^(1/2))^11+11739550356393107714919966534927267135488*((2)^(1/2))^10-161432424029790391569961172478696445968384*((2)^(1/2))^9-424886631702964182224750740324816183623680*((2)^(1/2))^8-450423386102146204069391545823180655427584*((2)^(1/2))^7-19485790486052355313008355880686013382656*((2)^(1/2))^6+863029161668065190685288740945293471645696*((2)^(1/2))^5+2414354432950344563473401873114320131325952*((2)^(1/2))^4+4181738357263227316335849432029404537552896*((2)^(1/2))^3+4113796456042354124126438233232412550103040*((2)^(1/2))^2+1739614671593708943716987914602531268853760*((2)^(1/2)))*z^3+(-4999838910262008666037012692604026880*((2)^(1/2))^18+233992461000262005570532194013868457984*((2)^(1/2))^17+4093543229361387529949535381967746367488*((2)^(1/2))^16+23012377967165640992263770397357341933568*((2)^(1/2))^15+32921558973414281538101555265280633995264*((2)^(1/2))^14-207466632120219486945734324827821013204992*((2)^(1/2))^13-1095116417374420709810117442832549703319552*((2)^(1/2))^12-1719659709139816844845699833164093083090944*((2)^(1/2))^11+1929186425509432537631579011178554120470528*((2)^(1/2))^10+13099568989507219206358699413573955873669120*((2)^(1/2))^9+25234743954640087890242964275392266425597952*((2)^(1/2))^8+23487231037676225264072692747247472416391168*((2)^(1/2))^7-4830077069121222017444487176992953653526528*((2)^(1/2))^6-75190378564333332698071416546955375574777856*((2)^(1/2))^5-191075713880148488728275483824701941831696384*((2)^(1/2))^4-279482038077274209431459238447121584258809856*((2)^(1/2))^3-231121204802485760561618407989516568834867200*((2)^(1/2))^2-84647539135094147533113493870835768292802560*((2)^(1/2)))*z^2+(351988659282445410089005693559323492352*((2)^(1/2))^19+1039966493334497802535698640061637591040*((2)^(1/2))^18-38366014273774933626916194260847716990976*((2)^(1/2))^17-363411889579018827558535495174414971961344*((2)^(1/2))^16-1109525557324719517107875267202001846403072*((2)^(1/2))^15+1001875114902810561417521584983682484011008*((2)^(1/2))^14+16844275059237546404663353806763214376009728*((2)^(1/2))^13+47088186000305274495031351919174397766664192*((2)^(1/2))^12+27627406454271943626826697409982257499734016*((2)^(1/2))^11-172175283317569040062421319500812066572206080*((2)^(1/2))^10-578788360646240887581112768918238917507940352*((2)^(1/2))^9-933283659993831998037855742483315100078833664*((2)^(1/2))^8-738122987738761341589585572957760679810433024*((2)^(1/2))^7+716676178095022590889698797045668372568604672*((2)^(1/2))^6+4127696852671287314798999260725596027239792640*((2)^(1/2))^5+8600559077280042303588748054432173358879604736*((2)^(1/2))^4+10559462329053587812449779503477995550380392448*((2)^(1/2))^3+7486497125526911876186623262029714109780459520*((2)^(1/2))^2+2416519001948942485793359160847792671670927360*((2)^(1/2)))*z-3871875252106899510979062629152558415872*((2)^(1/2))^20-36606820565374322649256592130169643204608*((2)^(1/2))^19+69392767648385742686855116250762342039552*((2)^(1/2))^18+2302823845686703862365366729492161739358208*((2)^(1/2))^17+11316519710725253891366452444499274905944064*((2)^(1/2))^16+11916829908329541087802610009130050141552640*((2)^(1/2))^15-94639430192310998361481384161173267663552512*((2)^(1/2))^14-442221212681245404566086562250944117511028736*((2)^(1/2))^13-718724059662205528896901342863454841836929024*((2)^(1/2))^12+425554166264990730366732058390884931797516288*((2)^(1/2))^11+4645608767667624017837242358028998874708836352*((2)^(1/2))^10+11455081535158262085567347722494335596112117760*((2)^(1/2))^9+16040277574782817865742354470183349602775728128*((2)^(1/2))^8+7816796373223299084940472236420673050754678784*((2)^(1/2))^7-28566159917352954743829123430624818788376248320*((2)^(1/2))^6-97562103513376563584794013460578593536697434112*((2)^(1/2))^5-165437009153908723875851404596848331241738469376*((2)^(1/2))^4-172700478811174513749628263132875294878690443264*((2)^(1/2))^3-106752433221634908646673143006118105063821934592*((2)^(1/2))^2-30772604388412598069862368119184717906297487360*((2)^(1/2))

---

[flopsy5:~/Documents/project/ev3-cgs-qe-ik] terui% /Applications/Mathematica.app/Contents/MacOS/wolframscript
Wolfram Language 12.0.0 Engine for Mac OS X x86 (64-bit)
Copyright 1988-2019 Wolfram Research, Inc.

In[1]:= a = ((-707766457491750129088*((2)^(1/2))^9+12897205689843421833216*((2)^(1/2))^7-706890321631384663703
04*((2)^(1/2))^5+102464412185422351291392*((2)^(1/2))^3)*z^9+(280275517166733051118848*((2)^(1/2))^10+66246940
4212278120826368*((2)^(1/2))^9-5107293453177995045953536*((2)^(1/2))^8-12071784525693442835890176*((2)^(1/2))^
7+27926870102465222373602304*((2)^(1/2))^6+66164934104697604522604544*((2)^(1/2))^5-39839415759421795038449664
*((2)^(1/2))^4-95906689805555320808742912*((2)^(1/2))^3-1677580546757792936067072*((2)^(1/2))^2)*z^8+(-4384754
7574528903997259776*((2)^(1/2))^11-233189230282721898530881536*((2)^(1/2))^10+492209176975450890311245824*((2)
^(1/2))^9+4249268153044091878233341952*((2)^(1/2))^8+1163481280518214994901925888*((2)^(1/2))^7-23235155925251
065014837116928*((2)^(1/2))^6-23221970450524804192011436032*((2)^(1/2))^5+33146393911838933471990120448*((2)^(
1/2))^4+37324742900494027509050572800*((2)^(1/2))^3+1395747014902483722807803904*((2)^(1/2))^2+126148554274654
95824371875840*((2)^(1/2)))*z^7+(3376261163238725607789002752*((2)^(1/2))^12+31921014634257042110005116928*((2
)^(1/2))^11+32970349164809629418169139200*((2)^(1/2))^10-492079970256048251037269557248*((2)^(1/2))^9-13662719
99464432461279539167232*((2)^(1/2))^8+1590262827807544667687176634368*((2)^(1/2))^7+85557630476611589530075352
92416*((2)^(1/2))^6+3546982512155750695476498137088*((2)^(1/2))^5-11160924232789100566757470371840*((2)^(1/2))
^4-7808980035404440162398034722816*((2)^(1/2))^3-4432287149042319759906029961216*((2)^(1/2))^2-918361475119488
0960142725611520*((2)^(1/2)))*z^6+(-106111065130359947673368657920*((2)^(1/2))^13-2106786965860964779260337717
248*((2)^(1/2))^12-9282597055086285958330142687232*((2)^(1/2))^11+14736948127489672006202662846464*((2)^(1/2))
^10+173687085148929685882056634007552*((2)^(1/2))^9+209112546859257287268826868613120*((2)^(1/2))^8-7473756128
71880473837699240820736*((2)^(1/2))^7-1820435890915345917870006428762112*((2)^(1/2))^6-15564104900832588020344
1850286080*((2)^(1/2))^5+1945257169554100091594029513310208*((2)^(1/2))^4+1253803672029559348486024404664320*(
(2)^(1/2))^3+2554397585017813834938913797439488*((2)^(1/2))^2+3157500480463644089710728881111040*((2)^(1/2)))*
z^5+(-2801332119441502618576932569088*((2)^(1/2))^14+55177753867787172790151702118400*((2)^(1/2))^13+689207348
881450279225901649494016*((2)^(1/2))^12+1374373525803627023713520750428160*((2)^(1/2))^11-78612268212419892572
29103467069440*((2)^(1/2))^10-34200598149060812323947128425545728*((2)^(1/2))^9-646519563542764458345375171241
5744*((2)^(1/2))^8+163909310846777229398794536029782016*((2)^(1/2))^7+246514588894412359889239826513264640*((2
)^(1/2))^6-13734788769361869764497356330369024*((2)^(1/2))^5-175327216546859387734827095619010560*((2)^(1/2))^
4-226228407072456156293936256991100928*((2)^(1/2))^3-714692437545618077525522076810608640*((2)^(1/2))^2-648600
478351856602000541816035737600*((2)^(1/2)))*z^4+(375645297540346255900602005454848*((2)^(1/2))^15+116535416168
7665089328003948740608*((2)^(1/2))^14-22052210280150625156378008588648448*((2)^(1/2))^13-134796871649668682474
776334524481536*((2)^(1/2))^12-9023759273938082334505252297900032*((2)^(1/2))^11+16984144393178458397678877467
45499648*((2)^(1/2))^10+3813786270901136826731224839885946880*((2)^(1/2))^9-3109607579055439557082310208517046
272*((2)^(1/2))^8-20731758453311892136500449835994841088*((2)^(1/2))^7-22023950969707065368594796994935914496*
((2)^(1/2))^6-2117347759302849800622233669584551936*((2)^(1/2))^5+5053084725852963131640487268598153216*((2)^(
1/2))^4+41841535392594415935900973263086419968*((2)^(1/2))^3+116170901795518444536278342778715373568*((2)^(1/2
))^2+83257311379745780334362763224049254400*((2)^(1/2)))*z^3+(-13429319387067378648446521695010816*((2)^(1/2))
^16-117201332832588031840987825701912576*((2)^(1/2))^15+143510285868427828533043384075419648*((2)^(1/2))^14+44
93079264071050805196815439207858176*((2)^(1/2))^13+12476216166442768509970235342465269760*((2)^(1/2))^12-26771
025555882741903440164883961741312*((2)^(1/2))^11-185321779264735524877603336576259063808*((2)^(1/2))^10-206542
509676772200790794186479842099200*((2)^(1/2))^9+503939101165940290247123384157207527424*((2)^(1/2))^8+15169610
43061990150809696051809948270592*((2)^(1/2))^7+1448349688689010250140777710825485893632*((2)^(1/2))^6+10023660
40943832724565219199040427655168*((2)^(1/2))^5+148987129976397779204049395404964364288*((2)^(1/2))^4-539762578
2892439463363060189593484656640*((2)^(1/2))^3-11117590631370392495401507177075191054336*((2)^(1/2))^2-65100543
17808040810892930099627541135360*((2)^(1/2)))*z^2+(204538864510718536337877791970164736*((2)^(1/2))^17+2793298
432510014758876876512562249728*((2)^(1/2))^16+7840550702477269449609165871943516160*((2)^(1/2))^15-55059080686
260559547216405306844119040*((2)^(1/2))^14-374982148093946923419073873591882743808*((2)^(1/2))^13-336365106056
830221946438362002773508096*((2)^(1/2))^12+3053441886005315333292325784304662609920*((2)^(1/2))^11+95514944383
08446592017316244881005346816*((2)^(1/2))^10+3273459152827859042205091301908168048640*((2)^(1/2))^9-2966832573
3118762338009972674487612604416*((2)^(1/2))^8-63146471672731625759094192863574562439168*((2)^(1/2))^7-79143193
822860441790022744376312179195904*((2)^(1/2))^6-93841109857355787524256789908923153907712*((2)^(1/2))^5+191810
80643482551472401436498970447708160*((2)^(1/2))^4+377350113647461229937735026758518187229184*((2)^(1/2))^3+577
487575886469837159509427291628895207424*((2)^(1/2))^2+282656466818194593225531636013119024660480*((2)^(1/2)))*
z-999967782052401733207402538520805376*((2)^(1/2))^18-21272041909114727779139290364897132544*((2)^(1/2))^17-12
9307429479443852634801162649367216128*((2)^(1/2))^16+29682470887212078835396297845798600704*((2)^(1/2))^15+312
8750695545159469995279018271057117184*((2)^(1/2))^14+10042722131445032754738275122402629255168*((2)^(1/2))^13-
7129250485231720211241757887657098084352*((2)^(1/2))^12-100317547448203918331550029171582027431936*((2)^(1/2))
^11-182766174039572825938764757577747245563904*((2)^(1/2))^10+41158236869919508700609057626271887917056*((2)^(
1/2))^9+632396584974774147838337862898149304041472*((2)^(1/2))^8+1379645165141595701541709839418663016333312*(
(2)^(1/2))^7+2434523069357019088966993348266287293267968*((2)^(1/2))^6+256288813992276814017499752255751786070
0160*((2)^(1/2))^5-2141013288380277482424198942032033262600192*((2)^(1/2))^4-105827632465575905748616950295898
15894999040*((2)^(1/2))^3-12509013386549992121252590937218341616484352*((2)^(1/2))^2-5215242943919745023679209
362396148410613760*((2)^(1/2)))*x^2+((-707766457491750129088*((2)^(1/2))^9+12897205689843421833216*((2)^(1/2))
^7-70689032163138466370304*((2)^(1/2))^5+102464412185422351291392*((2)^(1/2))^3)*z^9+(280275517166733051118848
*((2)^(1/2))^10+662469404212278120826368*((2)^(1/2))^9-5107293453177995045953536*((2)^(1/2))^8-120717845256934
42835890176*((2)^(1/2))^7+27926870102465222373602304*((2)^(1/2))^6+66164934104697604522604544*((2)^(1/2))^5-39
839415759421795038449664*((2)^(1/2))^4-95906689805555320808742912*((2)^(1/2))^3-1677580546757792936067072*((2)
^(1/2))^2)*z^8+(-43847547574528903997259776*((2)^(1/2))^11-233189230282721898530881536*((2)^(1/2))^10+49220917
6975450890311245824*((2)^(1/2))^9+4249268153044091878233341952*((2)^(1/2))^8+1163481280518214994901925888*((2)
^(1/2))^7-23235155925251065014837116928*((2)^(1/2))^6-23221970450524804192011436032*((2)^(1/2))^5+331463939118
38933471990120448*((2)^(1/2))^4+37324742900494027509050572800*((2)^(1/2))^3+1395747014902483722807803904*((2)^
(1/2))^2+12614855427465495824371875840*((2)^(1/2)))*z^7+(3376261163238725607789002752*((2)^(1/2))^12+319210146
34257042110005116928*((2)^(1/2))^11+32970349164809629418169139200*((2)^(1/2))^10-49207997025604825103726955724
8*((2)^(1/2))^9-1366271999464432461279539167232*((2)^(1/2))^8+1590262827807544667687176634368*((2)^(1/2))^7+85
55763047661158953007535292416*((2)^(1/2))^6+3546982512155750695476498137088*((2)^(1/2))^5-11160924232789100566
757470371840*((2)^(1/2))^4-7808980035404440162398034722816*((2)^(1/2))^3-4432287149042319759906029961216*((2)^
(1/2))^2-9183614751194880960142725611520*((2)^(1/2)))*z^6+(-106111065130359947673368657920*((2)^(1/2))^13-2106
786965860964779260337717248*((2)^(1/2))^12-9282597055086285958330142687232*((2)^(1/2))^11+14736948127489672006
202662846464*((2)^(1/2))^10+173687085148929685882056634007552*((2)^(1/2))^9+209112546859257287268826868613120*
((2)^(1/2))^8-747375612871880473837699240820736*((2)^(1/2))^7-1820435890915345917870006428762112*((2)^(1/2))^6
-155641049008325880203441850286080*((2)^(1/2))^5+1945257169554100091594029513310208*((2)^(1/2))^4+125380367202
9559348486024404664320*((2)^(1/2))^3+2554397585017813834938913797439488*((2)^(1/2))^2+315750048046364408971072
8881111040*((2)^(1/2)))*z^5+(-2801332119441502618576932569088*((2)^(1/2))^14+55177753867787172790151702118400*
((2)^(1/2))^13+689207348881450279225901649494016*((2)^(1/2))^12+1374373525803627023713520750428160*((2)^(1/2))
^11-7861226821241989257229103467069440*((2)^(1/2))^10-34200598149060812323947128425545728*((2)^(1/2))^9-646519
5635427644583453751712415744*((2)^(1/2))^8+163909310846777229398794536029782016*((2)^(1/2))^7+2465145888944123
59889239826513264640*((2)^(1/2))^6-13734788769361869764497356330369024*((2)^(1/2))^5-1753272165468593877348270
95619010560*((2)^(1/2))^4-226228407072456156293936256991100928*((2)^(1/2))^3-714692437545618077525522076810608
640*((2)^(1/2))^2-648600478351856602000541816035737600*((2)^(1/2)))*z^4+(375645297540346255900602005454848*((2
)^(1/2))^15+1165354161687665089328003948740608*((2)^(1/2))^14-22052210280150625156378008588648448*((2)^(1/2))^
13-134796871649668682474776334524481536*((2)^(1/2))^12-9023759273938082334505252297900032*((2)^(1/2))^11+16984
14439317845839767887746745499648*((2)^(1/2))^10+3813786270901136826731224839885946880*((2)^(1/2))^9-3109607579
055439557082310208517046272*((2)^(1/2))^8-20731758453311892136500449835994841088*((2)^(1/2))^7-220239509697070
65368594796994935914496*((2)^(1/2))^6-2117347759302849800622233669584551936*((2)^(1/2))^5+50530847258529631316
40487268598153216*((2)^(1/2))^4+41841535392594415935900973263086419968*((2)^(1/2))^3+1161709017955184445362783
42778715373568*((2)^(1/2))^2+83257311379745780334362763224049254400*((2)^(1/2)))*z^3+(-13429319387067378648446
521695010816*((2)^(1/2))^16-117201332832588031840987825701912576*((2)^(1/2))^15+143510285868427828533043384075
419648*((2)^(1/2))^14+4493079264071050805196815439207858176*((2)^(1/2))^13+12476216166442768509970235342465269
760*((2)^(1/2))^12-26771025555882741903440164883961741312*((2)^(1/2))^11-1853217792647355248776033365762590638
08*((2)^(1/2))^10-206542509676772200790794186479842099200*((2)^(1/2))^9+50393910116594029024712338415720752742
4*((2)^(1/2))^8+1516961043061990150809696051809948270592*((2)^(1/2))^7+144834968868901025014077771082548589363
2*((2)^(1/2))^6+1002366040943832724565219199040427655168*((2)^(1/2))^5+148987129976397779204049395404964364288
*((2)^(1/2))^4-5397625782892439463363060189593484656640*((2)^(1/2))^3-1111759063137039249540150717707519105433
6*((2)^(1/2))^2-6510054317808040810892930099627541135360*((2)^(1/2)))*z^2+(20453886451071853633787779197016473
6*((2)^(1/2))^17+2793298432510014758876876512562249728*((2)^(1/2))^16+7840550702477269449609165871943516160*((
2)^(1/2))^15-55059080686260559547216405306844119040*((2)^(1/2))^14-374982148093946923419073873591882743808*((2
)^(1/2))^13-336365106056830221946438362002773508096*((2)^(1/2))^12+3053441886005315333292325784304662609920*((
2)^(1/2))^11+9551494438308446592017316244881005346816*((2)^(1/2))^10+3273459152827859042205091301908168048640*
((2)^(1/2))^9-29668325733118762338009972674487612604416*((2)^(1/2))^8-6314647167273162575909419286357456243916
8*((2)^(1/2))^7-79143193822860441790022744376312179195904*((2)^(1/2))^6-93841109857355787524256789908923153907
712*((2)^(1/2))^5+19181080643482551472401436498970447708160*((2)^(1/2))^4+377350113647461229937735026758518187
229184*((2)^(1/2))^3+577487575886469837159509427291628895207424*((2)^(1/2))^2+28265646681819459322553163601311
9024660480*((2)^(1/2)))*z-999967782052401733207402538520805376*((2)^(1/2))^18-21272041909114727779139290364897
132544*((2)^(1/2))^17-129307429479443852634801162649367216128*((2)^(1/2))^16+296824708872120788353962978457986
00704*((2)^(1/2))^15+3128750695545159469995279018271057117184*((2)^(1/2))^14+100427221314450327547382751224026
29255168*((2)^(1/2))^13-7129250485231720211241757887657098084352*((2)^(1/2))^12-100317547448203918331550029171
582027431936*((2)^(1/2))^11-182766174039572825938764757577747245563904*((2)^(1/2))^10+411582368699195087006090
57626271887917056*((2)^(1/2))^9+632396584974774147838337862898149304041472*((2)^(1/2))^8+137964516514159570154
1709839418663016333312*((2)^(1/2))^7+2434523069357019088966993348266287293267968*((2)^(1/2))^6+256288813992276
8140174997522557517860700160*((2)^(1/2))^5-2141013288380277482424198942032033262600192*((2)^(1/2))^4-105827632
46557590574861695029589815894999040*((2)^(1/2))^3-12509013386549992121252590937218341616484352*((2)^(1/2))^2-5
215242943919745023679209362396148410613760*((2)^(1/2)))*y^2+(-505547469636964377920*((2)^(1/2))^9+967290426738
2566374912*((2)^(1/2))^7-57836480860749654302976*((2)^(1/2))^5+102464412185422351291392*((2)^(1/2))^3)*z^11+(2
44684975304290758913280*((2)^(1/2))^10+578346305264687248340480*((2)^(1/2))^9-4681685665413162125457408*((2)^(
1/2))^8-11065802481885655932899328*((2)^(1/2))^7+27953264756120266497217536*((2)^(1/2))^6+66164934104697604522
604544*((2)^(1/2))^5-49066710164883377972932608*((2)^(1/2))^4-117219287540123169877352448*((2)^(1/2))^3-167758
0546757792936067072*((2)^(1/2))^2)*z^10+(-54809434468161129996574720*((2)^(1/2))^11-25447237431646238926981120
0*((2)^(1/2))^10+735473015207142514630856704*((2)^(1/2))^9+4868953092029688610475704320*((2)^(1/2))^8-29966117
8381428345889161216*((2)^(1/2))^7-29071395346365077157106237440*((2)^(1/2))^6-24123998217199239774195449856*((
2)^(1/2))^5+51029378571478713091849912320*((2)^(1/2))^4+58529216550361748167210696704*((2)^(1/2))^3+1744683768
628104653509754880*((2)^(1/2))^2+12614855427465495824371875840*((2)^(1/2)))*z^9+(7493232683718600200960286720*
((2)^(1/2))^12+51301630662198817676793937920*((2)^(1/2))^11-19335010574831979547252998144*((2)^(1/2))^10-87606
4551366171112036000825344*((2)^(1/2))^9-1503914439481110392854883500032*((2)^(1/2))^8+387111445228727456885942
8847616*((2)^(1/2))^7+12370794984343171862865381556224*((2)^(1/2))^6+1110864513006209713152218628096*((2)^(1/2
))^5-22780243227411641556997585502208*((2)^(1/2))^4-16748032270119430122705889787904*((2)^(1/2))^3-58249480076
47103647926311976960*((2)^(1/2))^2-11807504680107704091612075786240*((2)^(1/2)))*z^8+(-68820605098833451776727
6724224*((2)^(1/2))^13-6234369592853875367198958551040*((2)^(1/2))^12-9111467195983027543700720320512*((2)^(1/
2))^11+82143685612824779839529164996608*((2)^(1/2))^10+320658868816633584965638370099200*((2)^(1/2))^9-1264550
5793150841406462158176256*((2)^(1/2))^8-1895603959038429391194572167053312*((2)^(1/2))^7-274603233738268680115
3731915153408*((2)^(1/2))^6+1558378901066339912387045255020544*((2)^(1/2))^5+570675215810775551618722349816217
6*((2)^(1/2))^4+3919695594201688689028145158815744*((2)^(1/2))^3+4393464750966832316698015354060800*((2)^(1/2)
)^2+5009326172955085312159356357181440*((2)^(1/2)))*z^7+(43887536537916874357705276915712*((2)^(1/2))^14+50101
4005119507528934577455235072*((2)^(1/2))^13+1539763779154350381629633722318848*((2)^(1/2))^12-3724582709848080
972040335947464704*((2)^(1/2))^11-32690204831219197063165723579252736*((2)^(1/2))^10-4898565785413519519929323
7317599232*((2)^(1/2))^9+116622155676347557728785432013963264*((2)^(1/2))^8+4534380896740366335853372103542702
08*((2)^(1/2))^7+337184947276036741362517336524849152*((2)^(1/2))^6-491861421216341185766231590291111936*((2)^
(1/2))^5-970398989107204951212512391802650624*((2)^(1/2))^4-1007988861521651574247642476639682560*((2)^(1/2))^
3-1588008499752257559000809765370593280*((2)^(1/2))^2-1262870002337130128094322142887280640*((2)^(1/2)))*z^6+(
-1925182149894274561490585277956096*((2)^(1/2))^15-27385822799660129599208092795404288*((2)^(1/2))^14-12824051
7892018490931942711481073664*((2)^(1/2))^13-16779416964009414534156343094280192*((2)^(1/2))^12+189212115502190
4583681510421047541760*((2)^(1/2))^11+5959640638706674328958657178613317632*((2)^(1/2))^10+5245059693557534071
93953867084595200*((2)^(1/2))^9-32580363108998841766561287485383507968*((2)^(1/2))^8-6537637191501641668626936
8630859792384*((2)^(1/2))^7-23131513528851395102172158285750206464*((2)^(1/2))^6+76415283511187522517664158161
968300032*((2)^(1/2))^5+142554614253530744428346692513170456576*((2)^(1/2))^4+23496382961980579706691371872182
6521088*((2)^(1/2))^3+339357040776023292539278980325872500736*((2)^(1/2))^2+2080697235063991855911287443398485
60640*((2)^(1/2)))*z^5+(54233789832387490695649414537543680*((2)^(1/2))^16+10010947179450227719751043445371699
20*((2)^(1/2))^15+6568529855730769391354352126671192064*((2)^(1/2))^14+12495394510123680955046312411932917760*
((2)^(1/2))^13-58666552732857207921628285209281560576*((2)^(1/2))^12-356993701431596725862482996774809108480*(
(2)^(1/2))^11-530948777846050060702870302728852078592*((2)^(1/2))^10+965184663147654392313158110227269156864*(
(2)^(1/2))^9+4706619863058358468717500310906520731648*((2)^(1/2))^8+6339399937937242934800125993720892882944*(
(2)^(1/2))^7+959711439437813066805270848983416176640*((2)^(1/2))^6-8474866331773394823030147326491970502656*((
2)^(1/2))^5-20423589438515597290546110783206499287040*((2)^(1/2))^4-38841343385475421240271150338865098653696*
((2)^(1/2))^3-46327175162139029736702578342984857681920*((2)^(1/2))^2-2317318234699607010584419869819892924416
0*((2)^(1/2)))*z^4+(-749975836539301299905551903890604032*((2)^(1/2))^17-2256125657027319612939015644761817088
0*((2)^(1/2))^16-212576089244676622432675271664786735104*((2)^(1/2))^15-75780802397650698850317894019459737190
4*((2)^(1/2))^14+435122763106988200876478068685153501184*((2)^(1/2))^13+12000976578532971614757356242943256559
616*((2)^(1/2))^12+34965477350279667911141096643813804343296*((2)^(1/2))^11+1173955035639310771491996653492726
7135488*((2)^(1/2))^10-161432424029790391569961172478696445968384*((2)^(1/2))^9-424886631702964182224750740324
816183623680*((2)^(1/2))^8-450423386102146204069391545823180655427584*((2)^(1/2))^7-19485790486052355313008355
880686013382656*((2)^(1/2))^6+863029161668065190685288740945293471645696*((2)^(1/2))^5+24143544329503445634734
01873114320131325952*((2)^(1/2))^4+4181738357263227316335849432029404537552896*((2)^(1/2))^3+41137964560423541
24126438233232412550103040*((2)^(1/2))^2+1739614671593708943716987914602531268853760*((2)^(1/2)))*z^3+(-499983
8910262008666037012692604026880*((2)^(1/2))^18+233992461000262005570532194013868457984*((2)^(1/2))^17+40935432
29361387529949535381967746367488*((2)^(1/2))^16+23012377967165640992263770397357341933568*((2)^(1/2))^15+32921
558973414281538101555265280633995264*((2)^(1/2))^14-207466632120219486945734324827821013204992*((2)^(1/2))^13-
1095116417374420709810117442832549703319552*((2)^(1/2))^12-1719659709139816844845699833164093083090944*((2)^(1
/2))^11+1929186425509432537631579011178554120470528*((2)^(1/2))^10+1309956898950721920635869941357395587366912
0*((2)^(1/2))^9+25234743954640087890242964275392266425597952*((2)^(1/2))^8+23487231037676225264072692747247472
416391168*((2)^(1/2))^7-4830077069121222017444487176992953653526528*((2)^(1/2))^6-7519037856433333269807141654
6955375574777856*((2)^(1/2))^5-191075713880148488728275483824701941831696384*((2)^(1/2))^4-2794820380772742094
31459238447121584258809856*((2)^(1/2))^3-231121204802485760561618407989516568834867200*((2)^(1/2))^2-846475391
35094147533113493870835768292802560*((2)^(1/2)))*z^2+(351988659282445410089005693559323492352*((2)^(1/2))^19+1
039966493334497802535698640061637591040*((2)^(1/2))^18-38366014273774933626916194260847716990976*((2)^(1/2))^1
7-363411889579018827558535495174414971961344*((2)^(1/2))^16-1109525557324719517107875267202001846403072*((2)^(
1/2))^15+1001875114902810561417521584983682484011008*((2)^(1/2))^14+168442750592375464046633538067632143760097
28*((2)^(1/2))^13+47088186000305274495031351919174397766664192*((2)^(1/2))^12+27627406454271943626826697409982
257499734016*((2)^(1/2))^11-172175283317569040062421319500812066572206080*((2)^(1/2))^10-578788360646240887581
112768918238917507940352*((2)^(1/2))^9-933283659993831998037855742483315100078833664*((2)^(1/2))^8-73812298773
8761341589585572957760679810433024*((2)^(1/2))^7+716676178095022590889698797045668372568604672*((2)^(1/2))^6+4
127696852671287314798999260725596027239792640*((2)^(1/2))^5+8600559077280042303588748054432173358879604736*((2
)^(1/2))^4+10559462329053587812449779503477995550380392448*((2)^(1/2))^3+7486497125526911876186623262029714109
780459520*((2)^(1/2))^2+2416519001948942485793359160847792671670927360*((2)^(1/2)))*z-387187525210689951097906
2629152558415872*((2)^(1/2))^20-36606820565374322649256592130169643204608*((2)^(1/2))^19+693927676483857426868
55116250762342039552*((2)^(1/2))^18+2302823845686703862365366729492161739358208*((2)^(1/2))^17+113165197107252
53891366452444499274905944064*((2)^(1/2))^16+11916829908329541087802610009130050141552640*((2)^(1/2))^15-94639
430192310998361481384161173267663552512*((2)^(1/2))^14-442221212681245404566086562250944117511028736*((2)^(1/2
))^13-718724059662205528896901342863454841836929024*((2)^(1/2))^12+4255541662649907303667320583908849317975162
88*((2)^(1/2))^11+4645608767667624017837242358028998874708836352*((2)^(1/2))^10+114550815351582620855673477224
94335596112117760*((2)^(1/2))^9+16040277574782817865742354470183349602775728128*((2)^(1/2))^8+7816796373223299
084940472236420673050754678784*((2)^(1/2))^7-28566159917352954743829123430624818788376248320*((2)^(1/2))^6-975
62103513376563584794013460578593536697434112*((2)^(1/2))^5-165437009153908723875851404596848331241738469376*((
2)^(1/2))^4-172700478811174513749628263132875294878690443264*((2)^(1/2))^3-10675243322163490864667314300611810
5063821934592*((2)^(1/2))^2-30772604388412598069862368119184717906297487360*((2)^(1/2))                       

Out[1]= -753661854176112776933040528895477863429783420928 - 
 
>    533194590366436790585379872302779040603748433920 Sqrt[2] + 
 
>    (37715875296710108205806017491038575044700667904 + 
 
>       26691083256021129732683002276087006844575285248 Sqrt[2]) z + 
 
>    (-864524116802163441059537139089836669612851200 - 612183666111805504853150476955439599210987520 Sqrt[2]) 
 
       2
>     z  + (11971891216429947541530784210950100833271808 + 
 
                                                              3
>       8488243558308932390663782049135328717963264 Sqrt[2]) z  + 
 
                                                                                                        4
>    (-111255463348150042171432044670805814018048 - 79093133404446294854759229514822985973760 Sqrt[2]) z  + 
 
                                                                                                  5
>    (728723853025937413117379252532069531648 + 521133697480746886934854332281004228608 Sqrt[2]) z  + 
 
                                                                                               6
>    (-3436102954959762589970183814392053760 - 2489680968907158183414005364762345472 Sqrt[2]) z  + 
 
                                                                                         7
>    (11672949628280523757775874781347840 + 8712331056847814279121935519449088 Sqrt[2]) z  + 
 
                                                                                     8
>    (-28006293528529797839248687104000 - 22266576190691904560458157260800 Sqrt[2]) z  + 
 
                                                                              9
>    (44795852546598665728546570240 + 40793672572673730369101496320 Sqrt[2]) z  + 
 
                                                                         10
>    (-43072935140960255508217856 - 49051717632306173154033664 Sqrt[2]) z   + 
 
                                      11    2
>    42877375552715186323456 Sqrt[2] z   + x  
 
>     (-9925474208911083662415085370761360556687360 - 7002597354677589375686065951842062471004160 Sqrt[2] + 
 
>       (401648689343200517376493927952794901282816 + 283963063060475963607888614950618812907520 Sqrt[2]) z + 
 
                                                                                                        2
>       (-7106297305659197327233605404326098894848 - 5048951045640294602986447781718004858880 Sqrt[2]) z  + 
 
                                                                                                   3
>       (72480241077193478062664002327791271936 + 51985484679035770815414690255592226816 Sqrt[2]) z  + 
 
                                                                                                4
>       (-469828718752836490907745404137242624 - 344420202111717111821799148960612352 Sqrt[2]) z  + 
 
                                                                                           5
>       (2008885444941945047920947713015808 + 1538697873966186261962662346752000 Sqrt[2]) z  + 
 
                                                                                      6
>       (-5651386951661502962974377115648 - 4743349206720947830611538608128 Sqrt[2]) z  + 
 
                                                                                 7
>       (10022057354810550513624416256 + 10156534979722343350710304768 Sqrt[2]) z  + 
 
                                                                            8
>       (-12045742012993450136567808 - 13128408930471316280967168 Sqrt[2]) z  + 
 
                                         9
>       14026077917170209701888 Sqrt[2] z ) + 
 
      2
>    y  (-9925474208911083662415085370761360556687360 - 7002597354677589375686065951842062471004160 Sqrt[2] + 
 
>       (401648689343200517376493927952794901282816 + 283963063060475963607888614950618812907520 Sqrt[2]) z + 
 
                                                                                                        2
>       (-7106297305659197327233605404326098894848 - 5048951045640294602986447781718004858880 Sqrt[2]) z  + 
 
                                                                                                   3
>       (72480241077193478062664002327791271936 + 51985484679035770815414690255592226816 Sqrt[2]) z  + 
 
                                                                                                4
>       (-469828718752836490907745404137242624 - 344420202111717111821799148960612352 Sqrt[2]) z  + 
 
                                                                                           5
>       (2008885444941945047920947713015808 + 1538697873966186261962662346752000 Sqrt[2]) z  + 
 
                                                                                      6
>       (-5651386951661502962974377115648 - 4743349206720947830611538608128 Sqrt[2]) z  + 
 
                                                                                 7
>       (10022057354810550513624416256 + 10156534979722343350710304768 Sqrt[2]) z  + 
 
                                                                            8
>       (-12045742012993450136567808 - 13128408930471316280967168 Sqrt[2]) z  + 
 
                                         9
>       14026077917170209701888 Sqrt[2] z )

---

Since the normal form of F_14_2 w.r.t. F_14_1 is not equal to zero, 
the root of F_14_1 is not included in the root of F_14_2.
Thus, this partition contains real root(s).