[flopsy5:preprocessing-steps/cgs/G-segments] terui% fep asir
This is Risa/Asir, full GMP Version 20210326 (Kobe Distribution).
Copyright (C) 1994-2000, all rights reserved, FUJITSU LABORATORIES LIMITED.
Copyright 2000-2021, Risa/Asir committers, http://www.openxm.org/.
GC 7.6.12 copyright 1988-2018, H-J. Boehm, A. J. Demers, Xerox, SGI, HP, I. Maidanski.
Debug windows of ox servers will not be opened. Set Xm_noX=0 to open it.
OpenXM/Risa/Asir-Contrib $Revision: 1.157 $ (20200320), Copyright 2000-2019, OpenXM.org committers
helph(); [html help], ox_help(0); ox_help("keyword"); ox_grep("keyword");
     for help messages (unix version only).
http://www.math.kobe-u.ac.jp/OpenXM/Current/doc/index-doc.html
[1938] load("F-18-1.rr")$
[1940] F_18_1;
[z^2+(-88*((2)^(1/2))-208)*z+3872*((2)^(1/2))^2+9152*((2)^(1/2))-16896,289*x^4+(578*y^2+30976*((2)^(1/2))^2-2071552)*x^2+289*y^4+(30976*((2)^(1/2))^2-2071552)*y^2]

---

[flopsy5:~/Documents/project/ev3-cgs-qe-ik] terui% /Applications/Mathematica.app/Contents/MacOS/wolframscript
Wolfram Language 12.0.0 Engine for Mac OS X x86 (64-bit)
Copyright 1988-2019 Wolfram Research, Inc.

In[1]:= Discriminant[z^2+(-88*((2)^(1/2))-208)*z+3872*((2)^(1/2))^2+9152*((2)^(1/2))-16896, z]                

Out[1]= 95360

In[2]:= Reduce[Exists[{x,y}, 289*x^4+(578*y^2+30976*((2)^(1/2))^2-2071552)*x^2+289*y^4+(30976*((2)^(1/2))^2-20
71552)*y^2 == 0], Reals]                                                                                      

Out[2]= True

---

With the discriminant and the QE computation, F_18_1 has a real root 

-----

Investigate if the root of F_18_1 is included in the root of F_18_2.
Compute a Groebner basis of F_18_1.
Then, calculate the normal form of F_18_2 w.r.t. F_18_1.

-----

[1941] GGG_18_1 = nd_gr(F_18_1, [x, y, z], 0, 2);
[z^2+(-88*((2)^(1/2))-208)*z+3872*((2)^(1/2))^2+9152*((2)^(1/2))-16896,289*x^4+(578*y^2+30976*((2)^(1/2))^2-2071552)*x^2+289*y^4+(30976*((2)^(1/2))^2-2071552)*y^2]
[1942] load("F-18-2.rr")$
[1944] p_nf(F_18_2[0], GGG_18_1, [x,y,z], 2);
(7907071362312384229338578944*((2)^(1/2))^11-1712455808949357109278889476096*((2)^(1/2))^9+146319355116092642506495757025280*((2)^(1/2))^7-6202710924430521834161450069065728*((2)^(1/2))^5+130969930267877559177851999096115200*((2)^(1/2))^3-1105266069034036857204322707281920000*((2)^(1/2)))*y^2*x^3+((7907071362312384229338578944*((2)^(1/2))^11-1712455808949357109278889476096*((2)^(1/2))^9+146319355116092642506495757025280*((2)^(1/2))^7-6202710924430521834161450069065728*((2)^(1/2))^5+130969930267877559177851999096115200*((2)^(1/2))^3-1105266069034036857204322707281920000*((2)^(1/2)))*y^4+(847506721518991051515542634496*((2)^(1/2))^13-240224708071820865024490215571456*((2)^(1/2))^11+27957887889331295199730500420763648*((2)^(1/2))^9-1713644727766822803130108566770286592*((2)^(1/2))^7+58498833151915818822470462759427375104*((2)^(1/2))^5-1057258625400278959026846936374811033600*((2)^(1/2))^3+7922547182835976192440585165796802560000*((2)^(1/2)))*y^2)*x

---

n[3]:= (7907071362312384229338578944*((2)^(1/2))^11-1712455808949357109278889476096*((2)^(1/2))^9+14631935511
6092642506495757025280*((2)^(1/2))^7-6202710924430521834161450069065728*((2)^(1/2))^5+130969930267877559177851
999096115200*((2)^(1/2))^3-1105266069034036857204322707281920000*((2)^(1/2)))*y^2*x^3+((7907071362312384229338
578944*((2)^(1/2))^11-1712455808949357109278889476096*((2)^(1/2))^9+146319355116092642506495757025280*((2)^(1/
2))^7-6202710924430521834161450069065728*((2)^(1/2))^5+130969930267877559177851999096115200*((2)^(1/2))^3-1105
266069034036857204322707281920000*((2)^(1/2)))*y^4+(847506721518991051515542634496*((2)^(1/2))^13-240224708071
820865024490215571456*((2)^(1/2))^11+27957887889331295199730500420763648*((2)^(1/2))^9-17136447277668228031301
08566770286592*((2)^(1/2))^7+58498833151915818822470462759427375104*((2)^(1/2))^5-1057258625400278959026846936
374811033600*((2)^(1/2))^3+7922547182835976192440585165796802560000*((2)^(1/2)))*y^2)*x                       

                                                       3  2
Out[3]= -866993643621734680762665666706841600 Sqrt[2] x  y  + 
 
                                                          2                                                 4
>    x (6028755800076948146922674476865290240000 Sqrt[2] y  - 866993643621734680762665666706841600 Sqrt[2] y )

---

Since the normal form of F_18_2 w.r.t. F_18_1 is not equal to zero, 
the root of F_18_1 is not included in the root of F_18_2.
Thus, this partition contains real root(s).