[flopsy5:preprocessing-steps/cgs/G-segments] terui% fep asir
This is Risa/Asir, full GMP Version 20210326 (Kobe Distribution).
Copyright (C) 1994-2000, all rights reserved, FUJITSU LABORATORIES LIMITED.
Copyright 2000-2021, Risa/Asir committers, http://www.openxm.org/.
GC 7.6.12 copyright 1988-2018, H-J. Boehm, A. J. Demers, Xerox, SGI, HP, I. Maidanski.
Debug windows of ox servers will not be opened. Set Xm_noX=0 to open it.
OpenXM/Risa/Asir-Contrib $Revision: 1.157 $ (20200320), Copyright 2000-2019, OpenXM.org committers
helph(); [html help], ox_help(0); ox_help("keyword"); ox_grep("keyword");
     for help messages (unix version only).
http://www.math.kobe-u.ac.jp/OpenXM/Current/doc/index-doc.html
[1938] load("F-22-1.rr")$
[1940] F_22_1;
[35453*((2)^(1/2))^2*z^2+(-3119864*((2)^(1/2))^3-7374224*((2)^(1/2))^2+580448*((2)^(1/2)))*z+137274016*((2)^(1/2))^4+324465856*((2)^(1/2))^3-736469888*((2)^(1/2))^2-60366592*((2)^(1/2))+4364778560,106431809152493*((2)^(1/2))^4*x^4+(212863618304986*((2)^(1/2))^4*y^2-3485072110058176*((2)^(1/2))^3*z+11407722215597312*((2)^(1/2))^6+62397373546002176*((2)^(1/2))^4+362447499446050304*((2)^(1/2))^3-26206599085595758720*((2)^(1/2))^2)*x^2+106431809152493*((2)^(1/2))^4*y^4+(-3485072110058176*((2)^(1/2))^3*z+11407722215597312*((2)^(1/2))^6+62397373546002176*((2)^(1/2))^4+362447499446050304*((2)^(1/2))^3-26206599085595758720*((2)^(1/2))^2)*y^2+(1488994085411340288*((2)^(1/2))^3+428595837117655150592*((2)^(1/2)))*z-1468442881061348786176*((2)^(1/2))^4-154855384882779389952*((2)^(1/2))^3-6780803882325362458624*((2)^(1/2))^2-44573967060236135661568*((2)^(1/2))+1609693863710307096023040]

---

[flopsy5:~/Documents/project/ev3-cgs-qe-ik] terui% /Applications/Mathematica.app/Contents/MacOS/wolframscript
Wolfram Language 12.0.0 Engine for Mac OS X x86 (64-bit)
Copyright 1988-2019 Wolfram Research, Inc.

In[1]:= Discriminant[35453*((2)^(1/2))^2*z^2+(-3119864*((2)^(1/2))^3-7374224*((2)^(1/2))^2+580448*((2)^(1/2)))
*z+137274016*((2)^(1/2))^4+324465856*((2)^(1/2))^3-736469888*((2)^(1/2))^2-60366592*((2)^(1/2))+4364778560, z]
                                                                                                              

Out[1]= -694360086683648

---

Since the discriminant of In[1] < 0, the z component of F_22_1 has no real root.
Thus, this partition does not contain real points.
