[flopsy5:preprocessing-steps/cgs/G-segments] terui% fep asir
This is Risa/Asir, full GMP Version 20210326 (Kobe Distribution).
Copyright (C) 1994-2000, all rights reserved, FUJITSU LABORATORIES LIMITED.
Copyright 2000-2021, Risa/Asir committers, http://www.openxm.org/.
GC 7.6.12 copyright 1988-2018, H-J. Boehm, A. J. Demers, Xerox, SGI, HP, I. Maidanski.
Debug windows of ox servers will not be opened. Set Xm_noX=0 to open it.
OpenXM/Risa/Asir-Contrib $Revision: 1.157 $ (20200320), Copyright 2000-2019, OpenXM.org committers
helph(); [html help], ox_help(0); ox_help("keyword"); ox_grep("keyword");
     for help messages (unix version only).
http://www.math.kobe-u.ac.jp/OpenXM/Current/doc/index-doc.html
[1938] load("F-29-1.rr")$
[1940] F_29_1;
0
[1941] load("F-29-1.rr")$
[1943] F_29_1;           
[y,x,z^4+(-176*((2)^(1/2))-416)*z^3+(15488*((2)^(1/2))^2+54912*((2)^(1/2))+2304)*z^2+(-681472*((2)^(1/2))^3-3221504*((2)^(1/2))^2-202752*((2)^(1/2))+8519680)*z+14992384*((2)^(1/2))^4+70873088*((2)^(1/2))^3-74838016*((2)^(1/2))^2-374865920*((2)^(1/2))+406585344]

---

[flopsy5:~/Documents/project/ev3-cgs-qe-ik] terui% /Applications/Mathematica.app/Contents/MacOS/wolframscript
Wolfram Language 12.0.0 Engine for Mac OS X x86 (64-bit)
Copyright 1988-2019 Wolfram Research, Inc.

In[2]:= Reduce[Exists[{z}, z^4+(-176*((2)^(1/2))-416)*z^3+(15488*((2)^(1/2))^2+54912*((2)^(1/2))+2304)*z^2+(-6
                                                                                                              
        81472*((2)^(1/2))^3-3221504*((2)^(1/2))^2-202752*((2)^(1/2))+8519680)*z+14992384*((2)^(1/2))^4+7087308
8*((2)^(                                                                                                      
        1/2))^3-74838016*((2)^(1/2))^2-374865920*((2)^(1/2))+406585344 == 0], Reals]                          

Out[2]= True

---

With the QE computation, F_29_1 has a real root 

-----

[1944] load("F-29-2.rr")$
[1946] F_29_2;           
[1]

---

Since F_29_2 = [1], the affine variety of F_29_2 is empty.
Thus, this partition contains real root(s).

