[flopsy5:preprocessing-steps/cgs/G-segments] terui% fep asir
This is Risa/Asir, full GMP Version 20210326 (Kobe Distribution).
Copyright (C) 1994-2000, all rights reserved, FUJITSU LABORATORIES LIMITED.
Copyright 2000-2021, Risa/Asir committers, http://www.openxm.org/.
GC 7.6.12 copyright 1988-2018, H-J. Boehm, A. J. Demers, Xerox, SGI, HP, I. Maidanski.
Debug windows of ox servers will not be opened. Set Xm_noX=0 to open it.
OpenXM/Risa/Asir-Contrib $Revision: 1.157 $ (20200320), Copyright 2000-2019, OpenXM.org committers
helph(); [html help], ox_help(0); ox_help("keyword"); ox_grep("keyword");
     for help messages (unix version only).
http://www.math.kobe-u.ac.jp/OpenXM/Current/doc/index-doc.html
[1938] load("F-31-1.rr")$
[1940] F_31_1;
[289*x^4+(578*y^2+578*z^2+(-50864*((2)^(1/2))-120224)*z+2268992*((2)^(1/2))^2+5289856*((2)^(1/2))-11837440)*x^2+289*y^4+(578*z^2+(-50864*((2)^(1/2))-120224)*z+2268992*((2)^(1/2))^2+5289856*((2)^(1/2))-11837440)*y^2+289*z^4+(-50864*((2)^(1/2))-120224)*z^3+(4476032*((2)^(1/2))^2+15869568*((2)^(1/2))+665856)*z^2+(-196945408*((2)^(1/2))^3-931014656*((2)^(1/2))^2-58595328*((2)^(1/2))+2462187520)*z+4332798976*((2)^(1/2))^4+20482322432*((2)^(1/2))^3-21628186624*((2)^(1/2))^2-108336250880*((2)^(1/2))+117503164416]

---

[flopsy5:~/Documents/project/ev3-cgs-qe-ik] terui% /Applications/Mathematica.app/Contents/MacOS/wolframscript
Wolfram Language 12.0.0 Engine for Mac OS X x86 (64-bit)
Copyright 1988-2019 Wolfram Research, Inc.

In[1]:= Reduce[Exists[{x,y,z}, 289*x^4+(578*y^2+578*z^2+(-50864*((2)^(1/2))-120224)*z+2268992*((2)^(1/2))^2+52
89856*((2)^(1/2))-11837440)*x^2+289*y^4+(578*z^2+(-50864*((2)^(1/2))-120224)*z+2268992*((2)^(1/2))^2+5289856*(
(2)^(1/2))-11837440)*y^2+289*z^4+(-50864*((2)^(1/2))-120224)*z^3+(4476032*((2)^(1/2))^2+15869568*((2)^(1/2))+6
65856)*z^2+(-196945408*((2)^(1/2))^3-931014656*((2)^(1/2))^2-58595328*((2)^(1/2))+2462187520)*z+4332798976*((2
)^(1/2))^4+20482322432*((2)^(1/2))^3-21628186624*((2)^(1/2))^2-108336250880*((2)^(1/2))+117503164416 == 0], Re
als]                                                                                                          

Out[1]= True

In[3]:= Reduce[Exists[{x,y,z}, 289*x^4+(578*y^2+578*z^2+(-50864*((2)^(1/2))-120224)*z+2268992*((2)^(1/2))^2+52
89856*((2)^(1/2))-11837440)*x^2+289*y^4+(578*z^2+(-50864*((2)^(1/2))-120224)*z+2268992*((2)^(1/2))^2+5289856*(
(2)^(1/2))-11837440)*y^2+289*z^4+(-50864*((2)^(1/2))-120224)*z^3+(4476032*((2)^(1/2))^2+15869568*((2)^(1/2))+6
65856)*z^2+(-196945408*((2)^(1/2))^3-931014656*((2)^(1/2))^2-58595328*((2)^(1/2))+2462187520)*z+4332798976*((2
)^(1/2))^4+20482322432*((2)^(1/2))^3-21628186624*((2)^(1/2))^2-108336250880*((2)^(1/2))+117503164416 == 0 && y
 != 0 && z != 0], Reals]                                                                                      

Out[3]= True

---

With the QE computation, F_31_1 has a real root,
in which y and z are not equal to zero

-----

Investigate if the root of F_31_1 is included in the root of F_31_2.
Compute a Groebner basis of F_31_1.
Then, calculate the normal form of F_31_2 w.r.t. F_31_1.

-----

[1942] GGG_31_1 = nd_gr(F_31_1, [x,y,z], 0,2);
[289*x^4+(578*y^2+578*z^2+(-50864*((2)^(1/2))-120224)*z+2268992*((2)^(1/2))^2+5289856*((2)^(1/2))-11837440)*x^2+289*y^4+(578*z^2+(-50864*((2)^(1/2))-120224)*z+2268992*((2)^(1/2))^2+5289856*((2)^(1/2))-11837440)*y^2+289*z^4+(-50864*((2)^(1/2))-120224)*z^3+(4476032*((2)^(1/2))^2+15869568*((2)^(1/2))+665856)*z^2+(-196945408*((2)^(1/2))^3-931014656*((2)^(1/2))^2-58595328*((2)^(1/2))+2462187520)*z+4332798976*((2)^(1/2))^4+20482322432*((2)^(1/2))^3-21628186624*((2)^(1/2))^2-108336250880*((2)^(1/2))+117503164416]
[1943] load("F-31-2.rr")$
[1945] p_nf(F_31_2[0], GGG_31_1, [x,y,z], 2);
((191160136956477155401*((2)^(1/2))^11-4571958657630041138142*((2)^(1/2))^9+36455649079778761147612*((2)^(1/2))^7-96913641330975965481480*((2)^(1/2))^5)*z^8+(-67288368208679958701152*((2)^(1/2))^12-159045233947788993293632*((2)^(1/2))^11+1609329447485774480625984*((2)^(1/2))^10+3803869603148194226934144*((2)^(1/2))^9-12832388476082123923959424*((2)^(1/2))^8-30331100034375929274813184*((2)^(1/2))^7+34113601748503539849480960*((2)^(1/2))^6+80632149587372003280591360*((2)^(1/2))^5)*z^7+(11842752804727672731402752*((2)^(1/2))^13+48985932055919009934438656*((2)^(1/2))^12-249116362174443279333407744*((2)^(1/2))^11-1171591837769643821895716352*((2)^(1/2))^10+1489339108351673777462233728*((2)^(1/2))^9+9341978810587786216642460672*((2)^(1/2))^8-620509510208679650026865408*((2)^(1/2))^7-24834702072910577010422138880*((2)^(1/2))^6-8334211349225820404624148992*((2)^(1/2))^5-23836972046857565409017656320*((2)^(1/2))^3)*z^6+(-1302702808520044000454302720*((2)^(1/2))^14-7389877750150067784395317248*((2)^(1/2))^13+22147454269398594221132974080*((2)^(1/2))^12+179531875502162606824541364224*((2)^(1/2))^11-45376467349111990415033476096*((2)^(1/2))^10-1505344754398556599755709667328*((2)^(1/2))^9-760800551096348516473239472128*((2)^(1/2))^8+4980054425975556816126075588608*((2)^(1/2))^7+2200231796195616586820775333888*((2)^(1/2))^6-7009094737201306292274797125632*((2)^(1/2))^5+6292960620370397267980661268480*((2)^(1/2))^4+14874270557239120815227017543680*((2)^(1/2))^3)*z^5+(97442170077299291233981843456*((2)^(1/2))^15+677405460430422880236237414400*((2)^(1/2))^14-1237373818802398544737322029056*((2)^(1/2))^13-16814994631255469109498031554560*((2)^(1/2))^12-7107931019654322939446188527616*((2)^(1/2))^11+150315136194702910792058088202240*((2)^(1/2))^10+151450855624293950096032681844736*((2)^(1/2))^9-614812141583073728625964020776960*((2)^(1/2))^8-542084767626821008036414047072256*((2)^(1/2))^7+1542000842184287384300455367639040*((2)^(1/2))^6+317115194039188370242694494593024*((2)^(1/2))^5-3272339522592606579349943859609600*((2)^(1/2))^4-1086122243546602603025170564136960*((2)^(1/2))^3-1468937645689910695638434107392000*((2)^(1/2)))*z^4+(-5044065274589610369759060131840*((2)^(1/2))^16-40535942752156505153336446877696*((2)^(1/2))^15+44523845948518927030757216681984*((2)^(1/2))^14+1047606960259285348984190973116416*((2)^(1/2))^13+938843684915575512415824315547648*((2)^(1/2))^12-10335858598306983980791545787711488*((2)^(1/2))^11-14449211797554560055301111037034496*((2)^(1/2))^10+53848483394676844847622225805443072*((2)^(1/2))^9+67009260719422406000508731975335936*((2)^(1/2))^8-199822975560524431035826265506578432*((2)^(1/2))^7-137033419224477747234784632486887424*((2)^(1/2))^6+549561863221336694786009845789884416*((2)^(1/2))^5+191157514864202058132430019288104960*((2)^(1/2))^4-620707215665268855391498523668643840*((2)^(1/2))^3+258533025641424282432364402900992000*((2)^(1/2))^2+611078060607002849385588588675072000*((2)^(1/2)))*z^3+(177551097665554285015518916640768*((2)^(1/2))^17+1573748365671958435364826761134080*((2)^(1/2))^16-1129760443973064622121707087331328*((2)^(1/2))^15-43198709775999720724136827101380608*((2)^(1/2))^14-50179292010194763261160602487619584*((2)^(1/2))^13+480409987581133257630408131138813952*((2)^(1/2))^12+783772086420603497472174436432740352*((2)^(1/2))^11-3091557363683363301810309845802287104*((2)^(1/2))^10-4662637900130992692009714793460006912*((2)^(1/2))^9+14435378252114103392706340679871627264*((2)^(1/2))^8+15301518016216282221906093505801879552*((2)^(1/2))^7-47201168682259298361267334395448000512*((2)^(1/2))^6-30752937606948362524761325294485241856*((2)^(1/2))^5+81933352467815488911677805124260986880*((2)^(1/2))^4+12174933924129291354398625928933539840*((2)^(1/2))^3-80662304000124376118897693705109504000*((2)^(1/2))^2-3384432335669554242750952183431168000*((2)^(1/2)))*z^2+(-3906124148642194270341416166096896*((2)^(1/2))^18-36930628314435291283227934661279744*((2)^(1/2))^17+23821484844101453281542255641886720*((2)^(1/2))^16+1111863685961046960878289093023236096*((2)^(1/2))^15+1320276275445205467885976264817770496*((2)^(1/2))^14-14529904157772776066145972828093022208*((2)^(1/2))^13-23269154209001711891688462738283036672*((2)^(1/2))^12+118714464482203295821670048436219543552*((2)^(1/2))^11+172843424357640082853809360271564603392*((2)^(1/2))^10-715972319911453368046563110551879155712*((2)^(1/2))^9-753042531444874186185238812647351123968*((2)^(1/2))^8+3102814862221454643265784141657042583552*((2)^(1/2))^7+1966096611857265533090227591231158878208*((2)^(1/2))^6-8766355248604175014508774485153930018816*((2)^(1/2))^5-2072434060606972460765194049778792529920*((2)^(1/2))^4+15534963629090111398798649821913719767040*((2)^(1/2))^3+297830045538920773362083792141942784000*((2)^(1/2))^2-12514878681231418355416854296065474560000*((2)^(1/2)))*z+42967365635064136973755577827065856*((2)^(1/2))^19+406236911458788204115507281274077184*((2)^(1/2))^18-486931158453791176162628649927835648*((2)^(1/2))^17-13825209305858486099217705419040358400*((2)^(1/2))^16-8717647134473224356788055803049279488*((2)^(1/2))^15+216447754723855097087459331687472693248*((2)^(1/2))^14+194211193731693641014377424144153182208*((2)^(1/2))^13-2187663096592993244185189213384405417984*((2)^(1/2))^12-1398188022554886738339276091220744470528*((2)^(1/2))^11+15953956379288710112767526259662457405440*((2)^(1/2))^10+3401411234963798794770887398012047327232*((2)^(1/2))^9-82144234985319341005224239802746216120320*((2)^(1/2))^8+17661089383446150427627044505645192577024*((2)^(1/2))^7+279970984020123176283047256866393407094784*((2)^(1/2))^6-172225343336293080230954740237405958176768*((2)^(1/2))^5-579430252650471040103016635488809003253760*((2)^(1/2))^4+529269726431632648005223813017908879032320*((2)^(1/2))^3+550654661974182407638341589026880880640000*((2)^(1/2))^2-597248517987382457515432031175309262848000*((2)^(1/2)))*y

---

In[2]:= ((191160136956477155401*((2)^(1/2))^11-4571958657630041138142*((2)^(1/2))^9+36455649079778761147612*((
2)^(1/2))^7-96913641330975965481480*((2)^(1/2))^5)*z^8+(-67288368208679958701152*((2)^(1/2))^12-15904523394778
8993293632*((2)^(1/2))^11+1609329447485774480625984*((2)^(1/2))^10+3803869603148194226934144*((2)^(1/2))^9-128
32388476082123923959424*((2)^(1/2))^8-30331100034375929274813184*((2)^(1/2))^7+34113601748503539849480960*((2)
^(1/2))^6+80632149587372003280591360*((2)^(1/2))^5)*z^7+(11842752804727672731402752*((2)^(1/2))^13+48985932055
919009934438656*((2)^(1/2))^12-249116362174443279333407744*((2)^(1/2))^11-1171591837769643821895716352*((2)^(1
/2))^10+1489339108351673777462233728*((2)^(1/2))^9+9341978810587786216642460672*((2)^(1/2))^8-6205095102086796
50026865408*((2)^(1/2))^7-24834702072910577010422138880*((2)^(1/2))^6-8334211349225820404624148992*((2)^(1/2))
^5-23836972046857565409017656320*((2)^(1/2))^3)*z^6+(-1302702808520044000454302720*((2)^(1/2))^14-738987775015
0067784395317248*((2)^(1/2))^13+22147454269398594221132974080*((2)^(1/2))^12+179531875502162606824541364224*((
2)^(1/2))^11-45376467349111990415033476096*((2)^(1/2))^10-1505344754398556599755709667328*((2)^(1/2))^9-760800
551096348516473239472128*((2)^(1/2))^8+4980054425975556816126075588608*((2)^(1/2))^7+2200231796195616586820775
333888*((2)^(1/2))^6-7009094737201306292274797125632*((2)^(1/2))^5+6292960620370397267980661268480*((2)^(1/2))
^4+14874270557239120815227017543680*((2)^(1/2))^3)*z^5+(97442170077299291233981843456*((2)^(1/2))^15+677405460
430422880236237414400*((2)^(1/2))^14-1237373818802398544737322029056*((2)^(1/2))^13-16814994631255469109498031
554560*((2)^(1/2))^12-7107931019654322939446188527616*((2)^(1/2))^11+150315136194702910792058088202240*((2)^(1
/2))^10+151450855624293950096032681844736*((2)^(1/2))^9-614812141583073728625964020776960*((2)^(1/2))^8-542084
767626821008036414047072256*((2)^(1/2))^7+1542000842184287384300455367639040*((2)^(1/2))^6+3171151940391883702
42694494593024*((2)^(1/2))^5-3272339522592606579349943859609600*((2)^(1/2))^4-10861222435466026030251705641369
60*((2)^(1/2))^3-1468937645689910695638434107392000*((2)^(1/2)))*z^4+(-5044065274589610369759060131840*((2)^(1
/2))^16-40535942752156505153336446877696*((2)^(1/2))^15+44523845948518927030757216681984*((2)^(1/2))^14+104760
6960259285348984190973116416*((2)^(1/2))^13+938843684915575512415824315547648*((2)^(1/2))^12-10335858598306983
980791545787711488*((2)^(1/2))^11-14449211797554560055301111037034496*((2)^(1/2))^10+5384848339467684484762222
5805443072*((2)^(1/2))^9+67009260719422406000508731975335936*((2)^(1/2))^8-19982297556052443103582626550657843
2*((2)^(1/2))^7-137033419224477747234784632486887424*((2)^(1/2))^6+549561863221336694786009845789884416*((2)^(
1/2))^5+191157514864202058132430019288104960*((2)^(1/2))^4-620707215665268855391498523668643840*((2)^(1/2))^3+
258533025641424282432364402900992000*((2)^(1/2))^2+611078060607002849385588588675072000*((2)^(1/2)))*z^3+(1775
51097665554285015518916640768*((2)^(1/2))^17+1573748365671958435364826761134080*((2)^(1/2))^16-112976044397306
4622121707087331328*((2)^(1/2))^15-43198709775999720724136827101380608*((2)^(1/2))^14-501792920101947632611606
02487619584*((2)^(1/2))^13+480409987581133257630408131138813952*((2)^(1/2))^12+7837720864206034974721744364327
40352*((2)^(1/2))^11-3091557363683363301810309845802287104*((2)^(1/2))^10-466263790013099269200971479346000691
2*((2)^(1/2))^9+14435378252114103392706340679871627264*((2)^(1/2))^8+15301518016216282221906093505801879552*((
2)^(1/2))^7-47201168682259298361267334395448000512*((2)^(1/2))^6-30752937606948362524761325294485241856*((2)^(
1/2))^5+81933352467815488911677805124260986880*((2)^(1/2))^4+12174933924129291354398625928933539840*((2)^(1/2)
)^3-80662304000124376118897693705109504000*((2)^(1/2))^2-3384432335669554242750952183431168000*((2)^(1/2)))*z^
2+(-3906124148642194270341416166096896*((2)^(1/2))^18-36930628314435291283227934661279744*((2)^(1/2))^17+23821
484844101453281542255641886720*((2)^(1/2))^16+1111863685961046960878289093023236096*((2)^(1/2))^15+13202762754
45205467885976264817770496*((2)^(1/2))^14-14529904157772776066145972828093022208*((2)^(1/2))^13-23269154209001
711891688462738283036672*((2)^(1/2))^12+118714464482203295821670048436219543552*((2)^(1/2))^11+172843424357640
082853809360271564603392*((2)^(1/2))^10-715972319911453368046563110551879155712*((2)^(1/2))^9-7530425314448741
86185238812647351123968*((2)^(1/2))^8+3102814862221454643265784141657042583552*((2)^(1/2))^7+19660966118572655
33090227591231158878208*((2)^(1/2))^6-8766355248604175014508774485153930018816*((2)^(1/2))^5-20724340606069724
60765194049778792529920*((2)^(1/2))^4+15534963629090111398798649821913719767040*((2)^(1/2))^3+2978300455389207
73362083792141942784000*((2)^(1/2))^2-12514878681231418355416854296065474560000*((2)^(1/2)))*z+429673656350641
36973755577827065856*((2)^(1/2))^19+406236911458788204115507281274077184*((2)^(1/2))^18-4869311584537911761626
28649927835648*((2)^(1/2))^17-13825209305858486099217705419040358400*((2)^(1/2))^16-87176471344732243567880558
03049279488*((2)^(1/2))^15+216447754723855097087459331687472693248*((2)^(1/2))^14+1942111937316936410143774241
44153182208*((2)^(1/2))^13-2187663096592993244185189213384405417984*((2)^(1/2))^12-139818802255488673833927609
1220744470528*((2)^(1/2))^11+15953956379288710112767526259662457405440*((2)^(1/2))^10+340141123496379879477088
7398012047327232*((2)^(1/2))^9-82144234985319341005224239802746216120320*((2)^(1/2))^8+17661089383446150427627
044505645192577024*((2)^(1/2))^7+279970984020123176283047256866393407094784*((2)^(1/2))^6-17222534333629308023
0954740237405958176768*((2)^(1/2))^5-579430252650471040103016635488809003253760*((2)^(1/2))^4+5292697264316326
48005223813017908879032320*((2)^(1/2))^3+550654661974182407638341589026880880640000*((2)^(1/2))^2-597248517987
382457515432031175309262848000*((2)^(1/2)))*y                                                                 

Out[2]= y (103938644018664344572417786435064737824768 - 65430157883799071314025432670923435016192 Sqrt[2] + 
 
>      (200873678271433548138294000364277465088 - 141597329991945983989375286832722345984 Sqrt[2]) z + 
 
                                                                                                   2
>      (-53544647255626569260741304089728516096 - 32466301366589370234177992410328465408 Sqrt[2]) z  + 
 
                                                                                              3
>      (859695918338559708954567342016167936 + 562013781630940729312008105204121600 Sqrt[2]) z  + 
 
                                                                                           4
>      (-6769713017460069650003333637734400 - 4580358926914624815120303691137024 Sqrt[2]) z  + 
 
                                                                                      5
>      (30399532192084306207730304548864 + 22739149343160164474456119967744 Sqrt[2]) z  + 
 
                                                                                 6
>      (-83561794770929822281956589568 - 69359227248740683081210363904 Sqrt[2]) z  + 
 
                                                                            7
>      (114782685124903602035654656 + 135652264238522438769410048 Sqrt[2]) z  - 
 
                                         8
>      163043586825147161982464 Sqrt[2] z )

---

Since the normal form of F_31_2 w.r.t. F_31_1 is not equal to zero, 
the root of F_31_1 is not included in the root of F_31_2.
Thus, this partition contains real root(s).

