[flopsy5:preprocessing-steps/cgs/G-segments] terui% fep asir
This is Risa/Asir, full GMP Version 20210326 (Kobe Distribution).
Copyright (C) 1994-2000, all rights reserved, FUJITSU LABORATORIES LIMITED.
Copyright 2000-2021, Risa/Asir committers, http://www.openxm.org/.
GC 7.6.12 copyright 1988-2018, H-J. Boehm, A. J. Demers, Xerox, SGI, HP, I. Maidanski.
Debug windows of ox servers will not be opened. Set Xm_noX=0 to open it.
OpenXM/Risa/Asir-Contrib $Revision: 1.157 $ (20200320), Copyright 2000-2019, OpenXM.org committers
helph(); [html help], ox_help(0); ox_help("keyword"); ox_grep("keyword");
     for help messages (unix version only).
http://www.math.kobe-u.ac.jp/OpenXM/Current/doc/index-doc.html
[1938] load("F-32-1.rr")$
[1940] F_32_1;
[0]

---

The affine variety of F_32_1 is equal to C^3

---

[1941] load("F-32-2.rr")$
[1943] F_32_2[0];
289*((2)^(1/2))*y*x^10+(1445*((2)^(1/2))*y^3+(1156*((2)^(1/2))*z^2+(-101728*((2)^(1/2))^2-240448*((2)^(1/2)))*z+2268992*((2)^(1/2))^3+10579712*((2)^(1/2))^2-5585792*((2)^(1/2)))*y)*x^8+(2890*((2)^(1/2))*y^5+(4624*((2)^(1/2))*z^2+(-406912*((2)^(1/2))^2-961792*((2)^(1/2)))*z+9075968*((2)^(1/2))^3+42318848*((2)^(1/2))^2-22343168*((2)^(1/2)))*y^3+(1734*((2)^(1/2))*z^4+(-305184*((2)^(1/2))^2-721344*((2)^(1/2)))*z^3+(22442112*((2)^(1/2))^3+95217408*((2)^(1/2))^2+58262400*((2)^(1/2)))*z^2+(-793233408*((2)^(1/2))^4-4667959296*((2)^(1/2))^3-5127091200*((2)^(1/2))^2+3485534208*((2)^(1/2)))*z+8665597952*((2)^(1/2))^5+82496274432*((2)^(1/2))^4+172692934656*((2)^(1/2))^3-153363505152*((2)^(1/2))^2-104755425280*((2)^(1/2)))*y)*x^6+(2890*((2)^(1/2))*y^7+(6936*((2)^(1/2))*z^2+(-610368*((2)^(1/2))^2-1442688*((2)^(1/2)))*z+13613952*((2)^(1/2))^3+63478272*((2)^(1/2))^2-33514752*((2)^(1/2)))*y^5+(5202*((2)^(1/2))*z^4+(-915552*((2)^(1/2))^2-2164032*((2)^(1/2)))*z^3+(67326336*((2)^(1/2))^3+285652224*((2)^(1/2))^2+174787200*((2)^(1/2)))*z^2+(-2379700224*((2)^(1/2))^4-14003877888*((2)^(1/2))^3-15381273600*((2)^(1/2))^2+10456602624*((2)^(1/2)))*z+25996793856*((2)^(1/2))^5+247488823296*((2)^(1/2))^4+518078803968*((2)^(1/2))^3-460090515456*((2)^(1/2))^2-314266275840*((2)^(1/2)))*y^3+(1156*((2)^(1/2))*z^6+(-305184*((2)^(1/2))^2-721344*((2)^(1/2)))*z^5+(38077248*((2)^(1/2))^3+158695680*((2)^(1/2))^2+133282176*((2)^(1/2)))*z^4+(-2762687488*((2)^(1/2))^4-15840135168*((2)^(1/2))^3-23457662976*((2)^(1/2))^2-3431673856*((2)^(1/2)))*z^3+(121798127616*((2)^(1/2))^5+861958496256*((2)^(1/2))^4+1770651598848*((2)^(1/2))^3+452980948992*((2)^(1/2))^2-934501965824*((2)^(1/2)))*z^2+(-3071399755776*((2)^(1/2))^6-25334010544128*((2)^(1/2))^5-64989269655552*((2)^(1/2))^4-25641728606208*((2)^(1/2))^3+82236172992512*((2)^(1/2))^2+43578256916480*((2)^(1/2)))*z+34017599356928*((2)^(1/2))^7+319425574600704*((2)^(1/2))^6+1046169994788864*((2)^(1/2))^5+543588647174144*((2)^(1/2))^4-3121129563881472*((2)^(1/2))^3-1917443304325120*((2)^(1/2))^2+1157015401398272*((2)^(1/2)))*y)*x^4+(1445*((2)^(1/2))*y^9+(4624*((2)^(1/2))*z^2+(-406912*((2)^(1/2))^2-961792*((2)^(1/2)))*z+9075968*((2)^(1/2))^3+42318848*((2)^(1/2))^2-22343168*((2)^(1/2)))*y^7+(5202*((2)^(1/2))*z^4+(-915552*((2)^(1/2))^2-2164032*((2)^(1/2)))*z^3+(67326336*((2)^(1/2))^3+285652224*((2)^(1/2))^2+174787200*((2)^(1/2)))*z^2+(-2379700224*((2)^(1/2))^4-14003877888*((2)^(1/2))^3-15381273600*((2)^(1/2))^2+10456602624*((2)^(1/2)))*z+25996793856*((2)^(1/2))^5+247488823296*((2)^(1/2))^4+518078803968*((2)^(1/2))^3-460090515456*((2)^(1/2))^2-314266275840*((2)^(1/2)))*y^5+(2312*((2)^(1/2))*z^6+(-610368*((2)^(1/2))^2-1442688*((2)^(1/2)))*z^5+(76154496*((2)^(1/2))^3+317391360*((2)^(1/2))^2+266564352*((2)^(1/2)))*z^4+(-5525374976*((2)^(1/2))^4-31680270336*((2)^(1/2))^3-46915325952*((2)^(1/2))^2-6863347712*((2)^(1/2)))*z^3+(243596255232*((2)^(1/2))^5+1723916992512*((2)^(1/2))^4+3541303197696*((2)^(1/2))^3+905961897984*((2)^(1/2))^2-1869003931648*((2)^(1/2)))*z^2+(-6142799511552*((2)^(1/2))^6-50668021088256*((2)^(1/2))^5-129978539311104*((2)^(1/2))^4-51283457212416*((2)^(1/2))^3+164472345985024*((2)^(1/2))^2+87156513832960*((2)^(1/2)))*z+68035198713856*((2)^(1/2))^7+638851149201408*((2)^(1/2))^6+2092339989577728*((2)^(1/2))^5+1087177294348288*((2)^(1/2))^4-6242259127762944*((2)^(1/2))^3-3834886608650240*((2)^(1/2))^2+2314030802796544*((2)^(1/2)))*y^3+(289*((2)^(1/2))*z^8+(-101728*((2)^(1/2))^2-240448*((2)^(1/2)))*z^7+(17904128*((2)^(1/2))^3+74057984*((2)^(1/2))^2+69433984*((2)^(1/2)))*z^6+(-1969454080*((2)^(1/2))^4-11172175872*((2)^(1/2))^3-18330571776*((2)^(1/2))^2-6917208064*((2)^(1/2)))*z^5+(147315165184*((2)^(1/2))^5+1024116121600*((2)^(1/2))^4+2274397188096*((2)^(1/2))^3+1521785774080*((2)^(1/2))^2-288803942400*((2)^(1/2)))*z^4+(-7625726197760*((2)^(1/2))^6-61283108716544*((2)^(1/2))^5-163707325382656*((2)^(1/2))^4-140560868704256*((2)^(1/2))^3+50829493862400*((2)^(1/2))^2+93844307574784*((2)^(1/2)))*z^3+(268425562161152*((2)^(1/2))^7+2379226573701120*((2)^(1/2))^6+7119377978228736*((2)^(1/2))^5+6769325634486272*((2)^(1/2))^4-5163942400753664*((2)^(1/2))^3-12387448599871488*((2)^(1/2))^2-3375123317915648*((2)^(1/2)))*z^2+(-5905362367545344*((2)^(1/2))^8-55832516929519616*((2)^(1/2))^7-175843145539387392*((2)^(1/2))^6-155154411715297280*((2)^(1/2))^5+257615131031109632*((2)^(1/2))^4+629415243784650752*((2)^(1/2))^3+297010851976577024*((2)^(1/2))^2-240659203490840576*((2)^(1/2)))*z+64958986042998784*((2)^(1/2))^9+614157686224715776*((2)^(1/2))^8+1853210081160593408*((2)^(1/2))^7+1131877388662079488*((2)^(1/2))^6-4977701371861008384*((2)^(1/2))^5-11706203733623832576*((2)^(1/2))^4-4294256926377639936*((2)^(1/2))^3+10589004953596985344*((2)^(1/2))^2+13746208271914500096*((2)^(1/2)))*y)*x^2+289*((2)^(1/2))*y^11+(1156*((2)^(1/2))*z^2+(-101728*((2)^(1/2))^2-240448*((2)^(1/2)))*z+2268992*((2)^(1/2))^3+10579712*((2)^(1/2))^2-5585792*((2)^(1/2)))*y^9+(1734*((2)^(1/2))*z^4+(-305184*((2)^(1/2))^2-721344*((2)^(1/2)))*z^3+(22442112*((2)^(1/2))^3+95217408*((2)^(1/2))^2+58262400*((2)^(1/2)))*z^2+(-793233408*((2)^(1/2))^4-4667959296*((2)^(1/2))^3-5127091200*((2)^(1/2))^2+3485534208*((2)^(1/2)))*z+8665597952*((2)^(1/2))^5+82496274432*((2)^(1/2))^4+172692934656*((2)^(1/2))^3-153363505152*((2)^(1/2))^2-104755425280*((2)^(1/2)))*y^7+(1156*((2)^(1/2))*z^6+(-305184*((2)^(1/2))^2-721344*((2)^(1/2)))*z^5+(38077248*((2)^(1/2))^3+158695680*((2)^(1/2))^2+133282176*((2)^(1/2)))*z^4+(-2762687488*((2)^(1/2))^4-15840135168*((2)^(1/2))^3-23457662976*((2)^(1/2))^2-3431673856*((2)^(1/2)))*z^3+(121798127616*((2)^(1/2))^5+861958496256*((2)^(1/2))^4+1770651598848*((2)^(1/2))^3+452980948992*((2)^(1/2))^2-934501965824*((2)^(1/2)))*z^2+(-3071399755776*((2)^(1/2))^6-25334010544128*((2)^(1/2))^5-64989269655552*((2)^(1/2))^4-25641728606208*((2)^(1/2))^3+82236172992512*((2)^(1/2))^2+43578256916480*((2)^(1/2)))*z+34017599356928*((2)^(1/2))^7+319425574600704*((2)^(1/2))^6+1046169994788864*((2)^(1/2))^5+543588647174144*((2)^(1/2))^4-3121129563881472*((2)^(1/2))^3-1917443304325120*((2)^(1/2))^2+1157015401398272*((2)^(1/2)))*y^5+(289*((2)^(1/2))*z^8+(-101728*((2)^(1/2))^2-240448*((2)^(1/2)))*z^7+(17904128*((2)^(1/2))^3+74057984*((2)^(1/2))^2+69433984*((2)^(1/2)))*z^6+(-1969454080*((2)^(1/2))^4-11172175872*((2)^(1/2))^3-18330571776*((2)^(1/2))^2-6917208064*((2)^(1/2)))*z^5+(147315165184*((2)^(1/2))^5+1024116121600*((2)^(1/2))^4+2274397188096*((2)^(1/2))^3+1521785774080*((2)^(1/2))^2-288803942400*((2)^(1/2)))*z^4+(-7625726197760*((2)^(1/2))^6-61283108716544*((2)^(1/2))^5-163707325382656*((2)^(1/2))^4-140560868704256*((2)^(1/2))^3+50829493862400*((2)^(1/2))^2+93844307574784*((2)^(1/2)))*z^3+(268425562161152*((2)^(1/2))^7+2379226573701120*((2)^(1/2))^6+7119377978228736*((2)^(1/2))^5+6769325634486272*((2)^(1/2))^4-5163942400753664*((2)^(1/2))^3-12387448599871488*((2)^(1/2))^2-3375123317915648*((2)^(1/2)))*z^2+(-5905362367545344*((2)^(1/2))^8-55832516929519616*((2)^(1/2))^7-175843145539387392*((2)^(1/2))^6-155154411715297280*((2)^(1/2))^5+257615131031109632*((2)^(1/2))^4+629415243784650752*((2)^(1/2))^3+297010851976577024*((2)^(1/2))^2-240659203490840576*((2)^(1/2)))*z+64958986042998784*((2)^(1/2))^9+614157686224715776*((2)^(1/2))^8+1853210081160593408*((2)^(1/2))^7+1131877388662079488*((2)^(1/2))^6-4977701371861008384*((2)^(1/2))^5-11706203733623832576*((2)^(1/2))^4-4294256926377639936*((2)^(1/2))^3+10589004953596985344*((2)^(1/2))^2+13746208271914500096*((2)^(1/2)))*y^3

---

[flopsy5:~/Documents/project/ev3-cgs-qe-ik] terui% /Applications/Mathematica.app/Contents/MacOS/wolframscript
Wolfram Language 12.0.0 Engine for Mac OS X x86 (64-bit)
Copyright 1988-2019 Wolfram Research, Inc.

In[1]:= f = 289*((2)^(1/2))*y*x^10+(1445*((2)^(1/2))*y^3+(1156*((2)^(1/2))*z^2+(-101728*((2)^(1/2))^2-240448*(
(2)^(1/2)))*z+2268992*((2)^(1/2))^3+10579712*((2)^(1/2))^2-5585792*((2)^(1/2)))*y)*x^8+(2890*((2)^(1/2))*y^5+(
4624*((2)^(1/2))*z^2+(-406912*((2)^(1/2))^2-961792*((2)^(1/2)))*z+9075968*((2)^(1/2))^3+42318848*((2)^(1/2))^2
-22343168*((2)^(1/2)))*y^3+(1734*((2)^(1/2))*z^4+(-305184*((2)^(1/2))^2-721344*((2)^(1/2)))*z^3+(22442112*((2)
^(1/2))^3+95217408*((2)^(1/2))^2+58262400*((2)^(1/2)))*z^2+(-793233408*((2)^(1/2))^4-4667959296*((2)^(1/2))^3-
5127091200*((2)^(1/2))^2+3485534208*((2)^(1/2)))*z+8665597952*((2)^(1/2))^5+82496274432*((2)^(1/2))^4+17269293
4656*((2)^(1/2))^3-153363505152*((2)^(1/2))^2-104755425280*((2)^(1/2)))*y)*x^6+(2890*((2)^(1/2))*y^7+(6936*((2
)^(1/2))*z^2+(-610368*((2)^(1/2))^2-1442688*((2)^(1/2)))*z+13613952*((2)^(1/2))^3+63478272*((2)^(1/2))^2-33514
752*((2)^(1/2)))*y^5+(5202*((2)^(1/2))*z^4+(-915552*((2)^(1/2))^2-2164032*((2)^(1/2)))*z^3+(67326336*((2)^(1/2
))^3+285652224*((2)^(1/2))^2+174787200*((2)^(1/2)))*z^2+(-2379700224*((2)^(1/2))^4-14003877888*((2)^(1/2))^3-1
5381273600*((2)^(1/2))^2+10456602624*((2)^(1/2)))*z+25996793856*((2)^(1/2))^5+247488823296*((2)^(1/2))^4+51807
8803968*((2)^(1/2))^3-460090515456*((2)^(1/2))^2-314266275840*((2)^(1/2)))*y^3+(1156*((2)^(1/2))*z^6+(-305184*
((2)^(1/2))^2-721344*((2)^(1/2)))*z^5+(38077248*((2)^(1/2))^3+158695680*((2)^(1/2))^2+133282176*((2)^(1/2)))*z
^4+(-2762687488*((2)^(1/2))^4-15840135168*((2)^(1/2))^3-23457662976*((2)^(1/2))^2-3431673856*((2)^(1/2)))*z^3+
(121798127616*((2)^(1/2))^5+861958496256*((2)^(1/2))^4+1770651598848*((2)^(1/2))^3+452980948992*((2)^(1/2))^2-
934501965824*((2)^(1/2)))*z^2+(-3071399755776*((2)^(1/2))^6-25334010544128*((2)^(1/2))^5-64989269655552*((2)^(
1/2))^4-25641728606208*((2)^(1/2))^3+82236172992512*((2)^(1/2))^2+43578256916480*((2)^(1/2)))*z+34017599356928
*((2)^(1/2))^7+319425574600704*((2)^(1/2))^6+1046169994788864*((2)^(1/2))^5+543588647174144*((2)^(1/2))^4-3121
129563881472*((2)^(1/2))^3-1917443304325120*((2)^(1/2))^2+1157015401398272*((2)^(1/2)))*y)*x^4+(1445*((2)^(1/2
))*y^9+(4624*((2)^(1/2))*z^2+(-406912*((2)^(1/2))^2-961792*((2)^(1/2)))*z+9075968*((2)^(1/2))^3+42318848*((2)^
(1/2))^2-22343168*((2)^(1/2)))*y^7+(5202*((2)^(1/2))*z^4+(-915552*((2)^(1/2))^2-2164032*((2)^(1/2)))*z^3+(6732
6336*((2)^(1/2))^3+285652224*((2)^(1/2))^2+174787200*((2)^(1/2)))*z^2+(-2379700224*((2)^(1/2))^4-14003877888*(
(2)^(1/2))^3-15381273600*((2)^(1/2))^2+10456602624*((2)^(1/2)))*z+25996793856*((2)^(1/2))^5+247488823296*((2)^
(1/2))^4+518078803968*((2)^(1/2))^3-460090515456*((2)^(1/2))^2-314266275840*((2)^(1/2)))*y^5+(2312*((2)^(1/2))
*z^6+(-610368*((2)^(1/2))^2-1442688*((2)^(1/2)))*z^5+(76154496*((2)^(1/2))^3+317391360*((2)^(1/2))^2+266564352
*((2)^(1/2)))*z^4+(-5525374976*((2)^(1/2))^4-31680270336*((2)^(1/2))^3-46915325952*((2)^(1/2))^2-6863347712*((
2)^(1/2)))*z^3+(243596255232*((2)^(1/2))^5+1723916992512*((2)^(1/2))^4+3541303197696*((2)^(1/2))^3+90596189798
4*((2)^(1/2))^2-1869003931648*((2)^(1/2)))*z^2+(-6142799511552*((2)^(1/2))^6-50668021088256*((2)^(1/2))^5-1299
78539311104*((2)^(1/2))^4-51283457212416*((2)^(1/2))^3+164472345985024*((2)^(1/2))^2+87156513832960*((2)^(1/2)
))*z+68035198713856*((2)^(1/2))^7+638851149201408*((2)^(1/2))^6+2092339989577728*((2)^(1/2))^5+108717729434828
8*((2)^(1/2))^4-6242259127762944*((2)^(1/2))^3-3834886608650240*((2)^(1/2))^2+2314030802796544*((2)^(1/2)))*y^
3+(289*((2)^(1/2))*z^8+(-101728*((2)^(1/2))^2-240448*((2)^(1/2)))*z^7+(17904128*((2)^(1/2))^3+74057984*((2)^(1
/2))^2+69433984*((2)^(1/2)))*z^6+(-1969454080*((2)^(1/2))^4-11172175872*((2)^(1/2))^3-18330571776*((2)^(1/2))^
2-6917208064*((2)^(1/2)))*z^5+(147315165184*((2)^(1/2))^5+1024116121600*((2)^(1/2))^4+2274397188096*((2)^(1/2)
)^3+1521785774080*((2)^(1/2))^2-288803942400*((2)^(1/2)))*z^4+(-7625726197760*((2)^(1/2))^6-61283108716544*((2
)^(1/2))^5-163707325382656*((2)^(1/2))^4-140560868704256*((2)^(1/2))^3+50829493862400*((2)^(1/2))^2+9384430757
4784*((2)^(1/2)))*z^3+(268425562161152*((2)^(1/2))^7+2379226573701120*((2)^(1/2))^6+7119377978228736*((2)^(1/2
))^5+6769325634486272*((2)^(1/2))^4-5163942400753664*((2)^(1/2))^3-12387448599871488*((2)^(1/2))^2-33751233179
15648*((2)^(1/2)))*z^2+(-5905362367545344*((2)^(1/2))^8-55832516929519616*((2)^(1/2))^7-175843145539387392*((2
)^(1/2))^6-155154411715297280*((2)^(1/2))^5+257615131031109632*((2)^(1/2))^4+629415243784650752*((2)^(1/2))^3+
297010851976577024*((2)^(1/2))^2-240659203490840576*((2)^(1/2)))*z+64958986042998784*((2)^(1/2))^9+61415768622
4715776*((2)^(1/2))^8+1853210081160593408*((2)^(1/2))^7+1131877388662079488*((2)^(1/2))^6-4977701371861008384*
((2)^(1/2))^5-11706203733623832576*((2)^(1/2))^4-4294256926377639936*((2)^(1/2))^3+10589004953596985344*((2)^(
1/2))^2+13746208271914500096*((2)^(1/2)))*y)*x^2+289*((2)^(1/2))*y^11+(1156*((2)^(1/2))*z^2+(-101728*((2)^(1/2
))^2-240448*((2)^(1/2)))*z+2268992*((2)^(1/2))^3+10579712*((2)^(1/2))^2-5585792*((2)^(1/2)))*y^9+(1734*((2)^(1
/2))*z^4+(-305184*((2)^(1/2))^2-721344*((2)^(1/2)))*z^3+(22442112*((2)^(1/2))^3+95217408*((2)^(1/2))^2+5826240
0*((2)^(1/2)))*z^2+(-793233408*((2)^(1/2))^4-4667959296*((2)^(1/2))^3-5127091200*((2)^(1/2))^2+3485534208*((2)
^(1/2)))*z+8665597952*((2)^(1/2))^5+82496274432*((2)^(1/2))^4+172692934656*((2)^(1/2))^3-153363505152*((2)^(1/
2))^2-104755425280*((2)^(1/2)))*y^7+(1156*((2)^(1/2))*z^6+(-305184*((2)^(1/2))^2-721344*((2)^(1/2)))*z^5+(3807
7248*((2)^(1/2))^3+158695680*((2)^(1/2))^2+133282176*((2)^(1/2)))*z^4+(-2762687488*((2)^(1/2))^4-15840135168*(
(2)^(1/2))^3-23457662976*((2)^(1/2))^2-3431673856*((2)^(1/2)))*z^3+(121798127616*((2)^(1/2))^5+861958496256*((
2)^(1/2))^4+1770651598848*((2)^(1/2))^3+452980948992*((2)^(1/2))^2-934501965824*((2)^(1/2)))*z^2+(-30713997557
76*((2)^(1/2))^6-25334010544128*((2)^(1/2))^5-64989269655552*((2)^(1/2))^4-25641728606208*((2)^(1/2))^3+822361
72992512*((2)^(1/2))^2+43578256916480*((2)^(1/2)))*z+34017599356928*((2)^(1/2))^7+319425574600704*((2)^(1/2))^
6+1046169994788864*((2)^(1/2))^5+543588647174144*((2)^(1/2))^4-3121129563881472*((2)^(1/2))^3-1917443304325120
*((2)^(1/2))^2+1157015401398272*((2)^(1/2)))*y^5+(289*((2)^(1/2))*z^8+(-101728*((2)^(1/2))^2-240448*((2)^(1/2)
))*z^7+(17904128*((2)^(1/2))^3+74057984*((2)^(1/2))^2+69433984*((2)^(1/2)))*z^6+(-1969454080*((2)^(1/2))^4-111
72175872*((2)^(1/2))^3-18330571776*((2)^(1/2))^2-6917208064*((2)^(1/2)))*z^5+(147315165184*((2)^(1/2))^5+10241
16121600*((2)^(1/2))^4+2274397188096*((2)^(1/2))^3+1521785774080*((2)^(1/2))^2-288803942400*((2)^(1/2)))*z^4+(
-7625726197760*((2)^(1/2))^6-61283108716544*((2)^(1/2))^5-163707325382656*((2)^(1/2))^4-140560868704256*((2)^(
1/2))^3+50829493862400*((2)^(1/2))^2+93844307574784*((2)^(1/2)))*z^3+(268425562161152*((2)^(1/2))^7+2379226573
701120*((2)^(1/2))^6+7119377978228736*((2)^(1/2))^5+6769325634486272*((2)^(1/2))^4-5163942400753664*((2)^(1/2)
)^3-12387448599871488*((2)^(1/2))^2-3375123317915648*((2)^(1/2)))*z^2+(-5905362367545344*((2)^(1/2))^8-5583251
6929519616*((2)^(1/2))^7-175843145539387392*((2)^(1/2))^6-155154411715297280*((2)^(1/2))^5+257615131031109632*
((2)^(1/2))^4+629415243784650752*((2)^(1/2))^3+297010851976577024*((2)^(1/2))^2-240659203490840576*((2)^(1/2))
)*z+64958986042998784*((2)^(1/2))^9+614157686224715776*((2)^(1/2))^8+1853210081160593408*((2)^(1/2))^7+1131877
388662079488*((2)^(1/2))^6-4977701371861008384*((2)^(1/2))^5-11706203733623832576*((2)^(1/2))^4-42942569263776
39936*((2)^(1/2))^3+10589004953596985344*((2)^(1/2))^2+13746208271914500096*((2)^(1/2)))*y^3                  

                     10                  11
Out[1]= 289 Sqrt[2] x   y + 289 Sqrt[2] y   + 
 
      9                                                                            2
>    y  (21159424 - 1047808 Sqrt[2] + (-203456 - 240448 Sqrt[2]) z + 1156 Sqrt[2] z ) + 
 
      7
>    y  (23258087424 + 275292835840 Sqrt[2] + (-13427116032 - 5850384384 Sqrt[2]) z + 
 
                                         2                               3                 4
>       (190434816 + 103146624 Sqrt[2]) z  + (-610368 - 721344 Sqrt[2]) z  + 1734 Sqrt[2] z ) + 
 
      5
>    y  (894872576851968 - 628422952353792 Sqrt[2] + (-120055930683392 - 109041242472448 Sqrt[2]) z + 
 
                                                 2                                         3
>       (4353795883008 + 3093993742336 Sqrt[2]) z  + (-57966075904 - 35111944192 Sqrt[2]) z  + 
 
                                         4                               5                 6
>       (317391360 + 209436672 Sqrt[2]) z  + (-610368 - 721344 Sqrt[2]) z  + 1156 Sqrt[2] z ) + 
 
      3
>    y  (-6765262938409271296 + 1111913357687914496 Sqrt[2] + 
 
>       (123251265881767936 - 49106498218885120 Sqrt[2]) z + 
 
                                                         2
>       (21336217927811072 + 16921908290781184 Sqrt[2]) z  + 
 
                                                      3                                            4
>       (-614176123387904 - 432409864699904 Sqrt[2]) z  + (7140036034560 + 4849251094528 Sqrt[2]) z  + 
 
                                              5                                    6
>       (-44538959872 - 29261559808 Sqrt[2]) z  + (148115968 + 105242240 Sqrt[2]) z  + 
 
                                    7                8
>       (-203456 - 240448 Sqrt[2]) z  + 289 Sqrt[2] z ) + 
 
      8                3                                                                                2
>    x  (1445 Sqrt[2] y  + y (21159424 - 1047808 Sqrt[2] + (-203456 - 240448 Sqrt[2]) z + 1156 Sqrt[2] z )) + 
 
      6                5    3                                                                            2
>    x  (2890 Sqrt[2] y  + y  (84637696 - 4191232 Sqrt[2] + (-813824 - 961792 Sqrt[2]) z + 4624 Sqrt[2] z ) + 
 
>       y (23258087424 + 275292835840 Sqrt[2] + (-13427116032 - 5850384384 Sqrt[2]) z + 
 
                                            2                               3                 4
>          (190434816 + 103146624 Sqrt[2]) z  + (-610368 - 721344 Sqrt[2]) z  + 1734 Sqrt[2] z )) + 
 
      4                7    5
>    x  (2890 Sqrt[2] y  + y  (126956544 - 6286848 Sqrt[2] + (-1220736 - 1442688 Sqrt[2]) z + 
 
                         2     3
>          6936 Sqrt[2] z ) + y  (69774262272 + 825878507520 Sqrt[2] + 
 
                                                                                     2
>          (-40281348096 - 17551153152 Sqrt[2]) z + (571304448 + 309439872 Sqrt[2]) z  + 
 
                                         3                 4
>          (-1831104 - 2164032 Sqrt[2]) z  + 5202 Sqrt[2] z ) + 
 
>       y (894872576851968 - 628422952353792 Sqrt[2] + (-120055930683392 - 109041242472448 Sqrt[2]) z + 
 
                                                    2                                         3
>          (4353795883008 + 3093993742336 Sqrt[2]) z  + (-57966075904 - 35111944192 Sqrt[2]) z  + 
 
                                            4                               5                 6
>          (317391360 + 209436672 Sqrt[2]) z  + (-610368 - 721344 Sqrt[2]) z  + 1156 Sqrt[2] z )) + 
 
      2                9    7                                                                            2
>    x  (1445 Sqrt[2] y  + y  (84637696 - 4191232 Sqrt[2] + (-813824 - 961792 Sqrt[2]) z + 4624 Sqrt[2] z ) + 
 
         5
>       y  (69774262272 + 825878507520 Sqrt[2] + (-40281348096 - 17551153152 Sqrt[2]) z + 
 
                                            2                                 3                 4
>          (571304448 + 309439872 Sqrt[2]) z  + (-1831104 - 2164032 Sqrt[2]) z  + 5202 Sqrt[2] z ) + 
 
         3
>       y  (1789745153703936 - 1256845904707584 Sqrt[2] + (-240111861366784 - 218082484944896 Sqrt[2]) z + 
 
                                                    2                                          3
>          (8707591766016 + 6187987484672 Sqrt[2]) z  + (-115932151808 - 70223888384 Sqrt[2]) z  + 
 
                                            4                                 5                 6
>          (634782720 + 418873344 Sqrt[2]) z  + (-1220736 - 1442688 Sqrt[2]) z  + 2312 Sqrt[2] z ) + 
 
>       y (-6765262938409271296 + 1111913357687914496 Sqrt[2] + 
 
>          (123251265881767936 - 49106498218885120 Sqrt[2]) z + 
 
                                                            2
>          (21336217927811072 + 16921908290781184 Sqrt[2]) z  + 
 
                                                         3                                            4
>          (-614176123387904 - 432409864699904 Sqrt[2]) z  + (7140036034560 + 4849251094528 Sqrt[2]) z  + 
 
                                                 5                                    6
>          (-44538959872 - 29261559808 Sqrt[2]) z  + (148115968 + 105242240 Sqrt[2]) z  + 
 
                                       7                8
>          (-203456 - 240448 Sqrt[2]) z  + 289 Sqrt[2] z ))

In[2]:= Reduce[Exists[{x,y,z}, f != 0], Reals]                                                                

Out[2]= True

---

We see that there exists (x,y,z) in R^3 not belongs to the affine variety of F-32-2.
Thus, this partition contains real point(s).